Log file open, 12/04/17 12:19:42
LogWindows: Failed to load 'aqProf.dll' (GetLastError=126)
LogWindows: File 'aqProf.dll' does not exist
LogWindows: Failed to load 'VSPerf140.dll' (GetLastError=126)
LogWindows: File 'VSPerf140.dll' does not exist
LogWindows: Failed to load 'VtuneApi.dll' (GetLastError=126)
LogWindows: File 'VtuneApi.dll' does not exist
LogWindows: Failed to load 'VtuneApi32e.dll' (GetLastError=126)
LogWindows: File 'VtuneApi32e.dll' does not exist
LogInit: Display: Running engine for game: LeapMotionSandbox
LogPlatformFile: Not using cached read wrapper
LogInit: Display: RandInit(-980590031) SRandInit(-980590030).
LogInit: Read version file with build ID '3709383'
LogInit: Overriding engine version to CL 3754814, compatible CL 3709383
LogInit: Registered custom module enumerator with build ID '3709383'
LogTaskGraph: Started task graph with 5 named threads and 14 total threads with 3 sets of task threads.
LogStats: Stats thread started at 0.197673
LogD3D11RHI: Aftermath initialized
LogModuleManager: Display: Found up-to-date module file ../../../Engine/Plugins/Runtime/LeapMotion/Binaries/Win64/UE4Editor-LeapMotion.dll (API version 3709383).
LogModuleManager: Display: Found up-to-date module file ../../../Engine/Plugins/2D/Paper2D/Binaries/Win64/UE4Editor-Paper2D.dll (API version 3709383).
LogModuleManager: Display: Found up-to-date module file ../../../Engine/Plugins/2D/Paper2D/Binaries/Win64/UE4Editor-Paper2DEditor.dll (API version 3709383).
LogModuleManager: Display: Found up-to-date module file ../../../Engine/Plugins/2D/Paper2D/Binaries/Win64/UE4Editor-PaperSpriteSheetImporter.dll (API version 3709383).
LogModuleManager: Display: Found up-to-date module file ../../../Engine/Plugins/2D/Paper2D/Binaries/Win64/UE4Editor-PaperTiledImporter.dll (API version 3709383).
LogModuleManager: Display: Found up-to-date module file ../../../Engine/Plugins/2D/Paper2D/Binaries/Win64/UE4Editor-SmartSnapping.dll (API version 3709383).
LogModuleManager: Display: Found up-to-date module file ../../../Engine/Plugins/Blendables/LightPropagationVolume/Binaries/Win64/UE4Editor-LightPropagationVolumeRuntime.dll (API version 3709383).
LogModuleManager: Display: Found up-to-date module file ../../../Engine/Plugins/Blendables/LightPropagationVolume/Binaries/Win64/UE4Editor-LightPropagationVolumeEditor.dll (API version 3709383).
LogModuleManager: Display: Found up-to-date module file ../../../Engine/Plugins/Developer/GitSourceControl/Binaries/Win64/UE4Editor-GitSourceControl.dll (API version 3709383).
LogModuleManager: Display: Found up-to-date module file ../../../Engine/Plugins/Developer/PerforceSourceControl/Binaries/Win64/UE4Editor-PerforceSourceControl.dll (API version 3709383).
LogModuleManager: Display: Found up-to-date module file ../../../Engine/Plugins/Developer/SubversionSourceControl/Binaries/Win64/UE4Editor-SubversionSourceControl.dll (API version 3709383).
LogModuleManager: Display: Found up-to-date module file ../../../Engine/Plugins/Developer/UObjectPlugin/Binaries/Win64/UE4Editor-UObjectPlugin.dll (API version 3709383).
LogModuleManager: Display: Found up-to-date module file ../../../Engine/Plugins/Developer/VisualStudioCodeSourceCodeAccess/Binaries/Win64/UE4Editor-VisualStudioCodeSourceCodeAccess.dll (API version 3709383).
LogModuleManager: Display: Found up-to-date module file ../../../Engine/Plugins/Developer/VisualStudioSourceCodeAccess/Binaries/Win64/UE4Editor-VisualStudioSourceCodeAccess.dll (API version 3709383).
LogModuleManager: Display: Found up-to-date module file ../../../Engine/Plugins/Editor/AssetManagerEditor/Binaries/Win64/UE4Editor-AssetManagerEditor.dll (API version 3709383).
LogModuleManager: Display: Found up-to-date module file ../../../Engine/Plugins/Editor/AudioCapture/Binaries/Win64/UE4Editor-AudioCapture.dll (API version 3709383).
LogModuleManager: Display: Found up-to-date module file ../../../Engine/Plugins/Editor/FacialAnimation/Binaries/Win64/UE4Editor-FacialAnimation.dll (API version 3709383).
LogModuleManager: Display: Found up-to-date module file ../../../Engine/Plugins/Editor/FacialAnimation/Binaries/Win64/UE4Editor-FacialAnimationEditor.dll (API version 3709383).
LogModuleManager: Display: Found up-to-date module file ../../../Engine/Plugins/Editor/GameplayTagsEditor/Binaries/Win64/UE4Editor-GameplayTagsEditor.dll (API version 3709383).
LogModuleManager: Display: Found up-to-date module file ../../../Engine/Plugins/Editor/MobileLauncherProfileWizard/Binaries/Win64/UE4Editor-MobileLauncherProfileWizard.dll (API version 3709383).
LogModuleManager: Display: Found up-to-date module file ../../../Engine/Plugins/Editor/PluginBrowser/Binaries/Win64/UE4Editor-PluginBrowser.dll (API version 3709383).
LogModuleManager: Display: Found up-to-date module file ../../../Engine/Plugins/Editor/SpeedTreeImporter/Binaries/Win64/UE4Editor-SpeedTreeImporter.dll (API version 3709383).
LogModuleManager: Display: Found up-to-date module file ../../../Engine/Plugins/Experimental/AlembicImporter/Binaries/Win64/UE4Editor-AlembicImporter.dll (API version 3709383).
LogModuleManager: Display: Found up-to-date module file ../../../Engine/Plugins/Experimental/AlembicImporter/Binaries/Win64/UE4Editor-AlembicLibrary.dll (API version 3709383).
LogModuleManager: Display: Found up-to-date module file ../../../Engine/Plugins/Experimental/CharacterAI/Binaries/Win64/UE4Editor-CharacterAI.dll (API version 3709383).
LogModuleManager: Display: Found up-to-date module file ../../../Engine/Plugins/Experimental/HTML5Networking/Binaries/Win64/UE4Editor-HTML5Networking.dll (API version 3709383).
LogModuleManager: Display: Found up-to-date module file ../../../Engine/Plugins/Media/AndroidMedia/Binaries/Win64/UE4Editor-AndroidMediaEditor.dll (API version 3709383).
LogModuleManager: Display: Found up-to-date module file ../../../Engine/Plugins/Media/AndroidMedia/Binaries/Win64/UE4Editor-AndroidMediaFactory.dll (API version 3709383).
LogModuleManager: Display: Found up-to-date module file ../../../Engine/Plugins/Media/AvfMedia/Binaries/Win64/UE4Editor-AvfMediaEditor.dll (API version 3709383).
LogModuleManager: Display: Found up-to-date module file ../../../Engine/Plugins/Media/AvfMedia/Binaries/Win64/UE4Editor-AvfMediaFactory.dll (API version 3709383).
LogModuleManager: Display: Found up-to-date module file ../../../Engine/Plugins/Media/AvfMedia/Binaries/Win64/UE4Editor-AvfMediaFactory.dll (API version 3709383).
LogModuleManager: Display: Found up-to-date module file ../../../Engine/Plugins/Media/ImgMedia/Binaries/Win64/UE4Editor-ImgMedia.dll (API version 3709383).
LogModuleManager: Display: Found up-to-date module file ../../../Engine/Plugins/Media/ImgMedia/Binaries/Win64/UE4Editor-ImgMediaEditor.dll (API version 3709383).
LogModuleManager: Display: Found up-to-date module file ../../../Engine/Plugins/Media/ImgMedia/Binaries/Win64/UE4Editor-ImgMediaFactory.dll (API version 3709383).
LogModuleManager: Display: Found up-to-date module file ../../../Engine/Plugins/Media/ImgMedia/Binaries/Win64/UE4Editor-ImgMediaFactory.dll (API version 3709383).
LogModuleManager: Display: Found up-to-date module file ../../../Engine/Plugins/Media/ImgMedia/Binaries/Win64/UE4Editor-OpenExrWrapper.dll (API version 3709383).
LogModuleManager: Display: Found up-to-date module file ../../../Engine/Plugins/Media/MediaCompositing/Binaries/Win64/UE4Editor-MediaCompositing.dll (API version 3709383).
LogModuleManager: Display: Found up-to-date module file ../../../Engine/Plugins/Media/MediaCompositing/Binaries/Win64/UE4Editor-MediaCompositingEditor.dll (API version 3709383).
LogModuleManager: Display: Found up-to-date module file ../../../Engine/Plugins/Media/MediaPlayerEditor/Binaries/Win64/UE4Editor-MediaPlayerEditor.dll (API version 3709383).
LogModuleManager: Display: Found up-to-date module file ../../../Engine/Plugins/Media/WmfMedia/Binaries/Win64/UE4Editor-WmfMedia.dll (API version 3709383).
LogModuleManager: Display: Found up-to-date module file ../../../Engine/Plugins/Media/WmfMedia/Binaries/Win64/UE4Editor-WmfMediaEditor.dll (API version 3709383).
LogModuleManager: Display: Found up-to-date module file ../../../Engine/Plugins/Media/WmfMedia/Binaries/Win64/UE4Editor-WmfMediaFactory.dll (API version 3709383).
LogModuleManager: Display: Found up-to-date module file ../../../Engine/Plugins/Media/WmfMedia/Binaries/Win64/UE4Editor-WmfMediaFactory.dll (API version 3709383).
LogModuleManager: Display: Found up-to-date module file ../../../Engine/Plugins/Messaging/TcpMessaging/Binaries/Win64/UE4Editor-TcpMessaging.dll (API version 3709383).
LogModuleManager: Display: Found up-to-date module file ../../../Engine/Plugins/Messaging/UdpMessaging/Binaries/Win64/UE4Editor-UdpMessaging.dll (API version 3709383).
LogModuleManager: Display: Found up-to-date module file ../../../Engine/Plugins/MovieScene/ActorSequence/Binaries/Win64/UE4Editor-ActorSequence.dll (API version 3709383).
LogModuleManager: Display: Found up-to-date module file ../../../Engine/Plugins/MovieScene/LevelSequenceEditor/Binaries/Win64/UE4Editor-LevelSequenceEditor.dll (API version 3709383).
LogModuleManager: Display: Found up-to-date module file ../../../Engine/Plugins/MovieScene/MatineeToLevelSequence/Binaries/Win64/UE4Editor-MatineeToLevelSequence.dll (API version 3709383).
LogModuleManager: Display: Found up-to-date module file ../../../Engine/Plugins/Online/OnlineSubsystem/Binaries/Win64/UE4Editor-OnlineSubsystem.dll (API version 3709383).
LogModuleManager: Display: Found up-to-date module file ../../../Engine/Plugins/Runtime/AndroidPermission/Binaries/Win64/UE4Editor-AndroidPermission.dll (API version 3709383).
LogModuleManager: Display: Found up-to-date module file ../../../Engine/Plugins/Online/OnlineSubsystemNull/Binaries/Win64/UE4Editor-OnlineSubsystemNull.dll (API version 3709383).
LogModuleManager: Display: Found up-to-date module file ../../../Engine/Plugins/Online/OnlineSubsystemUtils/Binaries/Win64/UE4Editor-OnlineSubsystemUtils.dll (API version 3709383).
LogModuleManager: Display: Found up-to-date module file ../../../Engine/Plugins/Online/OnlineSubsystemUtils/Binaries/Win64/UE4Editor-OnlineBlueprintSupport.dll (API version 3709383).
LogModuleManager: Display: Found up-to-date module file ../../../Engine/Plugins/Runtime/AndroidDeviceProfileSelector/Binaries/Win64/UE4Editor-AndroidDeviceProfileSelector.dll (API version 3709383).
LogModuleManager: Display: Found up-to-date module file ../../../Engine/Plugins/Runtime/AppleARKit/Binaries/Win64/UE4Editor-AppleARKit.dll (API version 3709383).
LogModuleManager: Display: Found up-to-date module file ../../../Engine/Plugins/Runtime/ArchVisCharacter/Binaries/Win64/UE4Editor-ArchVisCharacter.dll (API version 3709383).
LogModuleManager: Display: Found up-to-date module file ../../../Engine/Plugins/Runtime/CableComponent/Binaries/Win64/UE4Editor-CableComponent.dll (API version 3709383).
LogModuleManager: Display: Found up-to-date module file ../../../Engine/Plugins/Runtime/CustomMeshComponent/Binaries/Win64/UE4Editor-CustomMeshComponent.dll (API version 3709383).
LogModuleManager: Display: Found up-to-date module file ../../../Engine/Plugins/Runtime/ExampleDeviceProfileSelector/Binaries/Win64/UE4Editor-ExampleDeviceProfileSelector.dll (API version 3709383).
LogModuleManager: Display: Found up-to-date module file ../../../Engine/Plugins/Runtime/ImmediatePhysics/Binaries/Win64/UE4Editor-ImmediatePhysics.dll (API version 3709383).
LogModuleManager: Display: Found up-to-date module file ../../../Engine/Plugins/Runtime/ImmediatePhysics/Binaries/Win64/UE4Editor-ImmediatePhysicsEditor.dll (API version 3709383).
LogModuleManager: Display: Found up-to-date module file ../../../Engine/Plugins/Runtime/LocationServicesBPLibrary/Binaries/Win64/UE4Editor-LocationServicesBPLibrary.dll (API version 3709383).
LogModuleManager: Display: Found up-to-date module file ../../../Engine/Plugins/Runtime/MobilePatchingUtils/Binaries/Win64/UE4Editor-MobilePatchingUtils.dll (API version 3709383).
LogModuleManager: Display: Found up-to-date module file ../../../Engine/Plugins/Runtime/Oculus/OculusVR/Binaries/Win64/UE4Editor-OculusHMD.dll (API version 3709383).
LogModuleManager: Display: Found up-to-date module file ../../../Engine/Plugins/Runtime/Oculus/OculusVR/Binaries/Win64/UE4Editor-OculusInput.dll (API version 3709383).
LogModuleManager: Display: Found up-to-date module file ../../../Engine/Plugins/Runtime/Oculus/OculusVR/Binaries/Win64/UE4Editor-OculusEditor.dll (API version 3709383).
LogModuleManager: Display: Found up-to-date module file ../../../Engine/Plugins/Runtime/PhysXVehicles/Binaries/Win64/UE4Editor-PhysXVehicles.dll (API version 3709383).
LogModuleManager: Display: Found up-to-date module file ../../../Engine/Plugins/Runtime/PhysXVehicles/Binaries/Win64/UE4Editor-PhysXVehiclesEditor.dll (API version 3709383).
LogModuleManager: Display: Found up-to-date module file ../../../Engine/Plugins/Runtime/ProceduralMeshComponent/Binaries/Win64/UE4Editor-ProceduralMeshComponent.dll (API version 3709383).
LogModuleManager: Display: Found up-to-date module file ../../../Engine/Plugins/Runtime/ProceduralMeshComponent/Binaries/Win64/UE4Editor-ProceduralMeshComponentEditor.dll (API version 3709383).
LogModuleManager: Display: Found up-to-date module file ../../../Engine/Plugins/Runtime/RuntimePhysXCooking/Binaries/Win64/UE4Editor-RuntimePhysXCooking.dll (API version 3709383).
LogModuleManager: Display: Found up-to-date module file ../../../Engine/Plugins/Runtime/Steam/SteamVR/Binaries/Win64/UE4Editor-SteamVR.dll (API version 3709383).
LogModuleManager: Display: Found up-to-date module file ../../../Engine/Plugins/Runtime/Steam/SteamVR/Binaries/Win64/UE4Editor-SteamVRController.dll (API version 3709383).
LogModuleManager: Display: Found up-to-date module file ../../../Engine/Plugins/Runtime/WindowsMoviePlayer/Binaries/Win64/UE4Editor-WindowsMoviePlayer.dll (API version 3709383).
LogPluginManager: Mounting plugin Paper2D
LogPluginManager: Mounting plugin LightPropagationVolume
LogPluginManager: Mounting plugin CodeLiteSourceCodeAccess
LogPluginManager: Mounting plugin GitSourceControl
LogPluginManager: Mounting plugin KDevelopSourceCodeAccess
LogPluginManager: Mounting plugin NullSourceCodeAccess
LogPluginManager: Mounting plugin PerforceSourceControl
LogPluginManager: Mounting plugin SubversionSourceControl
LogPluginManager: Mounting plugin UObjectPlugin
LogPluginManager: Mounting plugin VisualStudioCodeSourceCodeAccess
LogPluginManager: Mounting plugin VisualStudioSourceCodeAccess
LogPluginManager: Mounting plugin XCodeSourceCodeAccess
LogPluginManager: Mounting plugin AssetManagerEditor
LogPluginManager: Mounting plugin AudioCapture
LogPluginManager: Mounting plugin FacialAnimation
LogPluginManager: Mounting plugin GameplayTagsEditor
LogPluginManager: Mounting plugin MobileLauncherProfileWizard
LogPluginManager: Mounting plugin PluginBrowser
LogPluginManager: Mounting plugin SpeedTreeImporter
LogPluginManager: Mounting plugin AlembicImporter
LogPluginManager: Mounting plugin CharacterAI
LogPluginManager: Mounting plugin HTML5Networking
LogPluginManager: Mounting plugin AndroidMedia
LogPluginManager: Mounting plugin AvfMedia
LogPluginManager: Mounting plugin ImgMedia
LogPluginManager: Mounting plugin MediaCompositing
LogPluginManager: Mounting plugin MediaPlayerEditor
LogPluginManager: Mounting plugin WmfMedia
LogPluginManager: Mounting plugin TcpMessaging
LogPluginManager: Mounting plugin UdpMessaging
LogPluginManager: Mounting plugin ActorSequence
LogPluginManager: Mounting plugin LevelSequenceEditor
LogPluginManager: Mounting plugin MatineeToLevelSequence
LogPluginManager: Mounting plugin OnlineSubsystemGooglePlay
LogPluginManager: Mounting plugin OnlineSubsystemIOS
LogPluginManager: Mounting plugin OnlineSubsystem
LogPluginManager: Mounting plugin OnlineSubsystemNull
LogPluginManager: Mounting plugin OnlineSubsystemUtils
LogPluginManager: Mounting plugin AndroidDeviceProfileSelector
LogPluginManager: Mounting plugin AndroidMoviePlayer
LogPluginManager: Mounting plugin AndroidPermission
LogPluginManager: Mounting plugin AppleARKit
LogPluginManager: Mounting plugin AppleMoviePlayer
LogPluginManager: Mounting plugin ArchVisCharacter
LogPluginManager: Mounting plugin CableComponent
LogPluginManager: Mounting plugin CustomMeshComponent
LogPluginManager: Mounting plugin ExampleDeviceProfileSelector
LogPluginManager: Mounting plugin GoogleCloudMessaging
LogPluginManager: Mounting plugin ImmediatePhysics
LogPluginManager: Mounting plugin IOSDeviceProfileSelector
LogPluginManager: Mounting plugin LeapMotion
LogPluginManager: Mounting plugin LinuxDeviceProfileSelector
LogPluginManager: Mounting plugin LocationServicesBPLibrary
LogPluginManager: Mounting plugin MobilePatchingUtils
LogPluginManager: Mounting plugin OculusVR
LogPluginManager: Plugin shader directory ../../../Engine/Plugins/Runtime/Oculus/OculusVR/Shaders found
LogPluginManager: Mapping shader source directory ../../../Engine/Plugins/Runtime/Oculus/OculusVR/Shaders to virtual directory /Plugin/OculusVR
LogPluginManager: Mounting plugin PhysXVehicles
LogPluginManager: Mounting plugin ProceduralMeshComponent
LogPluginManager: Mounting plugin RuntimePhysXCooking
LogPluginManager: Mounting plugin SteamVR
LogPluginManager: Mounting plugin WindowsMoviePlayer
LogInit: Using libcurl 7.47.1
LogInit:  - built for x86_64-pc-win32
LogInit:  - supports SSL with OpenSSL/1.0.2g
LogInit:  - supports HTTP deflate (compression) using libz 1.2.8
LogInit:  - other features:
LogInit:      CURL_VERSION_SSL
LogInit:      CURL_VERSION_LIBZ
LogInit:      CURL_VERSION_IPV6
LogInit:      CURL_VERSION_ASYNCHDNS
LogInit:      CURL_VERSION_LARGEFILE
LogInit:      CURL_VERSION_IDN
LogInit:  CurlRequestOptions (configurable via config and command line):
LogInit:  - bVerifyPeer = false  - Libcurl will NOT verify peer certificate
LogInit:  - bUseHttpProxy = false  - Libcurl will NOT use HTTP proxy
LogInit:  - bDontReuseConnections = false  - Libcurl will reuse connections
LogInit:  - CertBundlePath = nullptr  - Libcurl will use whatever was configured at build time.
LeapPluginLog: Using LeapPlugin version 2.0.0
LogInit: Build: ++UE4+Release-4.18-CL-3754814
LogInit: Engine Version: 4.18.1-3754814+++UE4+Release-4.18
LogInit: Compatible Engine Version: 4.18.0-3709383+++UE4+Release-4.18
LogInit: Net CL: 3709383
LogDevObjectVersion: Number of dev versions registered: 16
LogDevObjectVersion:   Dev-Blueprints (B0D832E4-1F89-4F0D-ACCF-7EB736FD4AA2): 10
LogDevObjectVersion:   Dev-Build (E1C64328-A22C-4D53-A36C-8E866417BD8C): 0
LogDevObjectVersion:   Dev-Core (375EC13C-06E4-48FB-B500-84F0262A717E): 2
LogDevObjectVersion:   Dev-Editor (E4B068ED-F494-42E9-A231-DA0B2E46BB41): 20
LogDevObjectVersion:   Dev-Framework (CFFC743F-43B0-4480-9391-14DF171D2073): 30
LogDevObjectVersion:   Dev-Mobile (B02B49B5-BB20-44E9-A304-32B752E40360): 0
LogDevObjectVersion:   Dev-Networking (A4E4105C-59A1-49B5-A7C5-40C4547EDFEE): 0
LogDevObjectVersion:   Dev-Online (39C831C9-5AE6-47DC-9A44-9C173E1C8E7C): 0
LogDevObjectVersion:   Dev-Physics (78F01B33-EBEA-4F98-B9B4-84EACCB95AA2): 0
LogDevObjectVersion:   Dev-Platform (6631380F-2D4D-43E0-8009-CF276956A95A): 0
LogDevObjectVersion:   Dev-Rendering (12F88B9F-8875-4AFC-A67C-D90C383ABD29): 20
LogDevObjectVersion:   Dev-Sequencer (7B5AE74C-D270-4C10-A958-57980B212A5A): 4
LogDevObjectVersion:   Dev-VR (D7296918-1DD6-4BDD-9DE2-64A83CC13884): 0
LogDevObjectVersion:   Dev-LoadTimes (C2A15278-BFE7-4AFE-6C17-90FF531DF755): 1
LogDevObjectVersion:   Private-Geometry (6EACA3D4-40EC-4CC1-B786-8BED09428FC5): 1
LogDevObjectVersion:   Dev-AnimPhys (29E575DD-E0A3-4627-9D10-D276232CDCEA): 12
LogInit: Compiled (64-bit): Nov 14 2017 02:05:55
LogInit: Compiled with Visual C++: 19.00.24215.01
LogInit: Build Configuration: Development
LogInit: Branch Name: ++UE4+Release-4.18
LogInit: Command line: -EpicPortal 
LogInit: Base directory: C:/Program Files/Epic Games/UE_4.18/Engine/Binaries/Win64/
LogInit: Installed Engine Build: 1
LogInit: Presizing for max 8388607 objects, including 0 objects not considered by GC, pre-allocating 0 bytes for permanent pool.
LogInit: Object subsystem initialized
[2017.12.04-11.19.44:977][  0]LogInit: Selected Device Profile: [Windows]
[2017.12.04-11.19.44:977][  0]LogInit: Applying CVar settings loaded from the selected device profile: [Windows]
[2017.12.04-11.19.44:993][  0]LogInit: Computer: DESKTOP-C84AFKJ
[2017.12.04-11.19.44:993][  0]LogInit: User: Krazyxx
[2017.12.04-11.19.44:993][  0]LogInit: CPU Page size=4096, Cores=4
[2017.12.04-11.19.44:993][  0]LogInit: High frequency timer resolution =2.435777 MHz
[2017.12.04-11.19.44:994][  0]LogMemory: Memory total: Physical=7.9GB (8GB approx)
[2017.12.04-11.19.44:994][  0]LogMemory: Platform Memory Stats for Windows
[2017.12.04-11.19.44:994][  0]LogMemory: Process Physical Memory: 276.82 MB used, 276.82 MB peak
[2017.12.04-11.19.44:994][  0]LogMemory: Process Virtual Memory: 270.89 MB used, 270.89 MB peak
[2017.12.04-11.19.44:994][  0]LogMemory: Physical Memory: 4873.00 MB used,  3239.23 MB free, 8112.23 MB total
[2017.12.04-11.19.44:994][  0]LogMemory: Virtual Memory: 716.85 MB used,  3239.23 MB free, 134217728.00 MB total
[2017.12.04-11.19.45:230][  0]LogInit: Using OS detected language (fr-FR).
[2017.12.04-11.19.45:230][  0]LogInit: Using OS detected locale (fr-FR).
[2017.12.04-11.19.45:235][  0]LogTextLocalizationManager: No localization for 'fr-FR' exists, so 'en' will be used for the language.
[2017.12.04-11.19.45:235][  0]LogTextLocalizationManager: No localization for 'fr-FR' exists, so 'en' will be used for the locale.
[2017.12.04-11.19.45:758][  0]LogInit: Setting process to per monitor DPI aware
[2017.12.04-11.19.46:122][  0]LogD3D11RHI: D3D11 adapters:
[2017.12.04-11.19.46:174][  0]LogD3D11RHI:    0. 'NVIDIA GeForce GTX 860M' (Feature Level 11_0)
[2017.12.04-11.19.46:174][  0]LogD3D11RHI:       2019/0/4056 MB DedicatedVideo/DedicatedSystem/SharedSystem, Outputs:1, VendorId:0x10de
[2017.12.04-11.19.46:184][  0]LogD3D11RHI:    1. 'Intel(R) HD Graphics 4600' (Feature Level 11_0)
[2017.12.04-11.19.46:184][  0]LogD3D11RHI:       112/0/2048 MB DedicatedVideo/DedicatedSystem/SharedSystem, Outputs:0, VendorId:0x8086
[2017.12.04-11.19.46:186][  0]LogD3D11RHI:    2. 'Microsoft Basic Render Driver' (Feature Level 11_0)
[2017.12.04-11.19.46:186][  0]LogD3D11RHI:       0/0/4056 MB DedicatedVideo/DedicatedSystem/SharedSystem, Outputs:0, VendorId:0x1414
[2017.12.04-11.19.46:186][  0]LogD3D11RHI: Chosen D3D11 Adapter: 0
[2017.12.04-11.19.46:191][  0]LogD3D11RHI: Creating new Direct3DDevice
[2017.12.04-11.19.46:191][  0]LogD3D11RHI:     GPU DeviceId: 0x1392 (for the marketing name, search the web for "GPU Device Id")
[2017.12.04-11.19.46:191][  0]LogWindows: EnumDisplayDevices:
[2017.12.04-11.19.46:192][  0]LogWindows:    0. 'Intel(R) HD Graphics 4600' (P:1 D:1)
[2017.12.04-11.19.46:192][  0]LogWindows:    1. 'Intel(R) HD Graphics 4600' (P:0 D:0)
[2017.12.04-11.19.46:192][  0]LogWindows:    2. 'Intel(R) HD Graphics 4600' (P:0 D:0)
[2017.12.04-11.19.46:192][  0]LogWindows: DebugString: GetVideoDriverDetailsInvalid PrimaryIsNotTheChoosenAdapter GetVideoDriverDetailsInvalid PrimaryIsNotTheChoosenAdapter GetVideoDriverDetailsInvalid PrimaryIsNotTheChoosenAdapter FoundDriverCount:0 
[2017.12.04-11.19.46:192][  0]LogD3D11RHI:     Adapter Name: NVIDIA GeForce GTX 860M
[2017.12.04-11.19.46:192][  0]LogD3D11RHI:   Driver Version: Unknown (internal:Unknown, unified:Unknown)
[2017.12.04-11.19.46:192][  0]LogD3D11RHI:      Driver Date: Unknown
[2017.12.04-11.19.46:192][  0]LogRHI: Texture pool is 1413 MB (70% of 2019 MB)
[2017.12.04-11.19.46:222][  0]LogD3D11RHI: Async texture creation enabled
[2017.12.04-11.19.46:235][  0]LogD3D11RHI: GPU Timing Frequency: 1000.000000 (Debug: 2 1)
[2017.12.04-11.19.46:237][  0]LogShaderCompilers: Guid format shader working directory is -42 characters bigger than the processId version (../../../../../../Users/Krazyxx/Documents/Unreal Engine/LeapMotionSandBox/LeapMotionSandbox/Intermediate/Shaders/WorkingDirectory/596/).
[2017.12.04-11.19.46:237][  0]LogShaderCompilers: Cleaned the shader compiler working directory 'C:/Users/Krazyxx/AppData/Local/Temp/UnrealShaderWorkingDir/69C176774BD60D4AF6AAC7A3792D87E0/'.
[2017.12.04-11.19.46:237][  0]LogShaderCompilers: Display: Using Local Shader Compiler.
[2017.12.04-11.19.47:398][  0]LogTemp: Display: Loaded TP AllDesktopTargetPlatform
[2017.12.04-11.19.47:469][  0]LogTemp: Display: Loaded TP MacClientTargetPlatform
[2017.12.04-11.19.47:539][  0]LogTemp: Display: Loaded TP MacNoEditorTargetPlatform
[2017.12.04-11.19.47:612][  0]LogTemp: Display: Loaded TP MacServerTargetPlatform
[2017.12.04-11.19.47:689][  0]LogTemp: Display: Loaded TP MacTargetPlatform
[2017.12.04-11.19.47:766][  0]LogTemp: Display: Loaded TP WindowsClientTargetPlatform
[2017.12.04-11.19.47:840][  0]LogTemp: Display: Loaded TP WindowsNoEditorTargetPlatform
[2017.12.04-11.19.47:914][  0]LogTemp: Display: Loaded TP WindowsServerTargetPlatform
[2017.12.04-11.19.47:981][  0]LogTemp: Display: Loaded TP WindowsTargetPlatform
[2017.12.04-11.19.48:054][  0]LogTemp: Display: Loaded TP Android_ASTCTargetPlatform
[2017.12.04-11.19.48:146][  0]LogTemp: Display: Loaded TP Android_ATCTargetPlatform
[2017.12.04-11.19.48:237][  0]LogTemp: Display: Loaded TP Android_DXTTargetPlatform
[2017.12.04-11.19.48:328][  0]LogTemp: Display: Loaded TP Android_ETC1TargetPlatform
[2017.12.04-11.19.48:415][  0]LogTemp: Display: Loaded TP Android_ETC2TargetPlatform
[2017.12.04-11.19.48:613][  0]LogTemp: Display: Loaded TP Android_MultiTargetPlatform
[2017.12.04-11.19.48:613][  0]LogTemp: Display: Loaded TP Android_PVRTCTargetPlatform
[2017.12.04-11.19.48:710][  0]LogTemp: Display: Loaded TP AndroidTargetPlatform
[2017.12.04-11.19.48:796][  0]LogTemp: Display: Loaded TP HTML5TargetPlatform
[2017.12.04-11.19.48:940][  0]LogTemp: Display: Loaded TP IOSTargetPlatform
[2017.12.04-11.19.48:985][  0]LogTemp: Display: Loaded TP TVOSTargetPlatform
[2017.12.04-11.19.49:080][  0]LogTemp: Display: Loaded TP LinuxClientTargetPlatform
[2017.12.04-11.19.49:163][  0]LogTemp: Display: Loaded TP LinuxNoEditorTargetPlatform
[2017.12.04-11.19.49:270][  0]LogTemp: Display: Loaded TP LinuxServerTargetPlatform
[2017.12.04-11.19.49:366][  0]LogTemp: Display: Loaded TP LinuxTargetPlatform
[2017.12.04-11.19.49:366][  0]LogTargetPlatformManager: Display: Building Assets For Windows
[2017.12.04-11.19.50:182][  0]LogDerivedDataCache: Display: Max Cache Size: 512 MB
[2017.12.04-11.19.50:293][  0]LogDerivedDataCache: Loaded boot cache 0.11s 78MB C:/Users/Krazyxx/AppData/Local/UnrealEngine/4.18/DerivedDataCache/Boot.ddc.
[2017.12.04-11.19.50:293][  0]LogDerivedDataCache: Display: Loaded Boot cache: C:/Users/Krazyxx/AppData/Local/UnrealEngine/4.18/DerivedDataCache/Boot.ddc
[2017.12.04-11.19.50:293][  0]LogDerivedDataCache: FDerivedDataBackendGraph:  Pak pak cache file ../../../../../../Users/Krazyxx/Documents/Unreal Engine/LeapMotionSandBox/LeapMotionSandbox/DerivedDataCache/DDC.ddp not found, will not use a pak cache.
[2017.12.04-11.19.50:293][  0]LogDerivedDataCache: Unable to find inner node Pak for hierarchical cache Hierarchy.
[2017.12.04-11.19.50:293][  0]LogDerivedDataCache: FDerivedDataBackendGraph:  CompressedPak pak cache file ../../../../../../Users/Krazyxx/Documents/Unreal Engine/LeapMotionSandBox/LeapMotionSandbox/DerivedDataCache/Compressed.ddp not found, will not use a pak cache.
[2017.12.04-11.19.50:293][  0]LogDerivedDataCache: Unable to find inner node CompressedPak for hierarchical cache Hierarchy.
[2017.12.04-11.19.50:319][  0]LogDerivedDataCache: Display: Pak cache opened for reading ../../../Engine/DerivedDataCache/Compressed.ddp.
[2017.12.04-11.19.50:332][  0]LogDerivedDataCache: Using Local data cache path C:/Users/Krazyxx/AppData/Local/UnrealEngine/Common/DerivedDataCache: Writable
[2017.12.04-11.19.50:349][  0]LogMaterial: Verifying Global Shaders for PCD3D_SM5
[2017.12.04-11.19.50:349][  0]LogSlate: Using Freetype 2.6.0
[2017.12.04-11.19.50:350][  0]LogSlate: SlateFontCache - WITH_FREETYPE: 1, WITH_HARFBUZZ: 1
[2017.12.04-11.19.50:350][  0]LogSlate: SlateFontCache - WITH_FREETYPE: 1, WITH_HARFBUZZ: 1
[2017.12.04-11.19.50:980][  0]LogInit: Selected Device Profile: [Windows]
[2017.12.04-11.19.51:460][  0]LogSimplygon: Simplygon DLL not present - disabling.
[2017.12.04-11.19.51:521][  0]LogMeshReduction: Using SimplygonSwarm for distributed automatic mesh merging
[2017.12.04-11.19.51:521][  0]LogMeshReduction: Using QuadricMeshReduction for automatic static mesh reduction
[2017.12.04-11.19.51:521][  0]LogMeshReduction: No automatic skeletal mesh reduction module available
[2017.12.04-11.19.51:521][  0]LogMeshReduction: No automatic mesh merging module available
[2017.12.04-11.19.51:521][  0]LogMeshMerging: No automatic mesh merging module available
[2017.12.04-11.19.51:568][  0]LogNetVersion: LeapMotionSandbox , NetCL: 3709383, EngineNetVer: 2, GameNetVer: 0 (Checksum: 3849250588)
[2017.12.04-11.19.51:795][  0]LogAssetRegistry: FAssetRegistry took 0.0267 seconds to start up
[2017.12.04-11.19.52:591][  0]LogPackageLocalizationCache: Processed 8 localized package path(s) for 1 prioritized culture(s) in 0.117571 seconds
[2017.12.04-11.19.52:601][  0]LogUObjectArray: 36585 objects as part of root set at end of initial load.
[2017.12.04-11.19.52:601][  0]LogUObjectAllocator: 7488864 out of 0 bytes used by permanent object pool.
[2017.12.04-11.19.52:601][  0]LogUObjectArray: CloseDisregardForGC: 0/0 objects in disregard for GC pool
[2017.12.04-11.19.52:690][  0]LogInit: WinSock: version 1.1 (2.2), MaxSocks=32767, MaxUdp=65467
[2017.12.04-11.19.56:476][  0]LogTcpMessaging: Initializing TcpMessaging bridge
[2017.12.04-11.19.56:535][  0]LogUdpMessaging: Initializing bridge on interface 0.0.0.0:0 to multicast group 230.0.0.1:6666.
[2017.12.04-11.19.57:571][  0]LogMaterial: Uniform references updated for custom material expression Custom.
[2017.12.04-11.19.58:220][  0]SourceControl: Source control is disabled
[2017.12.04-11.19.58:220][  0]SourceControl: Source control is disabled
[2017.12.04-11.19.58:312][  0]SourceControl: Source control is disabled
[2017.12.04-11.19.58:395][  0]SourceControl: Source control is disabled
[2017.12.04-11.19.59:875][  0]LogAndroidPermission: UAndroidPermissionCallbackProxy::GetInstance
[2017.12.04-11.20.00:528][  0]LogOcInput: OculusInput pre-init called
[2017.12.04-11.20.01:245][  0]LogEngine: Initializing Engine...
[2017.12.04-11.20.01:253][  0]LogHMD: Failed to initialize OpenVR with code 110
[2017.12.04-11.20.01:732][  0]LogStats: UGameplayTagsManager::ConstructGameplayTagTree: Construct from data asset -  0.000 s
[2017.12.04-11.20.01:733][  0]LogStats: UGameplayTagsManager::ConstructGameplayTagTree: GameplayTagTreeChangedEvent.Broadcast -  0.000 s
[2017.12.04-11.20.01:998][  0]LogAIModule: Creating AISystem for world Untitled
[2017.12.04-11.20.02:009][  0]LogInit: XAudio2 using 'Casque pour téléphone (2- Razer Kraken 7.1 Chroma)' : 2 channels at 48 kHz using 16 bits per sample (channel mask 0x3)
[2017.12.04-11.20.02:038][  0]LogInit: FAudioDevice initialized.
[2017.12.04-11.20.02:146][  0]LogDerivedDataCache: Saved boot cache 0.11s 78MB C:/Users/Krazyxx/AppData/Local/UnrealEngine/4.18/DerivedDataCache/Boot.ddc.
[2017.12.04-11.20.02:171][  0]LogInit: Texture streaming: Enabled
[2017.12.04-11.20.02:361][  0]LogEngineSessionManager: EngineSessionManager initialized
[2017.12.04-11.20.02:620][  0]LogInit: Transaction tracking system initialized
[2017.12.04-11.20.03:240][  0]BlueprintLog: New page: Editor Load
[2017.12.04-11.20.04:830][  0]LocalizationService: Localization service is disabled
[2017.12.04-11.20.05:978][  0]LogConsoleResponse: Display: 
[2017.12.04-11.20.06:310][  0]LogCook: Display: Max memory allowance for cook 16384mb min free memory 0mb
[2017.12.04-11.20.06:310][  0]LogCook: Display: Mobile HDR setting 1
[2017.12.04-11.20.06:310][  0]LogGameplayTags: Display: UGameplayTagsManager::DoneAddingNativeTags. DelegateIsBound: 0
[2017.12.04-11.20.07:441][  0]LogFileCache: Scanning file cache for directory 'C:/Users/Krazyxx/Documents/Unreal Engine/LeapMotionSandBox/LeapMotionSandbox/Content/' took 0.02s
[2017.12.04-11.20.08:566][  0]SourceControl: Source control is disabled
[2017.12.04-11.20.08:566][  0]Cmd: MAP LOAD FILE="../../../../../../Users/Krazyxx/Documents/Unreal Engine/LeapMotionSandBox/LeapMotionSandbox/Content/StarterContent/Maps/Minimal_Default.umap" TEMPLATE=0 SHOWPROGRESS=1 FEATURELEVEL=3
[2017.12.04-11.20.08:569][  0]LightingResults: New page: Lighting Build
[2017.12.04-11.20.08:675][  0]MapCheck: New page: Map Check
[2017.12.04-11.20.08:676][  0]LightingResults: New page: Lighting Build
[2017.12.04-11.20.09:662][  0]LogAIModule: Creating AISystem for world Minimal_Default
[2017.12.04-11.20.09:691][  0]LogEditorServer: Finished looking for orphan Actors (0.000 secs)
[2017.12.04-11.20.09:743][  0]Cmd: MAP CHECKDEP NOCLEARLOG
[2017.12.04-11.20.10:010][  0]MapCheck: Map check complete: 0 Error(s), 0 Warning(s), took 266.102ms to complete.
[2017.12.04-11.20.10:010][  0]LogFileHelpers: Loading map 'Minimal_Default' took 1.444
[2017.12.04-11.20.10:099][  0]LogWindowsTextInputMethodSystem: Display: IME system now deactivated.
[2017.12.04-11.20.10:757][  0]LogCollectionManager: Loaded 0 collections in 0.005335 seconds
[2017.12.04-11.20.10:959][  0]LogFileCache: Scanning file cache for directory 'C:/Users/Krazyxx/Documents/Unreal Engine/LeapMotionSandBox/LeapMotionSandbox/Saved/Collections/' took 0.01s
[2017.12.04-11.20.10:959][  0]LogFileCache: Scanning file cache for directory 'C:/Users/Krazyxx/Documents/Unreal Engine/LeapMotionSandBox/LeapMotionSandbox/Content/Developers/Krazyxx/Collections/' took 0.01s
[2017.12.04-11.20.10:959][  0]LogFileCache: Scanning file cache for directory 'C:/Users/Krazyxx/Documents/Unreal Engine/LeapMotionSandBox/LeapMotionSandbox/Content/Collections/' took 0.01s
[2017.12.04-11.20.10:959][  0]LogCollectionManager: Rebuilt the GUID cache for 0 collections in 0.000000 seconds
[2017.12.04-11.20.10:977][  0]LogContentBrowser: Native class hierarchy populated in 0.0162 seconds. Added 2391 classes and 525 folders.
[2017.12.04-11.20.11:173][  0]LogContentBrowser: Native class hierarchy updated for 'WidgetCarousel' in 0.0018 seconds. Added 0 classes and 0 folders.
[2017.12.04-11.20.11:440][  0]LogContentBrowser: Native class hierarchy updated for 'AddContentDialog' in 0.0003 seconds. Added 0 classes and 0 folders.
[2017.12.04-11.20.11:459][  0]LogSlate: Took 0.000642 seconds to synchronously load lazily loaded font '../../../Engine/Content/Slate/Fonts/Roboto-Regular.ttf' (155K)
[2017.12.04-11.20.11:464][  0]LogSlate: Took 0.000533 seconds to synchronously load lazily loaded font '../../../Engine/Content/Slate/Fonts/Roboto-Bold.ttf' (160K)
[2017.12.04-11.20.11:486][  0]LogSlate: Took 0.004717 seconds to synchronously load lazily loaded font '../../../Engine/Content/Editor/Slate/Fonts/FontAwesome.ttf' (139K)
[2017.12.04-11.20.11:838][  0]LogRenderer: Reallocating scene render targets to support 1196x688 Format 10 NumSamples 1 (Frame:1).
[2017.12.04-11.20.12:222][  0]LogContentBrowser: Native class hierarchy updated for 'HierarchicalLODOutliner' in 0.0006 seconds. Added 1 classes and 2 folders.
[2017.12.04-11.20.12:222][  0]LogLoad: (Engine Initialization) Total time: 31.08 seconds
[2017.12.04-11.20.12:222][  0]LogLoad: (Engine Initialization) Total Blueprint compile time: 0.00 seconds
[2017.12.04-11.20.12:222][  0]LogExternalProfiler: No external profilers were discovered.  External profiling features will not be available.
[2017.12.04-11.20.12:266][  0]LogContentStreaming: Texture pool size now 1000 MB
[2017.12.04-11.20.12:361][  0]LogSlate: Took 0.001418 seconds to synchronously load lazily loaded font '../../../Engine/Content/Slate/Fonts/Roboto-Light.ttf' (159K)
[2017.12.04-11.20.12:668][  4]LogAssetRegistry: Asset discovery search completed in 20.8955 seconds
[2017.12.04-11.20.12:676][  4]LogCollectionManager: Rebuilt the object cache for 0 collections in 0.000000 seconds (found 0 objects)
[2017.12.04-11.20.12:676][  4]LogCollectionManager: Fixed up redirectors for 0 collections in 0.000105 seconds (updated 0 objects)
[2017.12.04-11.27.35:944][260]LogBlueprint: Warning: [Compiler BP_LeapCharacter] InputAction Event references unknown Action 'ComfortTurnRight' for  InputAction ComfortTurnRight
[2017.12.04-11.27.35:944][260]LogBlueprint: Warning: [Compiler BP_LeapCharacter] InputAction Event references unknown Action 'ComfortTurnLeft' for  InputAction ComfortTurnLeft
[2017.12.04-11.27.35:944][260]LogBlueprint: Warning: [Compiler BP_LeapCharacter] InputAction Event references unknown Action 'Jump' for  InputAction Jump
[2017.12.04-11.27.35:944][260]LogBlueprint: Warning: [Compiler BP_LeapCharacter] Input Axis Event references unknown Axis 'LookUpRate' for  InputAxis LookUpRate
[2017.12.04-11.27.35:944][260]LogBlueprint: Warning: [Compiler BP_LeapCharacter] Input Axis Event references unknown Axis 'TurnRate' for  InputAxis TurnRate
[2017.12.04-11.27.35:945][260]LogBlueprint: Warning: [Compiler BP_LeapCharacter] Input Axis Event references unknown Axis 'Turn' for  InputAxis Turn
[2017.12.04-11.27.35:945][260]LogBlueprint: Warning: [Compiler BP_LeapCharacter] Input Axis Event references unknown Axis 'LookUp' for  InputAxis LookUp
[2017.12.04-11.27.35:945][260]LogBlueprint: Warning: [Compiler BP_LeapCharacter] Input Axis Event references unknown Axis 'MoveRight' for  InputAxis MoveRight
[2017.12.04-11.27.35:945][260]LogBlueprint: Warning: [Compiler BP_LeapCharacter] Input Axis Event references unknown Axis 'MoveForward' for  InputAxis MoveForward
[2017.12.04-11.27.35:974][260]LogBlueprint: Warning: [Compiler BP_LeapCharacter] [0474.83] Compile of BP_LeapCharacter successful, but with 9 Warning(s) [in 60 ms] (/Game/LeapSandBox/BP_LeapCharacter.BP_LeapCharacter)
[2017.12.04-11.27.36:483][260]LogSlate: Took 0.000216 seconds to synchronously load lazily loaded font '../../../Engine/Content/Slate/Fonts/Roboto-Light.ttf' (159K)
[2017.12.04-11.27.36:897][260]LogContentBrowser: Native class hierarchy updated for 'BlueprintGraph' in 0.0007 seconds. Added 116 classes and 0 folders.
[2017.12.04-11.27.37:686][260]LogSlate: Took 0.000234 seconds to synchronously load lazily loaded font '../../../Engine/Content/Slate/Fonts/Roboto-Regular.ttf' (155K)
[2017.12.04-11.27.37:840][260]LeapPluginLog: InterfaceObject: LeapAnimBodyConnector_C_0
[2017.12.04-11.27.37:855][260]LeapPluginLog: InterfaceObject: LeapAnimBodyConnector_C_1
[2017.12.04-11.27.37:878][260]LogSlate: Took 0.001130 seconds to synchronously load lazily loaded font '../../../Engine/Content/Editor/Slate/Fonts/Roboto-BoldCondensed.ttf' (158K)
[2017.12.04-11.27.38:488][261]LogSlate: Took 0.001353 seconds to synchronously load lazily loaded font '../../../Engine/Content/Editor/Slate/Fonts/Roboto-Italic.ttf' (157K)
[2017.12.04-11.30.03:644][339]LogSlate: Took 0.000301 seconds to synchronously load lazily loaded font '../../../Engine/Content/Slate/Fonts/Roboto-Light.ttf' (159K)
[2017.12.04-11.30.12:744][366]LogFileHelpers: Editor autosave (incl. sublevels) for '/Game/StarterContent/Maps/Minimal_Default' took 0.086
[2017.12.04-11.30.12:749][366]OBJ SavePackage: Generating thumbnails for [0] asset(s) in package [/Game/LeapSandBox/BP_LeapCharacter] ([1] browsable assets)...
[2017.12.04-11.30.12:749][366]OBJ SavePackage: Finished generating thumbnails for package [/Game/LeapSandBox/BP_LeapCharacter]
[2017.12.04-11.30.13:236][366]LogSavePackage: Save=454.45ms
[2017.12.04-11.30.13:236][366]LogSavePackage: Moving '../../../../../../Users/Krazyxx/Documents/Unreal Engine/LeapMotionSandBox/LeapMotionSandbox/Saved/BP_LeapCharacter_Auto1574B71E646BA33E7AC299BBCB13D5146.tmp' to '../../../../../../Users/Krazyxx/Documents/Unreal Engine/LeapMotionSandBox/LeapMotionSandbox/Saved/Autosaves/Game/LeapSandBox/BP_LeapCharacter_Auto1.uasset'
[2017.12.04-11.30.13:243][366]LogSavePackage: Display: Finished SavePackage ../../../../../../Users/Krazyxx/Documents/Unreal Engine/LeapMotionSandBox/LeapMotionSandbox/Saved/Autosaves/Game/LeapSandBox/BP_LeapCharacter_Auto1.uasset
[2017.12.04-11.30.13:243][366]LogFileHelpers: Auto-saving content packages took 0.498
[2017.12.04-13.15.28:165][293]LogSavePackage: Save=484.59ms
[2017.12.04-13.15.28:166][293]LogSavePackage: Moving '../../../../../../Users/Krazyxx/Documents/Unreal Engine/LeapMotionSandBox/LeapMotionSandbox/Saved/BP_LeapCharacter3D57F2B04C3EB6F28869659B4F20DE92.tmp' to '../../../../../../Users/Krazyxx/Documents/Unreal Engine/LeapMotionSandBox/LeapMotionSandbox/Content/LeapSandBox/BP_LeapCharacter.uasset'
[2017.12.04-13.15.28:177][293]LogSavePackage: Display: Finished SavePackage ../../../../../../Users/Krazyxx/Documents/Unreal Engine/LeapMotionSandBox/LeapMotionSandbox/Content/LeapSandBox/BP_LeapCharacter.uasset
[2017.12.04-13.15.28:241][293]LogWindowsTextInputMethodSystem: Display: IME system now deactivated.
[2017.12.04-13.15.28:612][294]Cmd: QUIT_EDITOR
[2017.12.04-13.15.28:653][294]LogExit: Preparing to exit.
[2017.12.04-13.15.29:211][294]LogDirectoryWatcher: A directory notification for 'C:/Users/Krazyxx/Documents/Unreal Engine/LeapMotionSandBox/LeapMotionSandbox/Content/' was aborted.
[2017.12.04-13.15.29:333][294]LogExit: Editor shut down
[2017.12.04-13.15.29:361][294]LogExit: Transaction tracking system shut down
[2017.12.04-13.15.29:602][294]LogDirectoryWatcher: A directory notification for '../../../Engine/Content/' was aborted.
[2017.12.04-13.15.29:602][294]LogDirectoryWatcher: A directory notification for '../../../../../../Users/Krazyxx/Documents/Unreal Engine/LeapMotionSandBox/LeapMotionSandbox/Content/' was aborted.
[2017.12.04-13.15.29:602][294]LogDirectoryWatcher: A directory notification for '../../../Engine/Plugins/2D/Paper2D/Content/' was aborted.
[2017.12.04-13.15.29:602][294]LogDirectoryWatcher: A directory notification for '../../../Engine/Plugins/Media/MediaCompositing/Content/' was aborted.
[2017.12.04-13.15.29:602][294]LogDirectoryWatcher: A directory notification for '../../../Engine/Plugins/Runtime/AppleARKit/Content/' was aborted.
[2017.12.04-13.15.29:603][294]LogDirectoryWatcher: A directory notification for '../../../Engine/Plugins/Runtime/LeapMotion/Content/' was aborted.
[2017.12.04-13.15.29:603][294]LogDirectoryWatcher: A directory notification for '../../../Engine/Plugins/Runtime/Oculus/OculusVR/Content/' was aborted.
[2017.12.04-13.15.29:603][294]LogDirectoryWatcher: A directory notification for '../../../Engine/Plugins/Runtime/Steam/SteamVR/Content/' was aborted.
[2017.12.04-13.15.29:853][294]LogExit: Object subsystem successfully closed.
[2017.12.04-13.15.29:892][294]LogD3D11RHI: Shutdown
[2017.12.04-13.15.29:892][294]LogD3D11RHI: CleanupD3DDevice
[2017.12.04-13.15.29:899][294]LogD3D11RHI: ~FD3D11DynamicRHI
[2017.12.04-13.15.29:940][294]LogModuleManager: Shutting down and abandoning module BlueprintGraph (552)
[2017.12.04-13.15.29:940][294]LogModuleManager: Shutting down and abandoning module HierarchicalLODOutliner (550)
[2017.12.04-13.15.29:940][294]LogModuleManager: Shutting down and abandoning module AddContentDialog (548)
[2017.12.04-13.15.29:940][294]LogDirectoryWatcher: A directory notification for 'C:/Program Files/Epic Games/UE_4.18/FeaturePacks/' was aborted.
[2017.12.04-13.15.29:945][294]LogModuleManager: Shutting down and abandoning module WidgetCarousel (547)
[2017.12.04-13.15.29:945][294]LogModuleManager: Shutting down and abandoning module EditorWidgets (544)
[2017.12.04-13.15.29:945][294]LogModuleManager: Shutting down and abandoning module CollectionManager (542)
[2017.12.04-13.15.29:945][294]LogDirectoryWatcher: A directory notification for 'C:/Users/Krazyxx/Documents/Unreal Engine/LeapMotionSandBox/LeapMotionSandbox/Content/Collections/' was aborted.
[2017.12.04-13.15.29:945][294]LogDirectoryWatcher: A directory notification for 'C:/Users/Krazyxx/Documents/Unreal Engine/LeapMotionSandBox/LeapMotionSandbox/Content/Developers/Krazyxx/Collections/' was aborted.
[2017.12.04-13.15.29:945][294]LogDirectoryWatcher: A directory notification for 'C:/Users/Krazyxx/Documents/Unreal Engine/LeapMotionSandBox/LeapMotionSandbox/Saved/Collections/' was aborted.
[2017.12.04-13.15.29:945][294]LogModuleManager: Shutting down and abandoning module SceneOutliner (540)
[2017.12.04-13.15.29:946][294]LogModuleManager: Shutting down and abandoning module StatsViewer (538)
[2017.12.04-13.15.29:946][294]LogModuleManager: Shutting down and abandoning module FoliageEdit (536)
[2017.12.04-13.15.29:946][294]LogModuleManager: Shutting down and abandoning module LandscapeEditor (534)
[2017.12.04-13.15.29:946][294]LogModuleManager: Shutting down and abandoning module MeshPaintMode (532)
[2017.12.04-13.15.29:946][294]LogModuleManager: Shutting down and abandoning module SceneDepthPickerMode (530)
[2017.12.04-13.15.29:946][294]LogModuleManager: Shutting down and abandoning module ActorPickerMode (528)
[2017.12.04-13.15.29:946][294]LogModuleManager: Shutting down and abandoning module GeometryMode (526)
[2017.12.04-13.15.29:946][294]LogModuleManager: Shutting down and abandoning module TextureAlignMode (524)
[2017.12.04-13.15.29:946][294]LogModuleManager: Shutting down and abandoning module BspMode (522)
[2017.12.04-13.15.29:946][294]LogModuleManager: Shutting down and abandoning module PIEPreviewDeviceProfileSelector (520)
[2017.12.04-13.15.29:946][294]LogModuleManager: Shutting down and abandoning module HardwareSurvey (518)
[2017.12.04-13.15.29:946][294]LogModuleManager: Shutting down and abandoning module SequenceRecorderSections (516)
[2017.12.04-13.15.29:946][294]LogModuleManager: Shutting down and abandoning module AutomationWorker (514)
[2017.12.04-13.15.29:946][294]LogModuleManager: Shutting down and abandoning module MatineeToLevelSequence (512)
[2017.12.04-13.15.29:946][294]LogModuleManager: Shutting down and abandoning module LevelSequenceEditor (510)
[2017.12.04-13.15.29:946][294]LogModuleManager: Shutting down and abandoning module PlacementMode (509)
[2017.12.04-13.15.29:946][294]LogModuleManager: Shutting down and abandoning module WmfMediaFactory (506)
[2017.12.04-13.15.29:946][294]LogModuleManager: Shutting down and abandoning module WmfMediaEditor (504)
[2017.12.04-13.15.29:947][294]LogModuleManager: Shutting down and abandoning module OpenExrWrapper (502)
[2017.12.04-13.15.29:947][294]LogModuleManager: Shutting down and abandoning module ImgMediaFactory (500)
[2017.12.04-13.15.29:947][294]LogModuleManager: Shutting down and abandoning module ImgMediaEditor (498)
[2017.12.04-13.15.29:947][294]LogModuleManager: Shutting down and abandoning module AvfMediaFactory (496)
[2017.12.04-13.15.29:947][294]LogModuleManager: Shutting down and abandoning module AvfMediaEditor (494)
[2017.12.04-13.15.29:947][294]LogModuleManager: Shutting down and abandoning module AndroidMediaFactory (492)
[2017.12.04-13.15.29:947][294]LogModuleManager: Shutting down and abandoning module AndroidMediaEditor (490)
[2017.12.04-13.15.29:947][294]LogModuleManager: Shutting down and abandoning module CharacterAI (488)
[2017.12.04-13.15.29:947][294]LogModuleManager: Shutting down and abandoning module AudioCapture (486)
[2017.12.04-13.15.29:947][294]LogModuleManager: Shutting down and abandoning module SequenceRecorder (485)
[2017.12.04-13.15.29:947][294]LogModuleManager: Shutting down and abandoning module SmartSnapping (482)
[2017.12.04-13.15.29:947][294]LogModuleManager: Shutting down and abandoning module SessionServices (480)
[2017.12.04-13.15.29:947][294]LogModuleManager: Shutting down and abandoning module ViewportSnapping (478)
[2017.12.04-13.15.29:947][294]LogModuleManager: Shutting down and abandoning module ViewportInteraction (476)
[2017.12.04-13.15.29:947][294]LogModuleManager: Shutting down and abandoning module ClothPainter (474)
[2017.12.04-13.15.29:947][294]LogModuleManager: Shutting down and abandoning module SkeletalMeshEditor (473)
[2017.12.04-13.15.29:947][294]LogModuleManager: Shutting down and abandoning module LogVisualizer (470)
[2017.12.04-13.15.29:947][294]LogModuleManager: Shutting down and abandoning module IntroTutorials (468)
[2017.12.04-13.15.29:947][294]LogModuleManager: Shutting down and abandoning module GameProjectGeneration (467)
[2017.12.04-13.15.29:947][294]LogModuleManager: Shutting down and abandoning module IOSPlatformEditor (464)
[2017.12.04-13.15.29:947][294]LogModuleManager: Shutting down and abandoning module HTML5PlatformEditor (462)
[2017.12.04-13.15.29:947][294]LogModuleManager: Shutting down and abandoning module AndroidPlatformEditor (460)
[2017.12.04-13.15.29:947][294]LogModuleManager: Shutting down and abandoning module AndroidDeviceDetection (459)
[2017.12.04-13.15.30:079][294]LogModuleManager: Shutting down and abandoning module WindowsPlatformEditor (456)
[2017.12.04-13.15.30:079][294]LogModuleManager: Shutting down and abandoning module IOSRuntimeSettings (454)
[2017.12.04-13.15.30:079][294]LogModuleManager: Shutting down and abandoning module AndroidRuntimeSettings (452)
[2017.12.04-13.15.30:079][294]LogModuleManager: Shutting down and abandoning module InputBindingEditor (450)
[2017.12.04-13.15.30:079][294]LogModuleManager: Shutting down and abandoning module MergeActors (448)
[2017.12.04-13.15.30:079][294]LogModuleManager: Shutting down and abandoning module SizeMap (446)
[2017.12.04-13.15.30:079][294]LogModuleManager: Shutting down and abandoning module TreeMap (444)
[2017.12.04-13.15.30:080][294]LogModuleManager: Shutting down and abandoning module ReferenceViewer (442)
[2017.12.04-13.15.30:080][294]LogModuleManager: Shutting down and abandoning module LocalizationDashboard (440)
[2017.12.04-13.15.30:080][294]LogModuleManager: Shutting down and abandoning module LocalizationService (439)
[2017.12.04-13.15.30:080][294]LogModuleManager: Shutting down and abandoning module HardwareTargeting (436)
[2017.12.04-13.15.30:080][294]LogModuleManager: Shutting down and abandoning module DeviceProfileEditor (434)
[2017.12.04-13.15.30:080][294]LogModuleManager: Shutting down and abandoning module UndoHistory (432)
[2017.12.04-13.15.30:080][294]LogModuleManager: Shutting down and abandoning module XmlParser (430)
[2017.12.04-13.15.30:080][294]LogModuleManager: Shutting down and abandoning module Blutility (428)
[2017.12.04-13.15.30:080][294]LogModuleManager: Shutting down and abandoning module ProjectSettingsViewer (426)
[2017.12.04-13.15.30:080][294]LogModuleManager: Shutting down and abandoning module ProjectTargetPlatformEditor (425)
[2017.12.04-13.15.30:080][294]LogModuleManager: Shutting down and abandoning module EditorSettingsViewer (422)
[2017.12.04-13.15.30:080][294]LogModuleManager: Shutting down and abandoning module SettingsEditor (420)
[2017.12.04-13.15.30:080][294]LogModuleManager: Shutting down and abandoning module ProjectLauncher (418)
[2017.12.04-13.15.30:080][294]LogModuleManager: Shutting down and abandoning module SessionFrontend (416)
[2017.12.04-13.15.30:080][294]LogModuleManager: Shutting down and abandoning module ProfilerClient (414)
[2017.12.04-13.15.30:080][294]LogModuleManager: Shutting down and abandoning module DeviceManager (412)
[2017.12.04-13.15.30:080][294]LogModuleManager: Shutting down and abandoning module TargetDeviceServices (411)
[2017.12.04-13.15.30:136][294]LogModuleManager: Shutting down and abandoning module AutomationController (408)
[2017.12.04-13.15.30:136][294]LogModuleManager: Shutting down and abandoning module AutomationWindow (406)
[2017.12.04-13.15.30:136][294]LogModuleManager: Shutting down and abandoning module Layers (404)
[2017.12.04-13.15.30:136][294]LogModuleManager: Shutting down and abandoning module ComponentVisualizers (402)
[2017.12.04-13.15.30:136][294]LogModuleManager: Shutting down and abandoning module DetailCustomizations (400)
[2017.12.04-13.15.30:136][294]LogModuleManager: Shutting down and abandoning module PackagesDialog (398)
[2017.12.04-13.15.30:136][294]LogModuleManager: Shutting down and abandoning module Persona (396)
[2017.12.04-13.15.30:136][294]LogModuleManager: Shutting down and abandoning module AdvancedPreviewScene (395)
[2017.12.04-13.15.30:136][294]LogModuleManager: Shutting down and abandoning module AnimGraph (393)
[2017.12.04-13.15.30:136][294]LogModuleManager: Shutting down and abandoning module Kismet (390)
[2017.12.04-13.15.30:150][294]LogModuleManager: Shutting down and abandoning module ClassViewer (388)
[2017.12.04-13.15.30:150][294]LogModuleManager: Shutting down and abandoning module Toolbox (386)
[2017.12.04-13.15.30:150][294]LogModuleManager: Shutting down and abandoning module ModuleUI (384)
[2017.12.04-13.15.30:150][294]LogModuleManager: Shutting down and abandoning module MovieSceneTools (382)
[2017.12.04-13.15.30:151][294]LogModuleManager: Shutting down and abandoning module OutputLog (380)
[2017.12.04-13.15.30:151][294]LogModuleManager: Shutting down and abandoning module GammaUI (378)
[2017.12.04-13.15.30:151][294]LogModuleManager: Shutting down and abandoning module Documentation (376)
[2017.12.04-13.15.30:151][294]LogModuleManager: Shutting down and abandoning module MovieSceneTracks (374)
[2017.12.04-13.15.30:151][294]LogModuleManager: Shutting down and abandoning module MovieScene (372)
[2017.12.04-13.15.30:151][294]LogModuleManager: Shutting down and abandoning module StreamingPauseRendering (370)
[2017.12.04-13.15.30:151][294]LogModuleManager: Shutting down and abandoning module LauncherPlatform (368)
[2017.12.04-13.15.30:151][294]LogModuleManager: Shutting down and abandoning module AnalyticsET (366)
[2017.12.04-13.15.30:151][294]LogModuleManager: Shutting down and abandoning module PortalServices (364)
[2017.12.04-13.15.30:151][294]LogModuleManager: Shutting down and abandoning module PortalRpc (362)
[2017.12.04-13.15.30:151][294]LogModuleManager: Shutting down and abandoning module MessagingRpc (360)
[2017.12.04-13.15.30:151][294]LogModuleManager: Shutting down and abandoning module AIModule (358)
[2017.12.04-13.15.30:151][294]LogModuleManager: Shutting down and abandoning module GameplayDebugger (357)
[2017.12.04-13.15.30:151][294]LogModuleManager: Shutting down and abandoning module AITestSuite (355)
[2017.12.04-13.15.30:151][294]LogModuleManager: Shutting down and abandoning module DesktopPlatform (352)
[2017.12.04-13.15.30:151][294]LogModuleManager: Shutting down and abandoning module ProfilerService (350)
[2017.12.04-13.15.30:158][294]LogModuleManager: Shutting down and abandoning module TaskGraph (348)
[2017.12.04-13.15.30:158][294]LogModuleManager: Shutting down and abandoning module SteamVRController (346)
[2017.12.04-13.15.30:159][294]LogModuleManager: Shutting down and abandoning module ProceduralMeshComponentEditor (344)
[2017.12.04-13.15.30:159][294]LogModuleManager: Shutting down and abandoning module ProceduralMeshComponent (342)
[2017.12.04-13.15.30:159][294]LogModuleManager: Shutting down and abandoning module OculusInput (340)
[2017.12.04-13.15.30:159][294]LogModuleManager: Shutting down and abandoning module MobilePatchingUtils (338)
[2017.12.04-13.15.30:159][294]LogModuleManager: Shutting down and abandoning module CustomMeshComponent (336)
[2017.12.04-13.15.30:159][294]LogModuleManager: Shutting down and abandoning module CableComponent (334)
[2017.12.04-13.15.30:159][294]LogModuleManager: Shutting down and abandoning module ArchVisCharacter (332)
[2017.12.04-13.15.30:159][294]LogModuleManager: Shutting down and abandoning module AndroidPermission (330)
[2017.12.04-13.15.30:159][294]LogModuleManager: Shutting down and abandoning module ActorSequence (326)
[2017.12.04-13.15.30:159][294]LogModuleManager: Shutting down and abandoning module MediaPlayerEditor (324)
[2017.12.04-13.15.30:159][294]LogModuleManager: Shutting down and abandoning module MediaCompositingEditor (322)
[2017.12.04-13.15.30:159][294]LogModuleManager: Shutting down and abandoning module MediaCompositing (320)
[2017.12.04-13.15.30:159][294]LogModuleManager: Shutting down and abandoning module HTML5Networking (318)
[2017.12.04-13.15.30:159][294]LogModuleManager: Shutting down and abandoning module AlembicImporter (316)
[2017.12.04-13.15.30:159][294]LogModuleManager: Shutting down and abandoning module AlembicLibrary (315)
[2017.12.04-13.15.30:159][294]LogModuleManager: Shutting down and abandoning module GeometryCache (314)
[2017.12.04-13.15.30:159][294]LogModuleManager: Shutting down and abandoning module GeometryCacheEd (313)
[2017.12.04-13.15.30:159][294]LogModuleManager: Shutting down and abandoning module SpeedTreeImporter (308)
[2017.12.04-13.15.30:159][294]LogModuleManager: Shutting down and abandoning module PluginBrowser (306)
[2017.12.04-13.15.30:159][294]LogModuleManager: Shutting down and abandoning module MobileLauncherProfileWizard (304)
[2017.12.04-13.15.30:159][294]LogModuleManager: Shutting down and abandoning module VisualStudioSourceCodeAccess (302)
[2017.12.04-13.15.30:159][294]LogModuleManager: Shutting down and abandoning module VisualStudioCodeSourceCodeAccess (300)
[2017.12.04-13.15.30:159][294]LogModuleManager: Shutting down and abandoning module UObjectPlugin (298)
[2017.12.04-13.15.30:159][294]LogModuleManager: Shutting down and abandoning module SubversionSourceControl (296)
[2017.12.04-13.15.30:159][294]LogModuleManager: Shutting down and abandoning module PerforceSourceControl (294)
[2017.12.04-13.15.30:159][294]LogModuleManager: Shutting down and abandoning module GitSourceControl (292)
[2017.12.04-13.15.30:159][294]LogModuleManager: Shutting down and abandoning module SourceControl (291)
[2017.12.04-13.15.30:160][294]LogModuleManager: Shutting down and abandoning module LightPropagationVolumeEditor (288)
[2017.12.04-13.15.30:160][294]LogModuleManager: Shutting down and abandoning module PaperTiledImporter (286)
[2017.12.04-13.15.30:160][294]LogModuleManager: Shutting down and abandoning module PaperSpriteSheetImporter (284)
[2017.12.04-13.15.30:160][294]LogModuleManager: Shutting down and abandoning module Paper2DEditor (282)
[2017.12.04-13.15.30:160][294]LogModuleManager: Shutting down and abandoning module MeshPaint (281)
[2017.12.04-13.15.30:161][294]LogModuleManager: Shutting down and abandoning module LevelEditor (279)
[2017.12.04-13.15.30:162][294]LogModuleManager: Shutting down and abandoning module PixelInspectorModule (278)
[2017.12.04-13.15.30:162][294]LogModuleManager: Shutting down and abandoning module MainFrame (276)
[2017.12.04-13.15.30:163][294]LogModuleManager: Shutting down and abandoning module HotReload (275)
[2017.12.04-13.15.30:163][294]LogModuleManager: Shutting down and abandoning module RuntimePhysXCooking (270)
[2017.12.04-13.15.30:163][294]LogModuleManager: Shutting down and abandoning module PhysXVehiclesEditor (268)
[2017.12.04-13.15.30:163][294]LogModuleManager: Shutting down and abandoning module PhysXVehicles (266)
[2017.12.04-13.15.30:163][294]LogModuleManager: Shutting down and abandoning module OculusEditor (264)
[2017.12.04-13.15.30:163][294]LogModuleManager: Shutting down and abandoning module LocationServicesBPLibrary (262)
[2017.12.04-13.15.30:163][294]LogModuleManager: Shutting down and abandoning module ImmediatePhysicsEditor (260)
[2017.12.04-13.15.30:163][294]LogModuleManager: Shutting down and abandoning module ImmediatePhysics (258)
[2017.12.04-13.15.30:163][294]LogModuleManager: Shutting down and abandoning module UdpMessaging (256)
[2017.12.04-13.15.30:264][294]LogModuleManager: Shutting down and abandoning module TcpMessaging (254)
[2017.12.04-13.15.30:364][294]LogModuleManager: Shutting down and abandoning module GameplayTagsEditor (252)
[2017.12.04-13.15.30:364][294]LogModuleManager: Shutting down and abandoning module FacialAnimationEditor (250)
[2017.12.04-13.15.30:364][294]LogModuleManager: Shutting down and abandoning module FacialAnimation (248)
[2017.12.04-13.15.30:364][294]LogModuleManager: Shutting down and abandoning module AssetManagerEditor (246)
[2017.12.04-13.15.30:364][294]LogModuleManager: Shutting down and abandoning module GraphEditor (245)
[2017.12.04-13.15.30:364][294]LogModuleManager: Shutting down and abandoning module ContentBrowser (243)
[2017.12.04-13.15.30:366][294]LogModuleManager: Shutting down and abandoning module LightPropagationVolumeRuntime (240)
[2017.12.04-13.15.30:366][294]LogModuleManager: Shutting down and abandoning module Paper2D (238)
[2017.12.04-13.15.30:366][294]LogModuleManager: Shutting down and abandoning module WindowsMoviePlayer (236)
[2017.12.04-13.15.30:366][294]LogModuleManager: Shutting down and abandoning module WmfMedia (234)
[2017.12.04-13.15.30:368][294]LogModuleManager: Shutting down and abandoning module ImgMedia (232)
[2017.12.04-13.15.30:368][294]LogModuleManager: Shutting down and abandoning module PacketHandler (230)
[2017.12.04-13.15.30:368][294]LogModuleManager: Shutting down and abandoning module ClothingSystemEditor (228)
[2017.12.04-13.15.30:368][294]LogModuleManager: Shutting down and abandoning module ClothingSystemRuntime (226)
[2017.12.04-13.15.30:368][294]LogModuleManager: Shutting down and abandoning module MediaAssets (224)
[2017.12.04-13.15.30:368][294]LogModuleManager: Shutting down and abandoning module Media (223)
[2017.12.04-13.15.30:374][294]LogModuleManager: Shutting down and abandoning module Overlay (220)
[2017.12.04-13.15.30:374][294]LogModuleManager: Shutting down and abandoning module OverlayEditor (219)
[2017.12.04-13.15.30:374][294]LogModuleManager: Shutting down and abandoning module VREditor (216)
[2017.12.04-13.15.30:374][294]LogModuleManager: Shutting down and abandoning module StringTableEditor (214)
[2017.12.04-13.15.30:374][294]LogModuleManager: Shutting down and abandoning module GameplayTasksEditor (212)
[2017.12.04-13.15.30:374][294]LogModuleManager: Shutting down and abandoning module BehaviorTreeEditor (210)
[2017.12.04-13.15.30:374][294]LogModuleManager: Shutting down and abandoning module FunctionalTesting (208)
[2017.12.04-13.15.30:374][294]LogModuleManager: Shutting down and abandoning module CollisionAnalyzer (206)
[2017.12.04-13.15.30:374][294]LogModuleManager: Shutting down and abandoning module WorkspaceMenuStructure (205)
[2017.12.04-13.15.30:374][294]LogModuleManager: Shutting down and abandoning module UMG (202)
[2017.12.04-13.15.30:374][294]LogModuleManager: Shutting down and abandoning module UMGEditor (201)
[2017.12.04-13.15.30:374][294]LogModuleManager: Shutting down and abandoning module Sequencer (200)
[2017.12.04-13.15.30:375][294]LogModuleManager: Shutting down and abandoning module MessageLog (197)
[2017.12.04-13.15.30:375][294]LogModuleManager: Shutting down and abandoning module SlateReflector (192)
[2017.12.04-13.15.30:375][294]LogModuleManager: Shutting down and abandoning module Slate (190)
[2017.12.04-13.15.30:375][294]LogModuleManager: Shutting down and abandoning module EditorStyle (188)
[2017.12.04-13.15.30:378][294]LogModuleManager: Shutting down and abandoning module MRMesh (186)
[2017.12.04-13.15.30:378][294]LogModuleManager: Shutting down and abandoning module SourceCodeAccess (184)
[2017.12.04-13.15.30:378][294]LogModuleManager: Shutting down and abandoning module HeadMountedDisplay (182)
[2017.12.04-13.15.30:378][294]LogModuleManager: Shutting down and abandoning module XAudio2 (180)
[2017.12.04-13.15.30:378][294]LogModuleManager: Shutting down and abandoning module Networking (178)
[2017.12.04-13.15.30:378][294]LogModuleManager: Shutting down and abandoning module Core (174)
[2017.12.04-13.15.30:378][294]LogModuleManager: Shutting down and abandoning module LevelSequence (170)
[2017.12.04-13.15.30:379][294]LogModuleManager: Shutting down and abandoning module DirectoryWatcher (168)
[2017.12.04-13.15.30:386][294]LogModuleManager: Shutting down and abandoning module KismetCompiler (166)
[2017.12.04-13.15.30:386][294]LogModuleManager: Shutting down and abandoning module MeshUtilities (164)
[2017.12.04-13.15.30:386][294]LogModuleManager: Shutting down and abandoning module MeshMergeUtilities (163)
[2017.12.04-13.15.30:387][294]LogModuleManager: Shutting down and abandoning module MeshReductionInterface (162)
[2017.12.04-13.15.30:387][294]LogModuleManager: Shutting down and abandoning module SimplygonSwarm (161)
[2017.12.04-13.15.30:387][294]LogModuleManager: Shutting down and abandoning module SimplygonMeshReduction (159)
[2017.12.04-13.15.30:387][294]LogModuleManager: Shutting down and abandoning module QuadricMeshReduction (157)
[2017.12.04-13.15.30:387][294]LogModuleManager: Shutting down and abandoning module MaterialBaking (153)
[2017.12.04-13.15.30:387][294]LogModuleManager: Shutting down and abandoning module DerivedDataCache (150)
[2017.12.04-13.15.30:465][294]LogDerivedDataCache: Shutdown
[2017.12.04-13.15.30:465][294]LogModuleManager: Shutting down and abandoning module TargetPlatform (148)
[2017.12.04-13.15.30:465][294]LogModuleManager: Shutting down and abandoning module VulkanShaderFormat (147)
[2017.12.04-13.15.30:465][294]LogModuleManager: Shutting down and abandoning module ShaderFormatVectorVM (145)
[2017.12.04-13.15.30:466][294]LogModuleManager: Shutting down and abandoning module ShaderFormatOpenGL (143)
[2017.12.04-13.15.30:466][294]LogModuleManager: Shutting down and abandoning module ShaderFormatD3D (141)
[2017.12.04-13.15.30:466][294]LogModuleManager: Shutting down and abandoning module MetalShaderFormat (139)
[2017.12.04-13.15.30:466][294]LogModuleManager: Shutting down and abandoning module TextureFormatUncompressed (137)
[2017.12.04-13.15.30:466][294]LogModuleManager: Shutting down and abandoning module TextureFormatPVR (135)
[2017.12.04-13.15.30:466][294]LogModuleManager: Shutting down and abandoning module TextureFormatDXT (133)
[2017.12.04-13.15.30:466][294]LogModuleManager: Shutting down and abandoning module TextureFormatIntelISPCTexComp (131)
[2017.12.04-13.15.30:466][294]LogModuleManager: Shutting down and abandoning module TextureFormatASTC (129)
[2017.12.04-13.15.30:466][294]LogModuleManager: Shutting down and abandoning module ImageWrapper (128)
[2017.12.04-13.15.30:466][294]LogModuleManager: Shutting down and abandoning module TextureFormatAndroid (125)
[2017.12.04-13.15.30:466][294]LogModuleManager: Shutting down and abandoning module AudioFormatOpus (123)
[2017.12.04-13.15.30:466][294]LogModuleManager: Shutting down and abandoning module AudioFormatOgg (121)
[2017.12.04-13.15.30:466][294]LogModuleManager: Shutting down and abandoning module AudioFormatADPCM (119)
[2017.12.04-13.15.30:466][294]LogModuleManager: Shutting down and abandoning module LinuxTargetPlatform (117)
[2017.12.04-13.15.30:466][294]LogModuleManager: Shutting down and abandoning module LinuxServerTargetPlatform (115)
[2017.12.04-13.15.30:466][294]LogModuleManager: Shutting down and abandoning module LinuxNoEditorTargetPlatform (113)
[2017.12.04-13.15.30:466][294]LogModuleManager: Shutting down and abandoning module LinuxClientTargetPlatform (111)
[2017.12.04-13.15.30:466][294]LogModuleManager: Shutting down and abandoning module TVOSTargetPlatform (109)
[2017.12.04-13.15.30:466][294]LogModuleManager: Shutting down and abandoning module Messaging (107)
[2017.12.04-13.15.30:466][294]LogModuleManager: Shutting down and abandoning module IOSTargetPlatform (105)
[2017.12.04-13.15.30:466][294]LogModuleManager: Shutting down and abandoning module HTML5TargetPlatform (103)
[2017.12.04-13.15.30:466][294]LogModuleManager: Shutting down and abandoning module AndroidTargetPlatform (101)
[2017.12.04-13.15.30:466][294]LogModuleManager: Shutting down and abandoning module Android_PVRTCTargetPlatform (99)
[2017.12.04-13.15.30:466][294]LogModuleManager: Shutting down and abandoning module Android_MultiTargetPlatform (97)
[2017.12.04-13.15.30:467][294]LogModuleManager: Shutting down and abandoning module Android_ETC2TargetPlatform (95)
[2017.12.04-13.15.30:467][294]LogModuleManager: Shutting down and abandoning module Android_ETC1TargetPlatform (93)
[2017.12.04-13.15.30:467][294]LogModuleManager: Shutting down and abandoning module Android_DXTTargetPlatform (91)
[2017.12.04-13.15.30:467][294]LogModuleManager: Shutting down and abandoning module Android_ATCTargetPlatform (89)
[2017.12.04-13.15.30:467][294]LogModuleManager: Shutting down and abandoning module Android_ASTCTargetPlatform (87)
[2017.12.04-13.15.30:467][294]LogModuleManager: Shutting down and abandoning module WindowsTargetPlatform (85)
[2017.12.04-13.15.30:467][294]LogModuleManager: Shutting down and abandoning module WindowsServerTargetPlatform (83)
[2017.12.04-13.15.30:467][294]LogModuleManager: Shutting down and abandoning module WindowsNoEditorTargetPlatform (81)
[2017.12.04-13.15.30:467][294]LogModuleManager: Shutting down and abandoning module WindowsClientTargetPlatform (79)
[2017.12.04-13.15.30:467][294]LogModuleManager: Shutting down and abandoning module MacTargetPlatform (77)
[2017.12.04-13.15.30:467][294]LogModuleManager: Shutting down and abandoning module MacServerTargetPlatform (75)
[2017.12.04-13.15.30:467][294]LogModuleManager: Shutting down and abandoning module MacNoEditorTargetPlatform (73)
[2017.12.04-13.15.30:467][294]LogModuleManager: Shutting down and abandoning module MacClientTargetPlatform (71)
[2017.12.04-13.15.30:467][294]LogModuleManager: Shutting down and abandoning module AllDesktopTargetPlatform (69)
[2017.12.04-13.15.30:467][294]LogModuleManager: Shutting down and abandoning module InputCore (66)
[2017.12.04-13.15.30:467][294]LogModuleManager: Shutting down and abandoning module Settings (64)
[2017.12.04-13.15.30:467][294]LogModuleManager: Shutting down and abandoning module PhysXCooking (62)
[2017.12.04-13.15.30:467][294]LogModuleManager: Shutting down and abandoning module SteamVR (60)
[2017.12.04-13.15.30:467][294]LogModuleManager: Shutting down and abandoning module OculusHMD (58)
[2017.12.04-13.15.30:467][294]LogModuleManager: Shutting down and abandoning module LeapMotion (56)
[2017.12.04-13.15.30:467][294]LogModuleManager: Shutting down and abandoning module ExampleDeviceProfileSelector (54)
[2017.12.04-13.15.30:467][294]LogModuleManager: Shutting down and abandoning module AppleARKit (52)
[2017.12.04-13.15.30:467][294]LogModuleManager: Shutting down and abandoning module AugmentedReality (51)
[2017.12.04-13.15.30:467][294]LogModuleManager: Shutting down and abandoning module OnlineBlueprintSupport (48)
[2017.12.04-13.15.30:467][294]LogModuleManager: Shutting down and abandoning module OnlineSubsystem (44)
[2017.12.04-13.15.30:467][294]LogModuleManager: Shutting down and abandoning module XMPP (43)
[2017.12.04-13.15.30:467][294]LogModuleManager: Shutting down and abandoning module HTTP (41)
[2017.12.04-13.15.30:467][294]LogHttp: Display: Http module shutting down, but needs to wait on 1 outstanding Http requests:
[2017.12.04-13.15.30:467][294]LogHttp: Display: 	verb=[POST] url=[https://datarouter.ol.epicgames.com/datarouter/api/v1/public/data?SessionID=%7B0113503B-44FE-4AFF-2F1B-979C2715CE69%7D&AppID=UEEditor.Rocket.Release&AppVersion=4.18.1-3754814%2B%2B%2BUE4%2BRelease-4.18&UserID=2df918224b60b2dc104caba5fd504a6c%7Cccc58763ed05413d853641b7df610570%7C66c4948a-2a35-490f-90b5-1035e6317891&AppEnvironment=datacollector-binary&UploadType=eteventstream] status=Processing
[2017.12.04-13.15.30:471][294]LogModuleManager: Shutting down and abandoning module SSL (40)
[2017.12.04-13.15.30:474][294]LogModuleManager: Shutting down and abandoning module AnimationModifiers (36)
[2017.12.04-13.15.30:474][294]LogModuleManager: Shutting down and abandoning module PropertyEditor (35)
[2017.12.04-13.15.30:474][294]LogModuleManager: Shutting down and abandoning module AudioEditor (32)
[2017.12.04-13.15.30:474][294]LogModuleManager: Shutting down and abandoning module TextureCompressor (30)
[2017.12.04-13.15.30:475][294]LogModuleManager: Shutting down and abandoning module ShaderCore (28)
[2017.12.04-13.15.30:475][294]LogModuleManager: Shutting down and abandoning module Landscape (26)
[2017.12.04-13.15.30:475][294]LogModuleManager: Shutting down and abandoning module SlateRHIRenderer (24)
[2017.12.04-13.15.30:480][294]LogModuleManager: Shutting down and abandoning module OpenGLDrv (22)
[2017.12.04-13.15.30:480][294]LogModuleManager: Shutting down and abandoning module D3D11RHI (20)
[2017.12.04-13.15.30:480][294]LogModuleManager: Shutting down and abandoning module AnimGraphRuntime (18)
[2017.12.04-13.15.30:480][294]LogModuleManager: Shutting down and abandoning module Renderer (16)
[2017.12.04-13.15.30:480][294]LogModuleManager: Shutting down and abandoning module Engine (14)
[2017.12.04-13.15.30:480][294]LogModuleManager: Shutting down and abandoning module CoreUObject (12)
[2017.12.04-13.15.30:480][294]LogModuleManager: Shutting down and abandoning module NetworkFile (10)
[2017.12.04-13.15.30:480][294]LogModuleManager: Shutting down and abandoning module CookedIterativeFile (8)
[2017.12.04-13.15.30:480][294]LogModuleManager: Shutting down and abandoning module StreamingFile (6)
[2017.12.04-13.15.30:480][294]LogModuleManager: Shutting down and abandoning module SandboxFile (4)
[2017.12.04-13.15.30:480][294]LogModuleManager: Shutting down and abandoning module PakFile (2)
[2017.12.04-13.15.30:484][294]LogExit: Exiting.
[2017.12.04-13.15.30:507][294]Log file closed, 12/04/17 14:15:30
