Log file open, 12/11/17 21:29:52
LogWindows: Failed to load 'aqProf.dll' (GetLastError=126)
LogWindows: File 'aqProf.dll' does not exist
LogWindows: Failed to load 'VtuneApi.dll' (GetLastError=126)
LogWindows: File 'VtuneApi.dll' does not exist
LogWindows: Failed to load 'VtuneApi32e.dll' (GetLastError=126)
LogWindows: File 'VtuneApi32e.dll' does not exist
LogInit: Display: Running engine for game: LeapMotionSandbox
LogPlatformFile: Not using cached read wrapper
LogInit: Display: RandInit(-613261367) SRandInit(-613261367).
LogInit: Read version file with build ID '3709383'
LogInit: Overriding engine version to CL 3754814, compatible CL 3709383
LogInit: Registered custom module enumerator with build ID '3709383'
LogTaskGraph: Started task graph with 5 named threads and 14 total threads with 3 sets of task threads.
LogStats: Stats thread started at 0.173885
LogD3D11RHI: Aftermath initialized
LogModuleManager: Display: Found up-to-date module file ../../../Engine/Plugins/Runtime/LeapMotion/Binaries/Win64/UE4Editor-LeapMotion.dll (API version 3709383).
LogModuleManager: Display: Found up-to-date module file ../../../Engine/Plugins/Runtime/ApexDestruction/Binaries/Win64/UE4Editor-ApexDestruction.dll (API version 3709383).
LogModuleManager: Display: Found up-to-date module file ../../../Engine/Plugins/Runtime/ApexDestruction/Binaries/Win64/UE4Editor-ApexDestructionEditor.dll (API version 3709383).
LogModuleManager: Display: Found up-to-date module file ../../../Engine/Plugins/2D/Paper2D/Binaries/Win64/UE4Editor-Paper2D.dll (API version 3709383).
LogModuleManager: Display: Found up-to-date module file ../../../Engine/Plugins/2D/Paper2D/Binaries/Win64/UE4Editor-Paper2DEditor.dll (API version 3709383).
LogModuleManager: Display: Found up-to-date module file ../../../Engine/Plugins/2D/Paper2D/Binaries/Win64/UE4Editor-PaperSpriteSheetImporter.dll (API version 3709383).
LogModuleManager: Display: Found up-to-date module file ../../../Engine/Plugins/2D/Paper2D/Binaries/Win64/UE4Editor-PaperTiledImporter.dll (API version 3709383).
LogModuleManager: Display: Found up-to-date module file ../../../Engine/Plugins/2D/Paper2D/Binaries/Win64/UE4Editor-SmartSnapping.dll (API version 3709383).
LogModuleManager: Display: Found up-to-date module file ../../../Engine/Plugins/Blendables/LightPropagationVolume/Binaries/Win64/UE4Editor-LightPropagationVolumeRuntime.dll (API version 3709383).
LogModuleManager: Display: Found up-to-date module file ../../../Engine/Plugins/Blendables/LightPropagationVolume/Binaries/Win64/UE4Editor-LightPropagationVolumeEditor.dll (API version 3709383).
LogModuleManager: Display: Found up-to-date module file ../../../Engine/Plugins/Developer/GitSourceControl/Binaries/Win64/UE4Editor-GitSourceControl.dll (API version 3709383).
LogModuleManager: Display: Found up-to-date module file ../../../Engine/Plugins/Developer/PerforceSourceControl/Binaries/Win64/UE4Editor-PerforceSourceControl.dll (API version 3709383).
LogModuleManager: Display: Found up-to-date module file ../../../Engine/Plugins/Developer/SubversionSourceControl/Binaries/Win64/UE4Editor-SubversionSourceControl.dll (API version 3709383).
LogModuleManager: Display: Found up-to-date module file ../../../Engine/Plugins/Developer/UObjectPlugin/Binaries/Win64/UE4Editor-UObjectPlugin.dll (API version 3709383).
LogModuleManager: Display: Found up-to-date module file ../../../Engine/Plugins/Developer/VisualStudioCodeSourceCodeAccess/Binaries/Win64/UE4Editor-VisualStudioCodeSourceCodeAccess.dll (API version 3709383).
LogModuleManager: Display: Found up-to-date module file ../../../Engine/Plugins/Developer/VisualStudioSourceCodeAccess/Binaries/Win64/UE4Editor-VisualStudioSourceCodeAccess.dll (API version 3709383).
LogModuleManager: Display: Found up-to-date module file ../../../Engine/Plugins/Editor/AssetManagerEditor/Binaries/Win64/UE4Editor-AssetManagerEditor.dll (API version 3709383).
LogModuleManager: Display: Found up-to-date module file ../../../Engine/Plugins/Editor/AudioCapture/Binaries/Win64/UE4Editor-AudioCapture.dll (API version 3709383).
LogModuleManager: Display: Found up-to-date module file ../../../Engine/Plugins/Editor/FacialAnimation/Binaries/Win64/UE4Editor-FacialAnimation.dll (API version 3709383).
LogModuleManager: Display: Found up-to-date module file ../../../Engine/Plugins/Editor/FacialAnimation/Binaries/Win64/UE4Editor-FacialAnimationEditor.dll (API version 3709383).
LogModuleManager: Display: Found up-to-date module file ../../../Engine/Plugins/Editor/GameplayTagsEditor/Binaries/Win64/UE4Editor-GameplayTagsEditor.dll (API version 3709383).
LogModuleManager: Display: Found up-to-date module file ../../../Engine/Plugins/Editor/MobileLauncherProfileWizard/Binaries/Win64/UE4Editor-MobileLauncherProfileWizard.dll (API version 3709383).
LogModuleManager: Display: Found up-to-date module file ../../../Engine/Plugins/Editor/PluginBrowser/Binaries/Win64/UE4Editor-PluginBrowser.dll (API version 3709383).
LogModuleManager: Display: Found up-to-date module file ../../../Engine/Plugins/Editor/SpeedTreeImporter/Binaries/Win64/UE4Editor-SpeedTreeImporter.dll (API version 3709383).
LogModuleManager: Display: Found up-to-date module file ../../../Engine/Plugins/Experimental/AlembicImporter/Binaries/Win64/UE4Editor-AlembicImporter.dll (API version 3709383).
LogModuleManager: Display: Found up-to-date module file ../../../Engine/Plugins/Experimental/AlembicImporter/Binaries/Win64/UE4Editor-AlembicLibrary.dll (API version 3709383).
LogModuleManager: Display: Found up-to-date module file ../../../Engine/Plugins/Experimental/CharacterAI/Binaries/Win64/UE4Editor-CharacterAI.dll (API version 3709383).
LogModuleManager: Display: Found up-to-date module file ../../../Engine/Plugins/Experimental/HTML5Networking/Binaries/Win64/UE4Editor-HTML5Networking.dll (API version 3709383).
LogModuleManager: Display: Found up-to-date module file ../../../Engine/Plugins/Media/AndroidMedia/Binaries/Win64/UE4Editor-AndroidMediaEditor.dll (API version 3709383).
LogModuleManager: Display: Found up-to-date module file ../../../Engine/Plugins/Media/AndroidMedia/Binaries/Win64/UE4Editor-AndroidMediaFactory.dll (API version 3709383).
LogModuleManager: Display: Found up-to-date module file ../../../Engine/Plugins/Media/AvfMedia/Binaries/Win64/UE4Editor-AvfMediaEditor.dll (API version 3709383).
LogModuleManager: Display: Found up-to-date module file ../../../Engine/Plugins/Media/AvfMedia/Binaries/Win64/UE4Editor-AvfMediaFactory.dll (API version 3709383).
LogModuleManager: Display: Found up-to-date module file ../../../Engine/Plugins/Media/AvfMedia/Binaries/Win64/UE4Editor-AvfMediaFactory.dll (API version 3709383).
LogModuleManager: Display: Found up-to-date module file ../../../Engine/Plugins/Media/ImgMedia/Binaries/Win64/UE4Editor-ImgMedia.dll (API version 3709383).
LogModuleManager: Display: Found up-to-date module file ../../../Engine/Plugins/Media/ImgMedia/Binaries/Win64/UE4Editor-ImgMediaEditor.dll (API version 3709383).
LogModuleManager: Display: Found up-to-date module file ../../../Engine/Plugins/Media/ImgMedia/Binaries/Win64/UE4Editor-ImgMediaFactory.dll (API version 3709383).
LogModuleManager: Display: Found up-to-date module file ../../../Engine/Plugins/Media/ImgMedia/Binaries/Win64/UE4Editor-ImgMediaFactory.dll (API version 3709383).
LogModuleManager: Display: Found up-to-date module file ../../../Engine/Plugins/Media/ImgMedia/Binaries/Win64/UE4Editor-OpenExrWrapper.dll (API version 3709383).
LogModuleManager: Display: Found up-to-date module file ../../../Engine/Plugins/Media/MediaCompositing/Binaries/Win64/UE4Editor-MediaCompositing.dll (API version 3709383).
LogModuleManager: Display: Found up-to-date module file ../../../Engine/Plugins/Media/MediaCompositing/Binaries/Win64/UE4Editor-MediaCompositingEditor.dll (API version 3709383).
LogModuleManager: Display: Found up-to-date module file ../../../Engine/Plugins/Media/MediaPlayerEditor/Binaries/Win64/UE4Editor-MediaPlayerEditor.dll (API version 3709383).
LogModuleManager: Display: Found up-to-date module file ../../../Engine/Plugins/Media/WmfMedia/Binaries/Win64/UE4Editor-WmfMedia.dll (API version 3709383).
LogModuleManager: Display: Found up-to-date module file ../../../Engine/Plugins/Media/WmfMedia/Binaries/Win64/UE4Editor-WmfMediaEditor.dll (API version 3709383).
LogModuleManager: Display: Found up-to-date module file ../../../Engine/Plugins/Media/WmfMedia/Binaries/Win64/UE4Editor-WmfMediaFactory.dll (API version 3709383).
LogModuleManager: Display: Found up-to-date module file ../../../Engine/Plugins/Media/WmfMedia/Binaries/Win64/UE4Editor-WmfMediaFactory.dll (API version 3709383).
LogModuleManager: Display: Found up-to-date module file ../../../Engine/Plugins/Messaging/TcpMessaging/Binaries/Win64/UE4Editor-TcpMessaging.dll (API version 3709383).
LogModuleManager: Display: Found up-to-date module file ../../../Engine/Plugins/Messaging/UdpMessaging/Binaries/Win64/UE4Editor-UdpMessaging.dll (API version 3709383).
LogModuleManager: Display: Found up-to-date module file ../../../Engine/Plugins/MovieScene/ActorSequence/Binaries/Win64/UE4Editor-ActorSequence.dll (API version 3709383).
LogModuleManager: Display: Found up-to-date module file ../../../Engine/Plugins/MovieScene/LevelSequenceEditor/Binaries/Win64/UE4Editor-LevelSequenceEditor.dll (API version 3709383).
LogModuleManager: Display: Found up-to-date module file ../../../Engine/Plugins/MovieScene/MatineeToLevelSequence/Binaries/Win64/UE4Editor-MatineeToLevelSequence.dll (API version 3709383).
LogModuleManager: Display: Found up-to-date module file ../../../Engine/Plugins/Online/OnlineSubsystem/Binaries/Win64/UE4Editor-OnlineSubsystem.dll (API version 3709383).
LogModuleManager: Display: Found up-to-date module file ../../../Engine/Plugins/Runtime/AndroidPermission/Binaries/Win64/UE4Editor-AndroidPermission.dll (API version 3709383).
LogModuleManager: Display: Found up-to-date module file ../../../Engine/Plugins/Online/OnlineSubsystemNull/Binaries/Win64/UE4Editor-OnlineSubsystemNull.dll (API version 3709383).
LogModuleManager: Display: Found up-to-date module file ../../../Engine/Plugins/Online/OnlineSubsystemUtils/Binaries/Win64/UE4Editor-OnlineSubsystemUtils.dll (API version 3709383).
LogModuleManager: Display: Found up-to-date module file ../../../Engine/Plugins/Online/OnlineSubsystemUtils/Binaries/Win64/UE4Editor-OnlineBlueprintSupport.dll (API version 3709383).
LogModuleManager: Display: Found up-to-date module file ../../../Engine/Plugins/Runtime/AndroidDeviceProfileSelector/Binaries/Win64/UE4Editor-AndroidDeviceProfileSelector.dll (API version 3709383).
LogModuleManager: Display: Found up-to-date module file ../../../Engine/Plugins/Runtime/AppleARKit/Binaries/Win64/UE4Editor-AppleARKit.dll (API version 3709383).
LogModuleManager: Display: Found up-to-date module file ../../../Engine/Plugins/Runtime/ArchVisCharacter/Binaries/Win64/UE4Editor-ArchVisCharacter.dll (API version 3709383).
LogModuleManager: Display: Found up-to-date module file ../../../Engine/Plugins/Runtime/CableComponent/Binaries/Win64/UE4Editor-CableComponent.dll (API version 3709383).
LogModuleManager: Display: Found up-to-date module file ../../../Engine/Plugins/Runtime/CustomMeshComponent/Binaries/Win64/UE4Editor-CustomMeshComponent.dll (API version 3709383).
LogModuleManager: Display: Found up-to-date module file ../../../Engine/Plugins/Runtime/ExampleDeviceProfileSelector/Binaries/Win64/UE4Editor-ExampleDeviceProfileSelector.dll (API version 3709383).
LogModuleManager: Display: Found up-to-date module file ../../../Engine/Plugins/Runtime/ImmediatePhysics/Binaries/Win64/UE4Editor-ImmediatePhysics.dll (API version 3709383).
LogModuleManager: Display: Found up-to-date module file ../../../Engine/Plugins/Runtime/ImmediatePhysics/Binaries/Win64/UE4Editor-ImmediatePhysicsEditor.dll (API version 3709383).
LogModuleManager: Display: Found up-to-date module file ../../../Engine/Plugins/Runtime/LocationServicesBPLibrary/Binaries/Win64/UE4Editor-LocationServicesBPLibrary.dll (API version 3709383).
LogModuleManager: Display: Found up-to-date module file ../../../Engine/Plugins/Runtime/MobilePatchingUtils/Binaries/Win64/UE4Editor-MobilePatchingUtils.dll (API version 3709383).
LogModuleManager: Display: Found up-to-date module file ../../../Engine/Plugins/Runtime/Oculus/OculusVR/Binaries/Win64/UE4Editor-OculusHMD.dll (API version 3709383).
LogModuleManager: Display: Found up-to-date module file ../../../Engine/Plugins/Runtime/Oculus/OculusVR/Binaries/Win64/UE4Editor-OculusInput.dll (API version 3709383).
LogModuleManager: Display: Found up-to-date module file ../../../Engine/Plugins/Runtime/Oculus/OculusVR/Binaries/Win64/UE4Editor-OculusEditor.dll (API version 3709383).
LogModuleManager: Display: Found up-to-date module file ../../../Engine/Plugins/Runtime/PhysXVehicles/Binaries/Win64/UE4Editor-PhysXVehicles.dll (API version 3709383).
LogModuleManager: Display: Found up-to-date module file ../../../Engine/Plugins/Runtime/PhysXVehicles/Binaries/Win64/UE4Editor-PhysXVehiclesEditor.dll (API version 3709383).
LogModuleManager: Display: Found up-to-date module file ../../../Engine/Plugins/Runtime/ProceduralMeshComponent/Binaries/Win64/UE4Editor-ProceduralMeshComponent.dll (API version 3709383).
LogModuleManager: Display: Found up-to-date module file ../../../Engine/Plugins/Runtime/ProceduralMeshComponent/Binaries/Win64/UE4Editor-ProceduralMeshComponentEditor.dll (API version 3709383).
LogModuleManager: Display: Found up-to-date module file ../../../Engine/Plugins/Runtime/RuntimePhysXCooking/Binaries/Win64/UE4Editor-RuntimePhysXCooking.dll (API version 3709383).
LogModuleManager: Display: Found up-to-date module file ../../../Engine/Plugins/Runtime/Steam/SteamVR/Binaries/Win64/UE4Editor-SteamVR.dll (API version 3709383).
LogModuleManager: Display: Found up-to-date module file ../../../Engine/Plugins/Runtime/Steam/SteamVR/Binaries/Win64/UE4Editor-SteamVRController.dll (API version 3709383).
LogModuleManager: Display: Found up-to-date module file ../../../Engine/Plugins/Runtime/WindowsMoviePlayer/Binaries/Win64/UE4Editor-WindowsMoviePlayer.dll (API version 3709383).
LogPluginManager: Mounting plugin Paper2D
LogPluginManager: Mounting plugin LightPropagationVolume
LogPluginManager: Mounting plugin CodeLiteSourceCodeAccess
LogPluginManager: Mounting plugin GitSourceControl
LogPluginManager: Mounting plugin KDevelopSourceCodeAccess
LogPluginManager: Mounting plugin NullSourceCodeAccess
LogPluginManager: Mounting plugin PerforceSourceControl
LogPluginManager: Mounting plugin SubversionSourceControl
LogPluginManager: Mounting plugin UObjectPlugin
LogPluginManager: Mounting plugin VisualStudioCodeSourceCodeAccess
LogPluginManager: Mounting plugin VisualStudioSourceCodeAccess
LogPluginManager: Mounting plugin XCodeSourceCodeAccess
LogPluginManager: Mounting plugin AssetManagerEditor
LogPluginManager: Mounting plugin AudioCapture
LogPluginManager: Mounting plugin FacialAnimation
LogPluginManager: Mounting plugin GameplayTagsEditor
LogPluginManager: Mounting plugin MobileLauncherProfileWizard
LogPluginManager: Mounting plugin PluginBrowser
LogPluginManager: Mounting plugin SpeedTreeImporter
LogPluginManager: Mounting plugin AlembicImporter
LogPluginManager: Mounting plugin CharacterAI
LogPluginManager: Mounting plugin HTML5Networking
LogPluginManager: Mounting plugin AndroidMedia
LogPluginManager: Mounting plugin AvfMedia
LogPluginManager: Mounting plugin ImgMedia
LogPluginManager: Mounting plugin MediaCompositing
LogPluginManager: Mounting plugin MediaPlayerEditor
LogPluginManager: Mounting plugin WmfMedia
LogPluginManager: Mounting plugin TcpMessaging
LogPluginManager: Mounting plugin UdpMessaging
LogPluginManager: Mounting plugin ActorSequence
LogPluginManager: Mounting plugin LevelSequenceEditor
LogPluginManager: Mounting plugin MatineeToLevelSequence
LogPluginManager: Mounting plugin OnlineSubsystemGooglePlay
LogPluginManager: Mounting plugin OnlineSubsystemIOS
LogPluginManager: Mounting plugin OnlineSubsystem
LogPluginManager: Mounting plugin OnlineSubsystemNull
LogPluginManager: Mounting plugin OnlineSubsystemUtils
LogPluginManager: Mounting plugin AndroidDeviceProfileSelector
LogPluginManager: Mounting plugin AndroidMoviePlayer
LogPluginManager: Mounting plugin AndroidPermission
LogPluginManager: Mounting plugin ApexDestruction
LogPluginManager: Mounting plugin AppleARKit
LogPluginManager: Mounting plugin AppleMoviePlayer
LogPluginManager: Mounting plugin ArchVisCharacter
LogPluginManager: Mounting plugin CableComponent
LogPluginManager: Mounting plugin CustomMeshComponent
LogPluginManager: Mounting plugin ExampleDeviceProfileSelector
LogPluginManager: Mounting plugin GoogleCloudMessaging
LogPluginManager: Mounting plugin ImmediatePhysics
LogPluginManager: Mounting plugin IOSDeviceProfileSelector
LogPluginManager: Mounting plugin LeapMotion
LogPluginManager: Mounting plugin LinuxDeviceProfileSelector
LogPluginManager: Mounting plugin LocationServicesBPLibrary
LogPluginManager: Mounting plugin MobilePatchingUtils
LogPluginManager: Mounting plugin OculusVR
LogPluginManager: Plugin shader directory ../../../Engine/Plugins/Runtime/Oculus/OculusVR/Shaders found
LogPluginManager: Mapping shader source directory ../../../Engine/Plugins/Runtime/Oculus/OculusVR/Shaders to virtual directory /Plugin/OculusVR
LogPluginManager: Mounting plugin PhysXVehicles
LogPluginManager: Mounting plugin ProceduralMeshComponent
LogPluginManager: Mounting plugin RuntimePhysXCooking
LogPluginManager: Mounting plugin SteamVR
LogPluginManager: Mounting plugin WindowsMoviePlayer
LogInit: Using libcurl 7.47.1
LogInit:  - built for x86_64-pc-win32
LogInit:  - supports SSL with OpenSSL/1.0.2g
LogInit:  - supports HTTP deflate (compression) using libz 1.2.8
LogInit:  - other features:
LogInit:      CURL_VERSION_SSL
LogInit:      CURL_VERSION_LIBZ
LogInit:      CURL_VERSION_IPV6
LogInit:      CURL_VERSION_ASYNCHDNS
LogInit:      CURL_VERSION_LARGEFILE
LogInit:      CURL_VERSION_IDN
LogInit:  CurlRequestOptions (configurable via config and command line):
LogInit:  - bVerifyPeer = false  - Libcurl will NOT verify peer certificate
LogInit:  - bUseHttpProxy = false  - Libcurl will NOT use HTTP proxy
LogInit:  - bDontReuseConnections = false  - Libcurl will reuse connections
LogInit:  - CertBundlePath = nullptr  - Libcurl will use whatever was configured at build time.
LeapPluginLog: Using LeapPlugin version 2.0.0
LogInit: Build: ++UE4+Release-4.18-CL-3754814
LogInit: Engine Version: 4.18.1-3754814+++UE4+Release-4.18
LogInit: Compatible Engine Version: 4.18.0-3709383+++UE4+Release-4.18
LogInit: Net CL: 3709383
LogDevObjectVersion: Number of dev versions registered: 16
LogDevObjectVersion:   Dev-Blueprints (B0D832E4-1F89-4F0D-ACCF-7EB736FD4AA2): 10
LogDevObjectVersion:   Dev-Build (E1C64328-A22C-4D53-A36C-8E866417BD8C): 0
LogDevObjectVersion:   Dev-Core (375EC13C-06E4-48FB-B500-84F0262A717E): 2
LogDevObjectVersion:   Dev-Editor (E4B068ED-F494-42E9-A231-DA0B2E46BB41): 20
LogDevObjectVersion:   Dev-Framework (CFFC743F-43B0-4480-9391-14DF171D2073): 30
LogDevObjectVersion:   Dev-Mobile (B02B49B5-BB20-44E9-A304-32B752E40360): 0
LogDevObjectVersion:   Dev-Networking (A4E4105C-59A1-49B5-A7C5-40C4547EDFEE): 0
LogDevObjectVersion:   Dev-Online (39C831C9-5AE6-47DC-9A44-9C173E1C8E7C): 0
LogDevObjectVersion:   Dev-Physics (78F01B33-EBEA-4F98-B9B4-84EACCB95AA2): 0
LogDevObjectVersion:   Dev-Platform (6631380F-2D4D-43E0-8009-CF276956A95A): 0
LogDevObjectVersion:   Dev-Rendering (12F88B9F-8875-4AFC-A67C-D90C383ABD29): 20
LogDevObjectVersion:   Dev-Sequencer (7B5AE74C-D270-4C10-A958-57980B212A5A): 4
LogDevObjectVersion:   Dev-VR (D7296918-1DD6-4BDD-9DE2-64A83CC13884): 0
LogDevObjectVersion:   Dev-LoadTimes (C2A15278-BFE7-4AFE-6C17-90FF531DF755): 1
LogDevObjectVersion:   Private-Geometry (6EACA3D4-40EC-4CC1-B786-8BED09428FC5): 1
LogDevObjectVersion:   Dev-AnimPhys (29E575DD-E0A3-4627-9D10-D276232CDCEA): 12
LogInit: Compiled (64-bit): Nov 14 2017 02:05:55
LogInit: Compiled with Visual C++: 19.00.24215.01
LogInit: Build Configuration: Development
LogInit: Branch Name: ++UE4+Release-4.18
LogInit: Command line: 
LogInit: Base directory: C:/Program Files/Epic Games/UE_4.18/Engine/Binaries/Win64/
LogInit: Installed Engine Build: 1
LogInit: Presizing for max 8388607 objects, including 0 objects not considered by GC, pre-allocating 0 bytes for permanent pool.
LogInit: Object subsystem initialized
[2017.12.11-20.29.53:765][  0]LogInit: Selected Device Profile: [Windows]
[2017.12.11-20.29.53:765][  0]LogInit: Applying CVar settings loaded from the selected device profile: [Windows]
[2017.12.11-20.29.53:780][  0]LogInit: Computer: NICO
[2017.12.11-20.29.53:780][  0]LogInit: User: Nicolas
[2017.12.11-20.29.53:780][  0]LogInit: CPU Page size=4096, Cores=4
[2017.12.11-20.29.53:780][  0]LogInit: High frequency timer resolution =3.417970 MHz
[2017.12.11-20.29.53:781][  0]LogMemory: Memory total: Physical=15.9GB (16GB approx)
[2017.12.11-20.29.53:781][  0]LogMemory: Platform Memory Stats for Windows
[2017.12.11-20.29.53:781][  0]LogMemory: Process Physical Memory: 274.92 MB used, 274.92 MB peak
[2017.12.11-20.29.53:781][  0]LogMemory: Process Virtual Memory: 271.05 MB used, 271.05 MB peak
[2017.12.11-20.29.53:781][  0]LogMemory: Physical Memory: 7428.46 MB used,  8816.53 MB free, 16244.99 MB total
[2017.12.11-20.29.53:781][  0]LogMemory: Virtual Memory: 696.78 MB used,  8816.53 MB free, 134217728.00 MB total
[2017.12.11-20.29.53:910][  0]LogInit: Using OS detected language (fr-FR).
[2017.12.11-20.29.53:910][  0]LogInit: Using OS detected locale (fr-FR).
[2017.12.11-20.29.53:913][  0]LogTextLocalizationManager: No localization for 'fr-FR' exists, so 'en' will be used for the language.
[2017.12.11-20.29.53:913][  0]LogTextLocalizationManager: No localization for 'fr-FR' exists, so 'en' will be used for the locale.
[2017.12.11-20.29.54:295][  0]LogInit: Setting process to per monitor DPI aware
[2017.12.11-20.29.54:520][  0]LogD3D11RHI: D3D11 adapters:
[2017.12.11-20.29.54:541][  0]LogD3D11RHI:    0. 'AMD Radeon R9 200 Series' (Feature Level 11_0)
[2017.12.11-20.29.54:541][  0]LogD3D11RHI:       4073/0/8122 MB DedicatedVideo/DedicatedSystem/SharedSystem, Outputs:1, VendorId:0x1002
[2017.12.11-20.29.54:546][  0]LogD3D11RHI:    1. 'Intel(R) HD Graphics 4600' (Feature Level 11_0)
[2017.12.11-20.29.54:546][  0]LogD3D11RHI:       112/0/2048 MB DedicatedVideo/DedicatedSystem/SharedSystem, Outputs:0, VendorId:0x8086
[2017.12.11-20.29.54:547][  0]LogD3D11RHI:    2. 'Microsoft Basic Render Driver' (Feature Level 11_0)
[2017.12.11-20.29.54:547][  0]LogD3D11RHI:       0/0/8122 MB DedicatedVideo/DedicatedSystem/SharedSystem, Outputs:0, VendorId:0x1414
[2017.12.11-20.29.54:547][  0]LogD3D11RHI: Chosen D3D11 Adapter: 0
[2017.12.11-20.29.54:552][  0]LogD3D11RHI: Creating new Direct3DDevice
[2017.12.11-20.29.54:552][  0]LogD3D11RHI:     GPU DeviceId: 0x67b0 (for the marketing name, search the web for "GPU Device Id")
[2017.12.11-20.29.54:552][  0]LogWindows: EnumDisplayDevices:
[2017.12.11-20.29.54:552][  0]LogWindows:    0. 'AMD Radeon R9 200 Series' (P:1 D:1)
[2017.12.11-20.29.54:553][  0]LogWindows:    1. 'AMD Radeon R9 200 Series' (P:0 D:0)
[2017.12.11-20.29.54:553][  0]LogWindows:    2. 'AMD Radeon R9 200 Series' (P:0 D:0)
[2017.12.11-20.29.54:553][  0]LogWindows:    3. 'AMD Radeon R9 200 Series' (P:0 D:0)
[2017.12.11-20.29.54:553][  0]LogWindows:    4. 'AMD Radeon R9 200 Series' (P:0 D:0)
[2017.12.11-20.29.54:553][  0]LogWindows:    5. 'AMD Radeon R9 200 Series' (P:0 D:0)
[2017.12.11-20.29.54:554][  0]LogWindows:    6. 'Intel(R) HD Graphics 4600' (P:0 D:0)
[2017.12.11-20.29.54:554][  0]LogWindows:    7. 'Intel(R) HD Graphics 4600' (P:0 D:0)
[2017.12.11-20.29.54:554][  0]LogWindows:    8. 'Intel(R) HD Graphics 4600' (P:0 D:0)
[2017.12.11-20.29.54:554][  0]LogWindows: DebugString: PrimaryIsNotTheChoosenAdapter PrimaryIsNotTheChoosenAdapter PrimaryIsNotTheChoosenAdapter FoundDriverCount:6 
[2017.12.11-20.29.54:554][  0]LogD3D11RHI:     Adapter Name: AMD Radeon R9 200 Series
[2017.12.11-20.29.54:554][  0]LogD3D11RHI:   Driver Version: Crimson ReLive 17.1.1 (internal:22.19.162.4, unified:22.19.162.4)
[2017.12.11-20.29.54:554][  0]LogD3D11RHI:      Driver Date: 4-24-2017
[2017.12.11-20.29.54:554][  0]LogRHI: Texture pool is 2851 MB (70% of 4073 MB)
[2017.12.11-20.29.54:602][  0]LogD3D11RHI: Async texture creation enabled
[2017.12.11-20.29.54:613][  0]LogD3D11RHI: GPU Timing Frequency: 27.000000 (Debug: 2 1)
[2017.12.11-20.29.54:614][  0]LogShaderCompilers: Guid format shader working directory is -35 characters bigger than the processId version (../../../../../../Users/Nicolas/Documents/LeapMotionGit/tmp_arvr/LeapMotionSandbox/Intermediate/Shaders/WorkingDirectory/13496/).
[2017.12.11-20.29.54:614][  0]LogShaderCompilers: Cleaned the shader compiler working directory 'C:/Users/Nicolas/AppData/Local/Temp/UnrealShaderWorkingDir/398E4AD244F3E31249A5A69E692466FE/'.
[2017.12.11-20.29.54:614][  0]LogShaderCompilers: Display: Using Local Shader Compiler.
[2017.12.11-20.29.55:472][  0]LogTemp: Display: Loaded TP AllDesktopTargetPlatform
[2017.12.11-20.29.55:517][  0]LogTemp: Display: Loaded TP MacClientTargetPlatform
[2017.12.11-20.29.55:564][  0]LogTemp: Display: Loaded TP MacNoEditorTargetPlatform
[2017.12.11-20.29.55:609][  0]LogTemp: Display: Loaded TP MacServerTargetPlatform
[2017.12.11-20.29.55:655][  0]LogTemp: Display: Loaded TP MacTargetPlatform
[2017.12.11-20.29.55:701][  0]LogTemp: Display: Loaded TP WindowsClientTargetPlatform
[2017.12.11-20.29.55:748][  0]LogTemp: Display: Loaded TP WindowsNoEditorTargetPlatform
[2017.12.11-20.29.55:795][  0]LogTemp: Display: Loaded TP WindowsServerTargetPlatform
[2017.12.11-20.29.55:835][  0]LogTemp: Display: Loaded TP WindowsTargetPlatform
[2017.12.11-20.29.55:879][  0]LogTemp: Display: Loaded TP Android_ASTCTargetPlatform
[2017.12.11-20.29.55:923][  0]LogTemp: Display: Loaded TP Android_ATCTargetPlatform
[2017.12.11-20.29.55:970][  0]LogTemp: Display: Loaded TP Android_DXTTargetPlatform
[2017.12.11-20.29.56:013][  0]LogTemp: Display: Loaded TP Android_ETC1TargetPlatform
[2017.12.11-20.29.56:059][  0]LogTemp: Display: Loaded TP Android_ETC2TargetPlatform
[2017.12.11-20.29.56:151][  0]LogTemp: Display: Loaded TP Android_MultiTargetPlatform
[2017.12.11-20.29.56:151][  0]LogTemp: Display: Loaded TP Android_PVRTCTargetPlatform
[2017.12.11-20.29.56:198][  0]LogTemp: Display: Loaded TP AndroidTargetPlatform
[2017.12.11-20.29.56:234][  0]LogTemp: Display: Loaded TP HTML5TargetPlatform
[2017.12.11-20.29.56:317][  0]LogTemp: Display: Loaded TP IOSTargetPlatform
[2017.12.11-20.29.56:341][  0]LogTemp: Display: Loaded TP TVOSTargetPlatform
[2017.12.11-20.29.56:387][  0]LogTemp: Display: Loaded TP LinuxClientTargetPlatform
[2017.12.11-20.29.56:430][  0]LogTemp: Display: Loaded TP LinuxNoEditorTargetPlatform
[2017.12.11-20.29.56:476][  0]LogTemp: Display: Loaded TP LinuxServerTargetPlatform
[2017.12.11-20.29.56:522][  0]LogTemp: Display: Loaded TP LinuxTargetPlatform
[2017.12.11-20.29.56:522][  0]LogTargetPlatformManager: Display: Building Assets For Windows
[2017.12.11-20.29.56:945][  0]LogDerivedDataCache: Display: Max Cache Size: 512 MB
[2017.12.11-20.29.57:027][  0]LogDerivedDataCache: Loaded boot cache 0.08s 78MB C:/Users/Nicolas/AppData/Local/UnrealEngine/4.18/DerivedDataCache/Boot.ddc.
[2017.12.11-20.29.57:027][  0]LogDerivedDataCache: Display: Loaded Boot cache: C:/Users/Nicolas/AppData/Local/UnrealEngine/4.18/DerivedDataCache/Boot.ddc
[2017.12.11-20.29.57:027][  0]LogDerivedDataCache: FDerivedDataBackendGraph:  Pak pak cache file ../../../../../../Users/Nicolas/Documents/LeapMotionGit/tmp_arvr/LeapMotionSandbox/DerivedDataCache/DDC.ddp not found, will not use a pak cache.
[2017.12.11-20.29.57:027][  0]LogDerivedDataCache: Unable to find inner node Pak for hierarchical cache Hierarchy.
[2017.12.11-20.29.57:027][  0]LogDerivedDataCache: FDerivedDataBackendGraph:  CompressedPak pak cache file ../../../../../../Users/Nicolas/Documents/LeapMotionGit/tmp_arvr/LeapMotionSandbox/DerivedDataCache/Compressed.ddp not found, will not use a pak cache.
[2017.12.11-20.29.57:027][  0]LogDerivedDataCache: Unable to find inner node CompressedPak for hierarchical cache Hierarchy.
[2017.12.11-20.29.57:042][  0]LogDerivedDataCache: Display: Pak cache opened for reading ../../../Engine/DerivedDataCache/Compressed.ddp.
[2017.12.11-20.29.57:053][  0]LogDerivedDataCache: Using Local data cache path C:/Users/Nicolas/AppData/Local/UnrealEngine/Common/DerivedDataCache: Writable
[2017.12.11-20.29.57:063][  0]LogMaterial: Verifying Global Shaders for PCD3D_SM5
[2017.12.11-20.29.57:063][  0]LogSlate: Using Freetype 2.6.0
[2017.12.11-20.29.57:063][  0]LogSlate: SlateFontCache - WITH_FREETYPE: 1, WITH_HARFBUZZ: 1
[2017.12.11-20.29.57:063][  0]LogSlate: SlateFontCache - WITH_FREETYPE: 1, WITH_HARFBUZZ: 1
[2017.12.11-20.29.57:397][  0]LogInit: Selected Device Profile: [Windows]
[2017.12.11-20.29.57:694][  0]LogSimplygon: Simplygon DLL not present - disabling.
[2017.12.11-20.29.57:729][  0]LogMeshReduction: Using SimplygonSwarm for distributed automatic mesh merging
[2017.12.11-20.29.57:729][  0]LogMeshReduction: Using QuadricMeshReduction for automatic static mesh reduction
[2017.12.11-20.29.57:729][  0]LogMeshReduction: No automatic skeletal mesh reduction module available
[2017.12.11-20.29.57:729][  0]LogMeshReduction: No automatic mesh merging module available
[2017.12.11-20.29.57:729][  0]LogMeshMerging: No automatic mesh merging module available
[2017.12.11-20.29.57:754][  0]LogNetVersion: LeapMotionSandbox , NetCL: 3709383, EngineNetVer: 2, GameNetVer: 0 (Checksum: 3849250588)
[2017.12.11-20.29.57:902][  0]LogAssetRegistry: FAssetRegistry took 0.0275 seconds to start up
[2017.12.11-20.29.58:363][  0]LogPackageLocalizationCache: Processed 8 localized package path(s) for 1 prioritized culture(s) in 0.057419 seconds
[2017.12.11-20.29.58:368][  0]LogUObjectArray: 36585 objects as part of root set at end of initial load.
[2017.12.11-20.29.58:368][  0]LogUObjectAllocator: 7488872 out of 0 bytes used by permanent object pool.
[2017.12.11-20.29.58:368][  0]LogUObjectArray: CloseDisregardForGC: 0/0 objects in disregard for GC pool
[2017.12.11-20.29.58:414][  0]LogInit: WinSock: version 1.1 (2.2), MaxSocks=32767, MaxUdp=65467
[2017.12.11-20.30.00:816][  0]LogTcpMessaging: Initializing TcpMessaging bridge
[2017.12.11-20.30.00:854][  0]LogUdpMessaging: Initializing bridge on interface 0.0.0.0:0 to multicast group 230.0.0.1:6666.
[2017.12.11-20.30.01:575][  0]LogMaterial: Uniform references updated for custom material expression Custom.
[2017.12.11-20.30.01:956][  0]SourceControl: Source control is disabled
[2017.12.11-20.30.01:956][  0]SourceControl: Source control is disabled
[2017.12.11-20.30.02:006][  0]SourceControl: Source control is disabled
[2017.12.11-20.30.02:052][  0]SourceControl: Source control is disabled
[2017.12.11-20.30.02:810][  0]LogAndroidPermission: UAndroidPermissionCallbackProxy::GetInstance
[2017.12.11-20.30.03:059][  0]LogOcInput: OculusInput pre-init called
[2017.12.11-20.30.03:319][  0]LogEngine: Initializing Engine...
[2017.12.11-20.30.03:321][  0]LogHMD: Failed to initialize OpenVR with code 110
[2017.12.11-20.30.03:549][  0]LogStats: UGameplayTagsManager::ConstructGameplayTagTree: Construct from data asset -  0.000 s
[2017.12.11-20.30.03:549][  0]LogStats: UGameplayTagsManager::ConstructGameplayTagTree: GameplayTagTreeChangedEvent.Broadcast -  0.000 s
[2017.12.11-20.30.03:660][  0]LogAIModule: Creating AISystem for world Untitled
[2017.12.11-20.30.03:670][  0]LogInit: XAudio2 using 'Haut-parleurs (Razer Surround Audio Controller)' : 6 channels at 48 kHz using 16 bits per sample (channel mask 0x3f)
[2017.12.11-20.30.03:677][  0]LogInit: FAudioDevice initialized.
[2017.12.11-20.30.04:032][  0]LogDerivedDataCache: Saved boot cache 0.35s 78MB C:/Users/Nicolas/AppData/Local/UnrealEngine/4.18/DerivedDataCache/Boot.ddc.
[2017.12.11-20.30.04:046][  0]LogInit: Texture streaming: Enabled
[2017.12.11-20.30.04:136][  0]LogEngineSessionManager: EngineSessionManager initialized
[2017.12.11-20.30.04:258][  0]LogInit: Transaction tracking system initialized
[2017.12.11-20.30.04:543][  0]BlueprintLog: New page: Editor Load
[2017.12.11-20.30.05:400][  0]LocalizationService: Localization service is disabled
[2017.12.11-20.30.06:104][  0]LogConsoleResponse: Display: 
[2017.12.11-20.30.06:266][  0]LogCook: Display: Max memory allowance for cook 16384mb min free memory 0mb
[2017.12.11-20.30.06:266][  0]LogCook: Display: Mobile HDR setting 1
[2017.12.11-20.30.06:266][  0]LogGameplayTags: Display: UGameplayTagsManager::DoneAddingNativeTags. DelegateIsBound: 0
[2017.12.11-20.30.07:053][  0]LogFileCache: Scanning file cache for directory 'C:/Users/Nicolas/Documents/LeapMotionGit/tmp_arvr/LeapMotionSandbox/Content/' took 0.01s
[2017.12.11-20.30.07:380][  0]SourceControl: Source control is disabled
[2017.12.11-20.30.07:381][  0]Cmd: MAP LOAD FILE="../../../../../../Users/Nicolas/Documents/LeapMotionGit/tmp_arvr/LeapMotionSandbox/Content/StarterContent/Maps/Minimal_Default.umap" TEMPLATE=0 SHOWPROGRESS=1 FEATURELEVEL=3
[2017.12.11-20.30.07:381][  0]LightingResults: New page: Lighting Build
[2017.12.11-20.30.07:419][  0]MapCheck: New page: Map Check
[2017.12.11-20.30.07:419][  0]LightingResults: New page: Lighting Build
[2017.12.11-20.30.07:932][  0]LogAIModule: Creating AISystem for world Minimal_Default
[2017.12.11-20.30.07:937][  0]LogEditorServer: Finished looking for orphan Actors (0.000 secs)
[2017.12.11-20.30.07:949][  0]Cmd: MAP CHECKDEP NOCLEARLOG
[2017.12.11-20.30.08:001][  0]MapCheck: Map check complete: 0 Error(s), 0 Warning(s), took 52.083ms to complete.
[2017.12.11-20.30.08:001][  0]LogFileHelpers: Loading map 'Minimal_Default' took 0.620
[2017.12.11-20.30.08:055][  0]LogWindowsTextInputMethodSystem: Display: IME system now deactivated.
[2017.12.11-20.30.08:136][  0]LogCollectionManager: Loaded 0 collections in 0.001723 seconds
[2017.12.11-20.30.08:212][  0]LogFileCache: Scanning file cache for directory 'C:/Users/Nicolas/Documents/LeapMotionGit/tmp_arvr/LeapMotionSandbox/Saved/Collections/' took 0.01s
[2017.12.11-20.30.08:213][  0]LogFileCache: Scanning file cache for directory 'C:/Users/Nicolas/Documents/LeapMotionGit/tmp_arvr/LeapMotionSandbox/Content/Developers/Nicolas/Collections/' took 0.01s
[2017.12.11-20.30.08:213][  0]LogFileCache: Scanning file cache for directory 'C:/Users/Nicolas/Documents/LeapMotionGit/tmp_arvr/LeapMotionSandbox/Content/Collections/' took 0.01s
[2017.12.11-20.30.08:213][  0]LogCollectionManager: Rebuilt the GUID cache for 0 collections in 0.000001 seconds
[2017.12.11-20.30.08:220][  0]LogContentBrowser: Native class hierarchy populated in 0.0073 seconds. Added 2399 classes and 528 folders.
[2017.12.11-20.30.08:282][  0]LogContentBrowser: Native class hierarchy updated for 'WidgetCarousel' in 0.0002 seconds. Added 0 classes and 0 folders.
[2017.12.11-20.30.08:318][  0]LogContentBrowser: Native class hierarchy updated for 'AddContentDialog' in 0.0002 seconds. Added 0 classes and 0 folders.
[2017.12.11-20.30.08:358][  0]LogContentBrowser: Native class hierarchy updated for 'SceneOutliner' in 0.0002 seconds. Added 1 classes and 2 folders.
[2017.12.11-20.30.08:416][  0]LogSlate: Took 0.000225 seconds to synchronously load lazily loaded font '../../../Engine/Content/Slate/Fonts/Roboto-Regular.ttf' (155K)
[2017.12.11-20.30.08:418][  0]LogSlate: Took 0.000215 seconds to synchronously load lazily loaded font '../../../Engine/Content/Slate/Fonts/Roboto-Bold.ttf' (160K)
[2017.12.11-20.30.08:423][  0]LogSlate: Took 0.000214 seconds to synchronously load lazily loaded font '../../../Engine/Content/Editor/Slate/Fonts/FontAwesome.ttf' (139K)
[2017.12.11-20.30.08:510][  0]LogRenderer: Reallocating scene render targets to support 1208x576 Format 10 NumSamples 1 (Frame:1).
[2017.12.11-20.30.08:683][  0]LogContentBrowser: Native class hierarchy updated for 'HierarchicalLODOutliner' in 0.0003 seconds. Added 1 classes and 2 folders.
[2017.12.11-20.30.08:683][  0]LogLoad: (Engine Initialization) Total time: 17.32 seconds
[2017.12.11-20.30.08:683][  0]LogLoad: (Engine Initialization) Total Blueprint compile time: 0.00 seconds
[2017.12.11-20.30.08:683][  0]LogExternalProfiler: Found external profiler: VSPerf
[2017.12.11-20.30.08:683][  0]LogExternalProfiler: Using external profiler: VSPerf
[2017.12.11-20.30.08:712][  0]LogContentStreaming: Texture pool size now 1000 MB
[2017.12.11-20.30.08:800][  1]LogAssetRegistry: Asset discovery search completed in 10.9195 seconds
[2017.12.11-20.30.08:802][  1]LogCollectionManager: Rebuilt the object cache for 0 collections in 0.000000 seconds (found 0 objects)
[2017.12.11-20.30.08:802][  1]LogCollectionManager: Fixed up redirectors for 0 collections in 0.000056 seconds (updated 0 objects)
[2017.12.11-20.30.12:412][334]LogBlueprint: Warning: [Compiler BP_LeapCharacter] InputAction Event references unknown Action 'ComfortTurnRight' for  InputAction ComfortTurnRight
[2017.12.11-20.30.12:412][334]LogBlueprint: Warning: [Compiler BP_LeapCharacter] InputAction Event references unknown Action 'ComfortTurnLeft' for  InputAction ComfortTurnLeft
[2017.12.11-20.30.12:412][334]LogBlueprint: Warning: [Compiler BP_LeapCharacter] InputAction Event references unknown Action 'Jump' for  InputAction Jump
[2017.12.11-20.30.12:412][334]LogBlueprint: Warning: [Compiler BP_LeapCharacter] Input Axis Event references unknown Axis 'LookUpRate' for  InputAxis LookUpRate
[2017.12.11-20.30.12:412][334]LogBlueprint: Warning: [Compiler BP_LeapCharacter] Input Axis Event references unknown Axis 'TurnRate' for  InputAxis TurnRate
[2017.12.11-20.30.12:413][334]LogBlueprint: Warning: [Compiler BP_LeapCharacter] Input Axis Event references unknown Axis 'Turn' for  InputAxis Turn
[2017.12.11-20.30.12:413][334]LogBlueprint: Warning: [Compiler BP_LeapCharacter] Input Axis Event references unknown Axis 'LookUp' for  InputAxis LookUp
[2017.12.11-20.30.12:413][334]LogBlueprint: Warning: [Compiler BP_LeapCharacter] Input Axis Event references unknown Axis 'MoveRight' for  InputAxis MoveRight
[2017.12.11-20.30.12:413][334]LogBlueprint: Warning: [Compiler BP_LeapCharacter] Input Axis Event references unknown Axis 'MoveForward' for  InputAxis MoveForward
[2017.12.11-20.30.12:440][334]LogBlueprint: Warning: [Compiler BP_LeapCharacter] [0021.08] Compile of BP_LeapCharacter successful, but with 9 Warning(s) [in 56 ms] (/Game/LeapSandBox/BP_LeapCharacter.BP_LeapCharacter)
[2017.12.11-20.30.12:799][334]LogSlate: Took 0.000152 seconds to synchronously load lazily loaded font '../../../Engine/Content/Slate/Fonts/Roboto-Light.ttf' (159K)
[2017.12.11-20.30.13:113][334]LogContentBrowser: Native class hierarchy updated for 'BlueprintGraph' in 0.0006 seconds. Added 116 classes and 0 folders.
[2017.12.11-20.30.13:731][334]LogSlate: Took 0.000206 seconds to synchronously load lazily loaded font '../../../Engine/Content/Slate/Fonts/Roboto-Regular.ttf' (155K)
[2017.12.11-20.30.13:837][334]LeapPluginLog: InterfaceObject: LeapAnimBodyConnector_C_0
[2017.12.11-20.30.13:848][334]LeapPluginLog: InterfaceObject: LeapAnimBodyConnector_C_1
[2017.12.11-20.30.13:862][334]LogSlate: Took 0.000188 seconds to synchronously load lazily loaded font '../../../Engine/Content/Editor/Slate/Fonts/Roboto-BoldCondensed.ttf' (158K)
[2017.12.11-20.30.14:366][335]LogSlate: Took 0.000182 seconds to synchronously load lazily loaded font '../../../Engine/Content/Editor/Slate/Fonts/Roboto-Italic.ttf' (157K)
[2017.12.11-20.31.26:371][370]LogTemp: Repeating last play command: New Editor Window (PIE)
[2017.12.11-20.31.26:431][370]LogBlueprintUserMessages: Early PlayInEditor Detection: Level '/Game/StarterContent/Maps/Minimal_Default.Minimal_Default:PersistentLevel' has LevelScriptBlueprint '/Game/StarterContent/Maps/Minimal_Default.Minimal_Default:PersistentLevel.Minimal_Default' with GeneratedClass '/Game/StarterContent/Maps/Minimal_Default.Minimal_Default_C' with ClassGeneratedBy '/Game/StarterContent/Maps/Minimal_Default.Minimal_Default:PersistentLevel.Minimal_Default'
[2017.12.11-20.31.26:432][370]LogPlayLevel: PlayLevel: No blueprints needed recompiling
[2017.12.11-20.31.26:432][370]PIE: New page: PIE session: Minimal_Default (Dec 11, 2017, 10:31:26 PM)
[2017.12.11-20.31.26:432][370]LogPlayLevel: Creating play world package: /Game/StarterContent/Maps/UEDPIE_0_Minimal_Default
[2017.12.11-20.31.26:438][370]LogPlayLevel: PIE: StaticDuplicateObject took: (0.005835s)
[2017.12.11-20.31.26:439][370]LogAIModule: Creating AISystem for world Minimal_Default
[2017.12.11-20.31.26:439][370]LogPlayLevel: PIE: World Init took: (0.000999s)
[2017.12.11-20.31.26:440][370]LogPlayLevel: PIE: Created PIE world by copying editor world from /Game/StarterContent/Maps/Minimal_Default.Minimal_Default to /Game/StarterContent/Maps/UEDPIE_0_Minimal_Default.Minimal_Default (0.007149s)
[2017.12.11-20.31.26:540][370]LogInit: XAudio2 using 'Haut-parleurs (Razer Surround Audio Controller)' : 6 channels at 48 kHz using 16 bits per sample (channel mask 0x3f)
[2017.12.11-20.31.26:546][370]LogInit: FAudioDevice initialized.
[2017.12.11-20.31.26:632][370]LogLoad: Game class is 'GM_LeapSandBox_C'
[2017.12.11-20.31.26:635][370]LogWorld: Bringing World /Game/StarterContent/Maps/UEDPIE_0_Minimal_Default.Minimal_Default up for play (max tick rate 0) at 2017.12.11-21.31.26
[2017.12.11-20.31.26:636][370]LogWorld: Bringing up level for play took: 0.001877
[2017.12.11-20.31.26:681][370]LogContentBrowser: Native class hierarchy updated for 'MovieSceneCapture' in 0.0003 seconds. Added 11 classes and 0 folders.
[2017.12.11-20.31.26:682][370]LeapPluginLog: InterfaceObject: LeapAnimBodyConnector_C_0
[2017.12.11-20.31.26:686][370]Cmd: stereo reset
[2017.12.11-20.31.26:686][370]Command not recognized: stereo reset
[2017.12.11-20.31.26:715][370]PIE: Play in editor start time for /Game/StarterContent/Maps/UEDPIE_0_Minimal_Default -0.092
[2017.12.11-20.31.26:715][370]LogBlueprintUserMessages: Late PlayInEditor Detection: Level '/Game/StarterContent/Maps/Minimal_Default.Minimal_Default:PersistentLevel' has LevelScriptBlueprint '/Game/StarterContent/Maps/Minimal_Default.Minimal_Default:PersistentLevel.Minimal_Default' with GeneratedClass '/Game/StarterContent/Maps/Minimal_Default.Minimal_Default_C' with ClassGeneratedBy '/Game/StarterContent/Maps/Minimal_Default.Minimal_Default:PersistentLevel.Minimal_Default'
[2017.12.11-20.31.26:775][370]LogRenderer: Reallocating scene render targets to support 1292x756 Format 10 NumSamples 1 (Frame:1).
[2017.12.11-20.31.28:543][518]LogScriptCore: Warning: Script Msg: Divide by zero detected: 24.999994 / 0
Script call stack:
	Function /LeapMotion/Character/Echo/LeapEchoHands_AnimBlueprint.LeapEchoHands_AnimBlueprint_C:BlueprintUpdateAnimation
	Function /LeapMotion/Character/Echo/LeapEchoHands_AnimBlueprint.LeapEchoHands_AnimBlueprint_C:ExecuteUbergraph_LeapEchoHands_AnimBlueprint
	Function /LeapMotion/Character/Echo/LeapEchoHands_AnimBlueprint.LeapEchoHands_AnimBlueprint_C:Set Scaling If Enabled

[2017.12.11-20.31.28:543][518]LogScriptCore: Warning: Script Msg: Divide by zero detected: 24.999994 / 0
Script call stack:
	Function /LeapMotion/Character/Echo/LeapEchoHands_AnimBlueprint.LeapEchoHands_AnimBlueprint_C:BlueprintUpdateAnimation
	Function /LeapMotion/Character/Echo/LeapEchoHands_AnimBlueprint.LeapEchoHands_AnimBlueprint_C:ExecuteUbergraph_LeapEchoHands_AnimBlueprint
	Function /LeapMotion/Character/Echo/LeapEchoHands_AnimBlueprint.LeapEchoHands_AnimBlueprint_C:Set Scaling If Enabled

[2017.12.11-20.31.30:978][717]LogRenderer: Reallocating scene render targets to support 1920x1016 Format 10 NumSamples 1 (Frame:349).
[2017.12.11-20.31.31:416][748]LeapPluginLog: InterfaceObject: BP_LeapCharacter_C_0
[2017.12.11-20.34.12:789][973]LogActorComponent: Error: May not destroy component AudioComponent /Game/StarterContent/Maps/UEDPIE_0_Minimal_Default.Minimal_Default:PersistentLevel.WorldSettings_1.AudioComponent_0 owned by WorldSettings /Game/StarterContent/Maps/UEDPIE_0_Minimal_Default.Minimal_Default:PersistentLevel.WorldSettings_1.
[2017.12.11-20.34.15:370][119]LogActorComponent: Error: May not destroy component AudioComponent /Game/StarterContent/Maps/UEDPIE_0_Minimal_Default.Minimal_Default:PersistentLevel.WorldSettings_1.AudioComponent_1 owned by WorldSettings /Game/StarterContent/Maps/UEDPIE_0_Minimal_Default.Minimal_Default:PersistentLevel.WorldSettings_1.
[2017.12.11-20.34.22:085][460]LogActorComponent: Error: May not destroy component AudioComponent /Game/StarterContent/Maps/UEDPIE_0_Minimal_Default.Minimal_Default:PersistentLevel.WorldSettings_1.AudioComponent_2 owned by WorldSettings /Game/StarterContent/Maps/UEDPIE_0_Minimal_Default.Minimal_Default:PersistentLevel.WorldSettings_1.
[2017.12.11-20.34.24:643][607]LogActorComponent: Error: May not destroy component AudioComponent /Game/StarterContent/Maps/UEDPIE_0_Minimal_Default.Minimal_Default:PersistentLevel.WorldSettings_1.AudioComponent_3 owned by WorldSettings /Game/StarterContent/Maps/UEDPIE_0_Minimal_Default.Minimal_Default:PersistentLevel.WorldSettings_1.
[2017.12.11-20.34.27:198][782]LogActorComponent: Error: May not destroy component AudioComponent /Game/StarterContent/Maps/UEDPIE_0_Minimal_Default.Minimal_Default:PersistentLevel.WorldSettings_1.AudioComponent_5 owned by WorldSettings /Game/StarterContent/Maps/UEDPIE_0_Minimal_Default.Minimal_Default:PersistentLevel.WorldSettings_1.
[2017.12.11-20.34.38:093][503]LogActorComponent: Error: May not destroy component AudioComponent /Game/StarterContent/Maps/UEDPIE_0_Minimal_Default.Minimal_Default:PersistentLevel.WorldSettings_1.AudioComponent_6 owned by WorldSettings /Game/StarterContent/Maps/UEDPIE_0_Minimal_Default.Minimal_Default:PersistentLevel.WorldSettings_1.
[2017.12.11-20.34.42:954][795]LogActorComponent: Error: May not destroy component AudioComponent /Game/StarterContent/Maps/UEDPIE_0_Minimal_Default.Minimal_Default:PersistentLevel.WorldSettings_1.AudioComponent_8 owned by WorldSettings /Game/StarterContent/Maps/UEDPIE_0_Minimal_Default.Minimal_Default:PersistentLevel.WorldSettings_1.
[2017.12.11-20.34.49:184][152]LogActorComponent: Error: May not destroy component AudioComponent /Game/StarterContent/Maps/UEDPIE_0_Minimal_Default.Minimal_Default:PersistentLevel.WorldSettings_1.AudioComponent_10 owned by WorldSettings /Game/StarterContent/Maps/UEDPIE_0_Minimal_Default.Minimal_Default:PersistentLevel.WorldSettings_1.
[2017.12.11-20.34.52:797][363]LogActorComponent: Error: May not destroy component AudioComponent /Game/StarterContent/Maps/UEDPIE_0_Minimal_Default.Minimal_Default:PersistentLevel.WorldSettings_1.AudioComponent_11 owned by WorldSettings /Game/StarterContent/Maps/UEDPIE_0_Minimal_Default.Minimal_Default:PersistentLevel.WorldSettings_1.
[2017.12.11-20.35.00:033][834]LogActorComponent: Error: May not destroy component AudioComponent /Game/StarterContent/Maps/UEDPIE_0_Minimal_Default.Minimal_Default:PersistentLevel.WorldSettings_1.AudioComponent_13 owned by WorldSettings /Game/StarterContent/Maps/UEDPIE_0_Minimal_Default.Minimal_Default:PersistentLevel.WorldSettings_1.
[2017.12.11-20.35.05:941][274]LogActorComponent: Error: May not destroy component AudioComponent /Game/StarterContent/Maps/UEDPIE_0_Minimal_Default.Minimal_Default:PersistentLevel.WorldSettings_1.AudioComponent_14 owned by WorldSettings /Game/StarterContent/Maps/UEDPIE_0_Minimal_Default.Minimal_Default:PersistentLevel.WorldSettings_1.
[2017.12.11-20.35.07:850][434]LogBlueprintUserMessages: Early EndPlayMap Detection: Level '/Game/StarterContent/Maps/Minimal_Default.Minimal_Default:PersistentLevel' has LevelScriptBlueprint '/Game/StarterContent/Maps/Minimal_Default.Minimal_Default:PersistentLevel.Minimal_Default' with GeneratedClass '/Game/StarterContent/Maps/Minimal_Default.Minimal_Default_C' with ClassGeneratedBy '/Game/StarterContent/Maps/Minimal_Default.Minimal_Default:PersistentLevel.Minimal_Default'
[2017.12.11-20.35.07:912][434]LogBlueprintUserMessages: Late EndPlayMap Detection: Level '/Game/StarterContent/Maps/Minimal_Default.Minimal_Default:PersistentLevel' has LevelScriptBlueprint '/Game/StarterContent/Maps/Minimal_Default.Minimal_Default:PersistentLevel.Minimal_Default' with GeneratedClass '/Game/StarterContent/Maps/Minimal_Default.Minimal_Default_C' with ClassGeneratedBy '/Game/StarterContent/Maps/Minimal_Default.Minimal_Default:PersistentLevel.Minimal_Default'
[2017.12.11-20.35.55:540][345]BlueprintLog: New page: Compile BP_Benard
[2017.12.11-20.35.56:402][369]LogSavePackage: Save=102.33ms
[2017.12.11-20.35.56:402][369]LogSavePackage: Moving '../../../../../../Users/Nicolas/Documents/LeapMotionGit/tmp_arvr/LeapMotionSandbox/Saved/BP_BenardD62BC7A94A558A475778BEBFE4854365.tmp' to '../../../../../../Users/Nicolas/Documents/LeapMotionGit/tmp_arvr/LeapMotionSandbox/Content/LeapSandBox/Target/BenardTarget/BP_Benard.uasset'
[2017.12.11-20.35.56:411][369]LogSavePackage: Display: Finished SavePackage ../../../../../../Users/Nicolas/Documents/LeapMotionGit/tmp_arvr/LeapMotionSandbox/Content/LeapSandBox/Target/BenardTarget/BP_Benard.uasset
[2017.12.11-20.35.57:413][440]LogTemp: Repeating last play command: New Editor Window (PIE)
[2017.12.11-20.35.57:436][440]LogBlueprintUserMessages: Early PlayInEditor Detection: Level '/Game/StarterContent/Maps/Minimal_Default.Minimal_Default:PersistentLevel' has LevelScriptBlueprint '/Game/StarterContent/Maps/Minimal_Default.Minimal_Default:PersistentLevel.Minimal_Default' with GeneratedClass '/Game/StarterContent/Maps/Minimal_Default.Minimal_Default_C' with ClassGeneratedBy '/Game/StarterContent/Maps/Minimal_Default.Minimal_Default:PersistentLevel.Minimal_Default'
[2017.12.11-20.35.57:436][440]LogPlayLevel: PlayLevel: No blueprints needed recompiling
[2017.12.11-20.35.57:437][440]PIE: New page: PIE session: Minimal_Default (Dec 11, 2017, 10:35:57 PM)
[2017.12.11-20.35.57:437][440]LogPlayLevel: Creating play world package: /Game/StarterContent/Maps/UEDPIE_0_Minimal_Default
[2017.12.11-20.35.57:441][440]LogPlayLevel: PIE: StaticDuplicateObject took: (0.004559s)
[2017.12.11-20.35.57:442][440]LogAIModule: Creating AISystem for world Minimal_Default
[2017.12.11-20.35.57:442][440]LogPlayLevel: PIE: World Init took: (0.000765s)
[2017.12.11-20.35.57:442][440]LogPlayLevel: PIE: Created PIE world by copying editor world from /Game/StarterContent/Maps/Minimal_Default.Minimal_Default to /Game/StarterContent/Maps/UEDPIE_0_Minimal_Default.Minimal_Default (0.005598s)
[2017.12.11-20.35.57:476][440]LogInit: XAudio2 using 'Haut-parleurs (Razer Surround Audio Controller)' : 6 channels at 48 kHz using 16 bits per sample (channel mask 0x3f)
[2017.12.11-20.35.57:482][440]LogInit: FAudioDevice initialized.
[2017.12.11-20.35.57:539][440]LogLoad: Game class is 'GM_LeapSandBox_C'
[2017.12.11-20.35.57:541][440]LogWorld: Bringing World /Game/StarterContent/Maps/UEDPIE_0_Minimal_Default.Minimal_Default up for play (max tick rate 0) at 2017.12.11-21.35.57
[2017.12.11-20.35.57:541][440]LogWorld: Bringing up level for play took: 0.001492
[2017.12.11-20.35.57:543][440]LeapPluginLog: InterfaceObject: LeapAnimBodyConnector_C_0
[2017.12.11-20.35.57:547][440]Cmd: stereo reset
[2017.12.11-20.35.57:547][440]Command not recognized: stereo reset
[2017.12.11-20.35.57:563][440]PIE: Play in editor start time for /Game/StarterContent/Maps/UEDPIE_0_Minimal_Default 0.757
[2017.12.11-20.35.57:563][440]LogBlueprintUserMessages: Late PlayInEditor Detection: Level '/Game/StarterContent/Maps/Minimal_Default.Minimal_Default:PersistentLevel' has LevelScriptBlueprint '/Game/StarterContent/Maps/Minimal_Default.Minimal_Default:PersistentLevel.Minimal_Default' with GeneratedClass '/Game/StarterContent/Maps/Minimal_Default.Minimal_Default_C' with ClassGeneratedBy '/Game/StarterContent/Maps/Minimal_Default.Minimal_Default:PersistentLevel.Minimal_Default'
[2017.12.11-20.35.58:685][502]LogScriptCore: Warning: Script Msg: Divide by zero detected: 26.822035 / 0
Script call stack:
	Function /LeapMotion/Character/Echo/LeapEchoHands_AnimBlueprint.LeapEchoHands_AnimBlueprint_C:BlueprintUpdateAnimation
	Function /LeapMotion/Character/Echo/LeapEchoHands_AnimBlueprint.LeapEchoHands_AnimBlueprint_C:ExecuteUbergraph_LeapEchoHands_AnimBlueprint
	Function /LeapMotion/Character/Echo/LeapEchoHands_AnimBlueprint.LeapEchoHands_AnimBlueprint_C:Set Scaling If Enabled

[2017.12.11-20.35.58:685][502]LogScriptCore: Warning: Script Msg: Divide by zero detected: 26.822035 / 0
Script call stack:
	Function /LeapMotion/Character/Echo/LeapEchoHands_AnimBlueprint.LeapEchoHands_AnimBlueprint_C:BlueprintUpdateAnimation
	Function /LeapMotion/Character/Echo/LeapEchoHands_AnimBlueprint.LeapEchoHands_AnimBlueprint_C:ExecuteUbergraph_LeapEchoHands_AnimBlueprint
	Function /LeapMotion/Character/Echo/LeapEchoHands_AnimBlueprint.LeapEchoHands_AnimBlueprint_C:Set Scaling If Enabled

[2017.12.11-20.35.59:021][521]LogBlueprintUserMessages: Early EndPlayMap Detection: Level '/Game/StarterContent/Maps/Minimal_Default.Minimal_Default:PersistentLevel' has LevelScriptBlueprint '/Game/StarterContent/Maps/Minimal_Default.Minimal_Default:PersistentLevel.Minimal_Default' with GeneratedClass '/Game/StarterContent/Maps/Minimal_Default.Minimal_Default_C' with ClassGeneratedBy '/Game/StarterContent/Maps/Minimal_Default.Minimal_Default:PersistentLevel.Minimal_Default'
[2017.12.11-20.35.59:078][521]LogBlueprintUserMessages: Late EndPlayMap Detection: Level '/Game/StarterContent/Maps/Minimal_Default.Minimal_Default:PersistentLevel' has LevelScriptBlueprint '/Game/StarterContent/Maps/Minimal_Default.Minimal_Default:PersistentLevel.Minimal_Default' with GeneratedClass '/Game/StarterContent/Maps/Minimal_Default.Minimal_Default_C' with ClassGeneratedBy '/Game/StarterContent/Maps/Minimal_Default.Minimal_Default:PersistentLevel.Minimal_Default'
[2017.12.11-20.36.00:183][588]LogActorComponent: UnregisterComponent: (/Engine/Transient.EditorFloorComp) Not registered. Aborting.
[2017.12.11-20.37.58:272][155]LogWindowsTextInputMethodSystem: Display: IME system now deactivated.
[2017.12.11-20.37.58:471][156]Cmd: QUIT_EDITOR
[2017.12.11-20.37.58:891][156]LogExit: Preparing to exit.
[2017.12.11-20.37.59:098][156]LogDirectoryWatcher: A directory notification for 'C:/Users/Nicolas/Documents/LeapMotionGit/tmp_arvr/LeapMotionSandbox/Content/' was aborted.
[2017.12.11-20.37.59:148][156]LogExit: Editor shut down
[2017.12.11-20.37.59:152][156]LogExit: Transaction tracking system shut down
[2017.12.11-20.37.59:382][156]LogDirectoryWatcher: A directory notification for '../../../Engine/Content/' was aborted.
[2017.12.11-20.37.59:382][156]LogDirectoryWatcher: A directory notification for '../../../../../../Users/Nicolas/Documents/LeapMotionGit/tmp_arvr/LeapMotionSandbox/Content/' was aborted.
[2017.12.11-20.37.59:382][156]LogDirectoryWatcher: A directory notification for '../../../Engine/Plugins/2D/Paper2D/Content/' was aborted.
[2017.12.11-20.37.59:382][156]LogDirectoryWatcher: A directory notification for '../../../Engine/Plugins/Media/MediaCompositing/Content/' was aborted.
[2017.12.11-20.37.59:382][156]LogDirectoryWatcher: A directory notification for '../../../Engine/Plugins/Runtime/AppleARKit/Content/' was aborted.
[2017.12.11-20.37.59:382][156]LogDirectoryWatcher: A directory notification for '../../../Engine/Plugins/Runtime/LeapMotion/Content/' was aborted.
[2017.12.11-20.37.59:382][156]LogDirectoryWatcher: A directory notification for '../../../Engine/Plugins/Runtime/Oculus/OculusVR/Content/' was aborted.
[2017.12.11-20.37.59:382][156]LogDirectoryWatcher: A directory notification for '../../../Engine/Plugins/Runtime/Steam/SteamVR/Content/' was aborted.
[2017.12.11-20.37.59:585][156]LogExit: Object subsystem successfully closed.
[2017.12.11-20.37.59:602][156]LogD3D11RHI: Shutdown
[2017.12.11-20.37.59:602][156]LogD3D11RHI: CleanupD3DDevice
[2017.12.11-20.37.59:605][156]LogD3D11RHI: ~FD3D11DynamicRHI
[2017.12.11-20.37.59:620][156]LogModuleManager: Shutting down and abandoning module MovieSceneCapture (558)
[2017.12.11-20.37.59:620][156]LogModuleManager: Shutting down and abandoning module BlueprintGraph (556)
[2017.12.11-20.37.59:620][156]LogModuleManager: Shutting down and abandoning module HierarchicalLODOutliner (554)
[2017.12.11-20.37.59:620][156]LogModuleManager: Shutting down and abandoning module SceneOutliner (552)
[2017.12.11-20.37.59:620][156]LogModuleManager: Shutting down and abandoning module AddContentDialog (550)
[2017.12.11-20.37.59:620][156]LogDirectoryWatcher: A directory notification for 'C:/Program Files/Epic Games/UE_4.18/FeaturePacks/' was aborted.
[2017.12.11-20.37.59:621][156]LogModuleManager: Shutting down and abandoning module WidgetCarousel (549)
[2017.12.11-20.37.59:621][156]LogModuleManager: Shutting down and abandoning module EditorWidgets (546)
[2017.12.11-20.37.59:621][156]LogModuleManager: Shutting down and abandoning module CollectionManager (544)
[2017.12.11-20.37.59:621][156]LogDirectoryWatcher: A directory notification for 'C:/Users/Nicolas/Documents/LeapMotionGit/tmp_arvr/LeapMotionSandbox/Content/Collections/' was aborted.
[2017.12.11-20.37.59:621][156]LogDirectoryWatcher: A directory notification for 'C:/Users/Nicolas/Documents/LeapMotionGit/tmp_arvr/LeapMotionSandbox/Content/Developers/Nicolas/Collections/' was aborted.
[2017.12.11-20.37.59:621][156]LogDirectoryWatcher: A directory notification for 'C:/Users/Nicolas/Documents/LeapMotionGit/tmp_arvr/LeapMotionSandbox/Saved/Collections/' was aborted.
[2017.12.11-20.37.59:621][156]LogModuleManager: Shutting down and abandoning module StatsViewer (542)
[2017.12.11-20.37.59:621][156]LogModuleManager: Shutting down and abandoning module FoliageEdit (540)
[2017.12.11-20.37.59:621][156]LogModuleManager: Shutting down and abandoning module LandscapeEditor (538)
[2017.12.11-20.37.59:621][156]LogModuleManager: Shutting down and abandoning module MeshPaintMode (536)
[2017.12.11-20.37.59:621][156]LogModuleManager: Shutting down and abandoning module SceneDepthPickerMode (534)
[2017.12.11-20.37.59:621][156]LogModuleManager: Shutting down and abandoning module ActorPickerMode (532)
[2017.12.11-20.37.59:621][156]LogModuleManager: Shutting down and abandoning module GeometryMode (530)
[2017.12.11-20.37.59:621][156]LogModuleManager: Shutting down and abandoning module TextureAlignMode (528)
[2017.12.11-20.37.59:621][156]LogModuleManager: Shutting down and abandoning module BspMode (526)
[2017.12.11-20.37.59:621][156]LogModuleManager: Shutting down and abandoning module PIEPreviewDeviceProfileSelector (524)
[2017.12.11-20.37.59:621][156]LogModuleManager: Shutting down and abandoning module HardwareSurvey (522)
[2017.12.11-20.37.59:621][156]LogModuleManager: Shutting down and abandoning module SequenceRecorderSections (520)
[2017.12.11-20.37.59:621][156]LogModuleManager: Shutting down and abandoning module AutomationWorker (518)
[2017.12.11-20.37.59:621][156]LogModuleManager: Shutting down and abandoning module MatineeToLevelSequence (516)
[2017.12.11-20.37.59:621][156]LogModuleManager: Shutting down and abandoning module LevelSequenceEditor (514)
[2017.12.11-20.37.59:621][156]LogModuleManager: Shutting down and abandoning module PlacementMode (513)
[2017.12.11-20.37.59:621][156]LogModuleManager: Shutting down and abandoning module WmfMediaFactory (510)
[2017.12.11-20.37.59:621][156]LogModuleManager: Shutting down and abandoning module WmfMediaEditor (508)
[2017.12.11-20.37.59:622][156]LogModuleManager: Shutting down and abandoning module OpenExrWrapper (506)
[2017.12.11-20.37.59:622][156]LogModuleManager: Shutting down and abandoning module ImgMediaFactory (504)
[2017.12.11-20.37.59:622][156]LogModuleManager: Shutting down and abandoning module ImgMediaEditor (502)
[2017.12.11-20.37.59:622][156]LogModuleManager: Shutting down and abandoning module AvfMediaFactory (500)
[2017.12.11-20.37.59:622][156]LogModuleManager: Shutting down and abandoning module AvfMediaEditor (498)
[2017.12.11-20.37.59:622][156]LogModuleManager: Shutting down and abandoning module AndroidMediaFactory (496)
[2017.12.11-20.37.59:622][156]LogModuleManager: Shutting down and abandoning module AndroidMediaEditor (494)
[2017.12.11-20.37.59:622][156]LogModuleManager: Shutting down and abandoning module CharacterAI (492)
[2017.12.11-20.37.59:622][156]LogModuleManager: Shutting down and abandoning module AudioCapture (490)
[2017.12.11-20.37.59:622][156]LogModuleManager: Shutting down and abandoning module SequenceRecorder (489)
[2017.12.11-20.37.59:622][156]LogModuleManager: Shutting down and abandoning module SmartSnapping (486)
[2017.12.11-20.37.59:622][156]LogModuleManager: Shutting down and abandoning module SessionServices (484)
[2017.12.11-20.37.59:622][156]LogModuleManager: Shutting down and abandoning module ViewportSnapping (482)
[2017.12.11-20.37.59:622][156]LogModuleManager: Shutting down and abandoning module ViewportInteraction (480)
[2017.12.11-20.37.59:622][156]LogModuleManager: Shutting down and abandoning module ClothPainter (478)
[2017.12.11-20.37.59:622][156]LogModuleManager: Shutting down and abandoning module SkeletalMeshEditor (477)
[2017.12.11-20.37.59:622][156]LogModuleManager: Shutting down and abandoning module LogVisualizer (474)
[2017.12.11-20.37.59:622][156]LogModuleManager: Shutting down and abandoning module IntroTutorials (472)
[2017.12.11-20.37.59:622][156]LogModuleManager: Shutting down and abandoning module GameProjectGeneration (471)
[2017.12.11-20.37.59:622][156]LogModuleManager: Shutting down and abandoning module IOSPlatformEditor (468)
[2017.12.11-20.37.59:622][156]LogModuleManager: Shutting down and abandoning module HTML5PlatformEditor (466)
[2017.12.11-20.37.59:622][156]LogModuleManager: Shutting down and abandoning module AndroidPlatformEditor (464)
[2017.12.11-20.37.59:622][156]LogModuleManager: Shutting down and abandoning module AndroidDeviceDetection (463)
[2017.12.11-20.37.59:986][156]LogModuleManager: Shutting down and abandoning module WindowsPlatformEditor (460)
[2017.12.11-20.37.59:986][156]LogModuleManager: Shutting down and abandoning module IOSRuntimeSettings (458)
[2017.12.11-20.37.59:986][156]LogModuleManager: Shutting down and abandoning module AndroidRuntimeSettings (456)
[2017.12.11-20.37.59:986][156]LogModuleManager: Shutting down and abandoning module InputBindingEditor (454)
[2017.12.11-20.37.59:986][156]LogModuleManager: Shutting down and abandoning module MergeActors (452)
[2017.12.11-20.37.59:986][156]LogModuleManager: Shutting down and abandoning module SizeMap (450)
[2017.12.11-20.37.59:986][156]LogModuleManager: Shutting down and abandoning module TreeMap (448)
[2017.12.11-20.37.59:986][156]LogModuleManager: Shutting down and abandoning module ReferenceViewer (446)
[2017.12.11-20.37.59:986][156]LogModuleManager: Shutting down and abandoning module LocalizationDashboard (444)
[2017.12.11-20.37.59:986][156]LogModuleManager: Shutting down and abandoning module LocalizationService (443)
[2017.12.11-20.37.59:986][156]LogModuleManager: Shutting down and abandoning module HardwareTargeting (440)
[2017.12.11-20.37.59:986][156]LogModuleManager: Shutting down and abandoning module DeviceProfileEditor (438)
[2017.12.11-20.37.59:986][156]LogModuleManager: Shutting down and abandoning module UndoHistory (436)
[2017.12.11-20.37.59:986][156]LogModuleManager: Shutting down and abandoning module XmlParser (434)
[2017.12.11-20.37.59:986][156]LogModuleManager: Shutting down and abandoning module Blutility (432)
[2017.12.11-20.37.59:986][156]LogModuleManager: Shutting down and abandoning module ProjectSettingsViewer (430)
[2017.12.11-20.37.59:986][156]LogModuleManager: Shutting down and abandoning module ProjectTargetPlatformEditor (429)
[2017.12.11-20.37.59:986][156]LogModuleManager: Shutting down and abandoning module EditorSettingsViewer (426)
[2017.12.11-20.37.59:986][156]LogModuleManager: Shutting down and abandoning module SettingsEditor (424)
[2017.12.11-20.37.59:986][156]LogModuleManager: Shutting down and abandoning module ProjectLauncher (422)
[2017.12.11-20.37.59:986][156]LogModuleManager: Shutting down and abandoning module SessionFrontend (420)
[2017.12.11-20.37.59:986][156]LogModuleManager: Shutting down and abandoning module ProfilerClient (418)
[2017.12.11-20.37.59:986][156]LogModuleManager: Shutting down and abandoning module DeviceManager (416)
[2017.12.11-20.37.59:986][156]LogModuleManager: Shutting down and abandoning module TargetDeviceServices (415)
[2017.12.11-20.38.00:039][156]LogModuleManager: Shutting down and abandoning module AutomationController (412)
[2017.12.11-20.38.00:039][156]LogModuleManager: Shutting down and abandoning module AutomationWindow (410)
[2017.12.11-20.38.00:039][156]LogModuleManager: Shutting down and abandoning module Layers (408)
[2017.12.11-20.38.00:039][156]LogModuleManager: Shutting down and abandoning module ComponentVisualizers (406)
[2017.12.11-20.38.00:039][156]LogModuleManager: Shutting down and abandoning module DetailCustomizations (404)
[2017.12.11-20.38.00:039][156]LogModuleManager: Shutting down and abandoning module PackagesDialog (402)
[2017.12.11-20.38.00:039][156]LogModuleManager: Shutting down and abandoning module Persona (400)
[2017.12.11-20.38.00:040][156]LogModuleManager: Shutting down and abandoning module AdvancedPreviewScene (399)
[2017.12.11-20.38.00:040][156]LogModuleManager: Shutting down and abandoning module AnimGraph (397)
[2017.12.11-20.38.00:040][156]LogModuleManager: Shutting down and abandoning module Kismet (394)
[2017.12.11-20.38.00:048][156]LogModuleManager: Shutting down and abandoning module ClassViewer (392)
[2017.12.11-20.38.00:048][156]LogModuleManager: Shutting down and abandoning module Toolbox (390)
[2017.12.11-20.38.00:048][156]LogModuleManager: Shutting down and abandoning module ModuleUI (388)
[2017.12.11-20.38.00:048][156]LogModuleManager: Shutting down and abandoning module MovieSceneTools (386)
[2017.12.11-20.38.00:048][156]LogModuleManager: Shutting down and abandoning module OutputLog (384)
[2017.12.11-20.38.00:048][156]LogModuleManager: Shutting down and abandoning module GammaUI (382)
[2017.12.11-20.38.00:048][156]LogModuleManager: Shutting down and abandoning module Documentation (380)
[2017.12.11-20.38.00:049][156]LogModuleManager: Shutting down and abandoning module MovieSceneTracks (378)
[2017.12.11-20.38.00:049][156]LogModuleManager: Shutting down and abandoning module MovieScene (376)
[2017.12.11-20.38.00:049][156]LogModuleManager: Shutting down and abandoning module StreamingPauseRendering (374)
[2017.12.11-20.38.00:049][156]LogModuleManager: Shutting down and abandoning module LauncherPlatform (372)
[2017.12.11-20.38.00:049][156]LogModuleManager: Shutting down and abandoning module AnalyticsET (370)
[2017.12.11-20.38.00:049][156]LogModuleManager: Shutting down and abandoning module PortalServices (368)
[2017.12.11-20.38.00:049][156]LogModuleManager: Shutting down and abandoning module PortalRpc (366)
[2017.12.11-20.38.00:049][156]LogModuleManager: Shutting down and abandoning module MessagingRpc (364)
[2017.12.11-20.38.00:049][156]LogModuleManager: Shutting down and abandoning module AIModule (362)
[2017.12.11-20.38.00:049][156]LogModuleManager: Shutting down and abandoning module GameplayDebugger (361)
[2017.12.11-20.38.00:049][156]LogModuleManager: Shutting down and abandoning module AITestSuite (359)
[2017.12.11-20.38.00:049][156]LogModuleManager: Shutting down and abandoning module DesktopPlatform (356)
[2017.12.11-20.38.00:049][156]LogModuleManager: Shutting down and abandoning module ProfilerService (354)
[2017.12.11-20.38.00:053][156]LogModuleManager: Shutting down and abandoning module TaskGraph (352)
[2017.12.11-20.38.00:053][156]LogModuleManager: Shutting down and abandoning module SteamVRController (350)
[2017.12.11-20.38.00:053][156]LogModuleManager: Shutting down and abandoning module ProceduralMeshComponentEditor (348)
[2017.12.11-20.38.00:053][156]LogModuleManager: Shutting down and abandoning module ProceduralMeshComponent (346)
[2017.12.11-20.38.00:053][156]LogModuleManager: Shutting down and abandoning module OculusInput (344)
[2017.12.11-20.38.00:053][156]LogModuleManager: Shutting down and abandoning module MobilePatchingUtils (342)
[2017.12.11-20.38.00:053][156]LogModuleManager: Shutting down and abandoning module CustomMeshComponent (340)
[2017.12.11-20.38.00:053][156]LogModuleManager: Shutting down and abandoning module CableComponent (338)
[2017.12.11-20.38.00:053][156]LogModuleManager: Shutting down and abandoning module ArchVisCharacter (336)
[2017.12.11-20.38.00:053][156]LogModuleManager: Shutting down and abandoning module AndroidPermission (334)
[2017.12.11-20.38.00:053][156]LogModuleManager: Shutting down and abandoning module ActorSequence (330)
[2017.12.11-20.38.00:053][156]LogModuleManager: Shutting down and abandoning module MediaPlayerEditor (328)
[2017.12.11-20.38.00:053][156]LogModuleManager: Shutting down and abandoning module MediaCompositingEditor (326)
[2017.12.11-20.38.00:053][156]LogModuleManager: Shutting down and abandoning module MediaCompositing (324)
[2017.12.11-20.38.00:053][156]LogModuleManager: Shutting down and abandoning module HTML5Networking (322)
[2017.12.11-20.38.00:053][156]LogModuleManager: Shutting down and abandoning module AlembicImporter (320)
[2017.12.11-20.38.00:053][156]LogModuleManager: Shutting down and abandoning module AlembicLibrary (319)
[2017.12.11-20.38.00:053][156]LogModuleManager: Shutting down and abandoning module GeometryCache (318)
[2017.12.11-20.38.00:053][156]LogModuleManager: Shutting down and abandoning module GeometryCacheEd (317)
[2017.12.11-20.38.00:053][156]LogModuleManager: Shutting down and abandoning module SpeedTreeImporter (312)
[2017.12.11-20.38.00:053][156]LogModuleManager: Shutting down and abandoning module PluginBrowser (310)
[2017.12.11-20.38.00:054][156]LogModuleManager: Shutting down and abandoning module MobileLauncherProfileWizard (308)
[2017.12.11-20.38.00:054][156]LogModuleManager: Shutting down and abandoning module VisualStudioSourceCodeAccess (306)
[2017.12.11-20.38.00:054][156]LogModuleManager: Shutting down and abandoning module VisualStudioCodeSourceCodeAccess (304)
[2017.12.11-20.38.00:054][156]LogModuleManager: Shutting down and abandoning module UObjectPlugin (302)
[2017.12.11-20.38.00:054][156]LogModuleManager: Shutting down and abandoning module SubversionSourceControl (300)
[2017.12.11-20.38.00:054][156]LogModuleManager: Shutting down and abandoning module PerforceSourceControl (298)
[2017.12.11-20.38.00:054][156]LogModuleManager: Shutting down and abandoning module GitSourceControl (296)
[2017.12.11-20.38.00:054][156]LogModuleManager: Shutting down and abandoning module SourceControl (295)
[2017.12.11-20.38.00:054][156]LogModuleManager: Shutting down and abandoning module LightPropagationVolumeEditor (292)
[2017.12.11-20.38.00:054][156]LogModuleManager: Shutting down and abandoning module PaperTiledImporter (290)
[2017.12.11-20.38.00:054][156]LogModuleManager: Shutting down and abandoning module PaperSpriteSheetImporter (288)
[2017.12.11-20.38.00:054][156]LogModuleManager: Shutting down and abandoning module Paper2DEditor (286)
[2017.12.11-20.38.00:054][156]LogModuleManager: Shutting down and abandoning module MeshPaint (285)
[2017.12.11-20.38.00:054][156]LogModuleManager: Shutting down and abandoning module LevelEditor (283)
[2017.12.11-20.38.00:055][156]LogModuleManager: Shutting down and abandoning module PixelInspectorModule (282)
[2017.12.11-20.38.00:055][156]LogModuleManager: Shutting down and abandoning module MainFrame (280)
[2017.12.11-20.38.00:055][156]LogModuleManager: Shutting down and abandoning module HotReload (279)
[2017.12.11-20.38.00:056][156]LogModuleManager: Shutting down and abandoning module RuntimePhysXCooking (274)
[2017.12.11-20.38.00:056][156]LogModuleManager: Shutting down and abandoning module PhysXVehiclesEditor (272)
[2017.12.11-20.38.00:056][156]LogModuleManager: Shutting down and abandoning module PhysXVehicles (270)
[2017.12.11-20.38.00:056][156]LogModuleManager: Shutting down and abandoning module OculusEditor (268)
[2017.12.11-20.38.00:056][156]LogModuleManager: Shutting down and abandoning module LocationServicesBPLibrary (266)
[2017.12.11-20.38.00:056][156]LogModuleManager: Shutting down and abandoning module ImmediatePhysicsEditor (264)
[2017.12.11-20.38.00:056][156]LogModuleManager: Shutting down and abandoning module ImmediatePhysics (262)
[2017.12.11-20.38.00:056][156]LogModuleManager: Shutting down and abandoning module ApexDestructionEditor (260)
[2017.12.11-20.38.00:056][156]LogModuleManager: Shutting down and abandoning module ApexDestruction (258)
[2017.12.11-20.38.00:056][156]LogModuleManager: Shutting down and abandoning module UdpMessaging (256)
[2017.12.11-20.38.00:156][156]LogModuleManager: Shutting down and abandoning module TcpMessaging (254)
[2017.12.11-20.38.00:256][156]LogModuleManager: Shutting down and abandoning module GameplayTagsEditor (252)
[2017.12.11-20.38.00:256][156]LogModuleManager: Shutting down and abandoning module FacialAnimationEditor (250)
[2017.12.11-20.38.00:256][156]LogModuleManager: Shutting down and abandoning module FacialAnimation (248)
[2017.12.11-20.38.00:256][156]LogModuleManager: Shutting down and abandoning module AssetManagerEditor (246)
[2017.12.11-20.38.00:256][156]LogModuleManager: Shutting down and abandoning module GraphEditor (245)
[2017.12.11-20.38.00:256][156]LogModuleManager: Shutting down and abandoning module ContentBrowser (243)
[2017.12.11-20.38.00:258][156]LogModuleManager: Shutting down and abandoning module LightPropagationVolumeRuntime (240)
[2017.12.11-20.38.00:258][156]LogModuleManager: Shutting down and abandoning module Paper2D (238)
[2017.12.11-20.38.00:258][156]LogModuleManager: Shutting down and abandoning module WindowsMoviePlayer (236)
[2017.12.11-20.38.00:258][156]LogModuleManager: Shutting down and abandoning module WmfMedia (234)
[2017.12.11-20.38.00:258][156]LogModuleManager: Shutting down and abandoning module ImgMedia (232)
[2017.12.11-20.38.00:258][156]LogModuleManager: Shutting down and abandoning module PacketHandler (230)
[2017.12.11-20.38.00:258][156]LogModuleManager: Shutting down and abandoning module ClothingSystemEditor (228)
[2017.12.11-20.38.00:258][156]LogModuleManager: Shutting down and abandoning module ClothingSystemRuntime (226)
[2017.12.11-20.38.00:258][156]LogModuleManager: Shutting down and abandoning module MediaAssets (224)
[2017.12.11-20.38.00:258][156]LogModuleManager: Shutting down and abandoning module Media (223)
[2017.12.11-20.38.00:264][156]LogModuleManager: Shutting down and abandoning module Overlay (220)
[2017.12.11-20.38.00:264][156]LogModuleManager: Shutting down and abandoning module OverlayEditor (219)
[2017.12.11-20.38.00:264][156]LogModuleManager: Shutting down and abandoning module VREditor (216)
[2017.12.11-20.38.00:264][156]LogModuleManager: Shutting down and abandoning module StringTableEditor (214)
[2017.12.11-20.38.00:264][156]LogModuleManager: Shutting down and abandoning module GameplayTasksEditor (212)
[2017.12.11-20.38.00:264][156]LogModuleManager: Shutting down and abandoning module BehaviorTreeEditor (210)
[2017.12.11-20.38.00:264][156]LogModuleManager: Shutting down and abandoning module FunctionalTesting (208)
[2017.12.11-20.38.00:264][156]LogModuleManager: Shutting down and abandoning module CollisionAnalyzer (206)
[2017.12.11-20.38.00:264][156]LogModuleManager: Shutting down and abandoning module WorkspaceMenuStructure (205)
[2017.12.11-20.38.00:264][156]LogModuleManager: Shutting down and abandoning module UMG (202)
[2017.12.11-20.38.00:264][156]LogModuleManager: Shutting down and abandoning module UMGEditor (201)
[2017.12.11-20.38.00:264][156]LogModuleManager: Shutting down and abandoning module Sequencer (200)
[2017.12.11-20.38.00:264][156]LogModuleManager: Shutting down and abandoning module MessageLog (197)
[2017.12.11-20.38.00:264][156]LogModuleManager: Shutting down and abandoning module SlateReflector (192)
[2017.12.11-20.38.00:264][156]LogModuleManager: Shutting down and abandoning module Slate (190)
[2017.12.11-20.38.00:264][156]LogModuleManager: Shutting down and abandoning module EditorStyle (188)
[2017.12.11-20.38.00:266][156]LogModuleManager: Shutting down and abandoning module MRMesh (186)
[2017.12.11-20.38.00:267][156]LogModuleManager: Shutting down and abandoning module SourceCodeAccess (184)
[2017.12.11-20.38.00:267][156]LogModuleManager: Shutting down and abandoning module HeadMountedDisplay (182)
[2017.12.11-20.38.00:267][156]LogModuleManager: Shutting down and abandoning module XAudio2 (180)
[2017.12.11-20.38.00:267][156]LogModuleManager: Shutting down and abandoning module Networking (178)
[2017.12.11-20.38.00:267][156]LogModuleManager: Shutting down and abandoning module Core (174)
[2017.12.11-20.38.00:267][156]LogModuleManager: Shutting down and abandoning module LevelSequence (170)
[2017.12.11-20.38.00:267][156]LogModuleManager: Shutting down and abandoning module DirectoryWatcher (168)
[2017.12.11-20.38.00:267][156]LogModuleManager: Shutting down and abandoning module KismetCompiler (166)
[2017.12.11-20.38.00:267][156]LogModuleManager: Shutting down and abandoning module MeshUtilities (164)
[2017.12.11-20.38.00:267][156]LogModuleManager: Shutting down and abandoning module MeshMergeUtilities (163)
[2017.12.11-20.38.00:268][156]LogModuleManager: Shutting down and abandoning module MeshReductionInterface (162)
[2017.12.11-20.38.00:268][156]LogModuleManager: Shutting down and abandoning module SimplygonSwarm (161)
[2017.12.11-20.38.00:268][156]LogModuleManager: Shutting down and abandoning module SimplygonMeshReduction (159)
[2017.12.11-20.38.00:268][156]LogModuleManager: Shutting down and abandoning module QuadricMeshReduction (157)
[2017.12.11-20.38.00:268][156]LogModuleManager: Shutting down and abandoning module MaterialBaking (153)
[2017.12.11-20.38.00:268][156]LogModuleManager: Shutting down and abandoning module DerivedDataCache (150)
[2017.12.11-20.38.00:340][156]LogDerivedDataCache: Shutdown
[2017.12.11-20.38.00:340][156]LogModuleManager: Shutting down and abandoning module TargetPlatform (148)
[2017.12.11-20.38.00:340][156]LogModuleManager: Shutting down and abandoning module VulkanShaderFormat (147)
[2017.12.11-20.38.00:340][156]LogModuleManager: Shutting down and abandoning module ShaderFormatVectorVM (145)
[2017.12.11-20.38.00:340][156]LogModuleManager: Shutting down and abandoning module ShaderFormatOpenGL (143)
[2017.12.11-20.38.00:340][156]LogModuleManager: Shutting down and abandoning module ShaderFormatD3D (141)
[2017.12.11-20.38.00:340][156]LogModuleManager: Shutting down and abandoning module MetalShaderFormat (139)
[2017.12.11-20.38.00:340][156]LogModuleManager: Shutting down and abandoning module TextureFormatUncompressed (137)
[2017.12.11-20.38.00:340][156]LogModuleManager: Shutting down and abandoning module TextureFormatPVR (135)
[2017.12.11-20.38.00:340][156]LogModuleManager: Shutting down and abandoning module TextureFormatDXT (133)
[2017.12.11-20.38.00:340][156]LogModuleManager: Shutting down and abandoning module TextureFormatIntelISPCTexComp (131)
[2017.12.11-20.38.00:340][156]LogModuleManager: Shutting down and abandoning module TextureFormatASTC (129)
[2017.12.11-20.38.00:340][156]LogModuleManager: Shutting down and abandoning module ImageWrapper (128)
[2017.12.11-20.38.00:340][156]LogModuleManager: Shutting down and abandoning module TextureFormatAndroid (125)
[2017.12.11-20.38.00:340][156]LogModuleManager: Shutting down and abandoning module AudioFormatOpus (123)
[2017.12.11-20.38.00:340][156]LogModuleManager: Shutting down and abandoning module AudioFormatOgg (121)
[2017.12.11-20.38.00:340][156]LogModuleManager: Shutting down and abandoning module AudioFormatADPCM (119)
[2017.12.11-20.38.00:340][156]LogModuleManager: Shutting down and abandoning module LinuxTargetPlatform (117)
[2017.12.11-20.38.00:340][156]LogModuleManager: Shutting down and abandoning module LinuxServerTargetPlatform (115)
[2017.12.11-20.38.00:340][156]LogModuleManager: Shutting down and abandoning module LinuxNoEditorTargetPlatform (113)
[2017.12.11-20.38.00:340][156]LogModuleManager: Shutting down and abandoning module LinuxClientTargetPlatform (111)
[2017.12.11-20.38.00:340][156]LogModuleManager: Shutting down and abandoning module TVOSTargetPlatform (109)
[2017.12.11-20.38.00:340][156]LogModuleManager: Shutting down and abandoning module Messaging (107)
[2017.12.11-20.38.00:340][156]LogModuleManager: Shutting down and abandoning module IOSTargetPlatform (105)
[2017.12.11-20.38.00:340][156]LogModuleManager: Shutting down and abandoning module HTML5TargetPlatform (103)
[2017.12.11-20.38.00:340][156]LogModuleManager: Shutting down and abandoning module AndroidTargetPlatform (101)
[2017.12.11-20.38.00:340][156]LogModuleManager: Shutting down and abandoning module Android_PVRTCTargetPlatform (99)
[2017.12.11-20.38.00:340][156]LogModuleManager: Shutting down and abandoning module Android_MultiTargetPlatform (97)
[2017.12.11-20.38.00:340][156]LogModuleManager: Shutting down and abandoning module Android_ETC2TargetPlatform (95)
[2017.12.11-20.38.00:340][156]LogModuleManager: Shutting down and abandoning module Android_ETC1TargetPlatform (93)
[2017.12.11-20.38.00:340][156]LogModuleManager: Shutting down and abandoning module Android_DXTTargetPlatform (91)
[2017.12.11-20.38.00:340][156]LogModuleManager: Shutting down and abandoning module Android_ATCTargetPlatform (89)
[2017.12.11-20.38.00:340][156]LogModuleManager: Shutting down and abandoning module Android_ASTCTargetPlatform (87)
[2017.12.11-20.38.00:340][156]LogModuleManager: Shutting down and abandoning module WindowsTargetPlatform (85)
[2017.12.11-20.38.00:340][156]LogModuleManager: Shutting down and abandoning module WindowsServerTargetPlatform (83)
[2017.12.11-20.38.00:340][156]LogModuleManager: Shutting down and abandoning module WindowsNoEditorTargetPlatform (81)
[2017.12.11-20.38.00:340][156]LogModuleManager: Shutting down and abandoning module WindowsClientTargetPlatform (79)
[2017.12.11-20.38.00:340][156]LogModuleManager: Shutting down and abandoning module MacTargetPlatform (77)
[2017.12.11-20.38.00:340][156]LogModuleManager: Shutting down and abandoning module MacServerTargetPlatform (75)
[2017.12.11-20.38.00:340][156]LogModuleManager: Shutting down and abandoning module MacNoEditorTargetPlatform (73)
[2017.12.11-20.38.00:340][156]LogModuleManager: Shutting down and abandoning module MacClientTargetPlatform (71)
[2017.12.11-20.38.00:340][156]LogModuleManager: Shutting down and abandoning module AllDesktopTargetPlatform (69)
[2017.12.11-20.38.00:340][156]LogModuleManager: Shutting down and abandoning module InputCore (66)
[2017.12.11-20.38.00:340][156]LogModuleManager: Shutting down and abandoning module Settings (64)
[2017.12.11-20.38.00:340][156]LogModuleManager: Shutting down and abandoning module PhysXCooking (62)
[2017.12.11-20.38.00:340][156]LogModuleManager: Shutting down and abandoning module SteamVR (60)
[2017.12.11-20.38.00:340][156]LogModuleManager: Shutting down and abandoning module OculusHMD (58)
[2017.12.11-20.38.00:340][156]LogModuleManager: Shutting down and abandoning module LeapMotion (56)
[2017.12.11-20.38.00:340][156]LogModuleManager: Shutting down and abandoning module ExampleDeviceProfileSelector (54)
[2017.12.11-20.38.00:340][156]LogModuleManager: Shutting down and abandoning module AppleARKit (52)
[2017.12.11-20.38.00:340][156]LogModuleManager: Shutting down and abandoning module AugmentedReality (51)
[2017.12.11-20.38.00:340][156]LogModuleManager: Shutting down and abandoning module OnlineBlueprintSupport (48)
[2017.12.11-20.38.00:340][156]LogModuleManager: Shutting down and abandoning module OnlineSubsystem (44)
[2017.12.11-20.38.00:340][156]LogModuleManager: Shutting down and abandoning module XMPP (43)
[2017.12.11-20.38.00:340][156]LogModuleManager: Shutting down and abandoning module HTTP (41)
[2017.12.11-20.38.00:340][156]LogHttp: Display: Http module shutting down, but needs to wait on 1 outstanding Http requests:
[2017.12.11-20.38.00:341][156]LogHttp: Display: 	verb=[POST] url=[https://datarouter.ol.epicgames.com/datarouter/api/v1/public/data?SessionID=%7BD68F1298-4272-AB8F-0CFC-2FA27066BDEB%7D&AppID=UEEditor.Rocket.Release&AppVersion=4.18.1-3754814%2B%2B%2BUE4%2BRelease-4.18&UserID=79a8be514037e7bbbe508eb2c74a91c8%7C258499f2ef7c431bb737538e467a329b%7C4c6e19af-70c2-4741-9c57-4b76d39b17c1&AppEnvironment=datacollector-binary&UploadType=eteventstream] status=Processing
[2017.12.11-20.38.00:360][156]LogModuleManager: Shutting down and abandoning module SSL (40)
[2017.12.11-20.38.00:362][156]LogModuleManager: Shutting down and abandoning module AnimationModifiers (36)
[2017.12.11-20.38.00:362][156]LogModuleManager: Shutting down and abandoning module PropertyEditor (35)
[2017.12.11-20.38.00:362][156]LogModuleManager: Shutting down and abandoning module AudioEditor (32)
[2017.12.11-20.38.00:362][156]LogModuleManager: Shutting down and abandoning module TextureCompressor (30)
[2017.12.11-20.38.00:362][156]LogModuleManager: Shutting down and abandoning module ShaderCore (28)
[2017.12.11-20.38.00:362][156]LogModuleManager: Shutting down and abandoning module Landscape (26)
[2017.12.11-20.38.00:362][156]LogModuleManager: Shutting down and abandoning module SlateRHIRenderer (24)
[2017.12.11-20.38.00:363][156]LogModuleManager: Shutting down and abandoning module OpenGLDrv (22)
[2017.12.11-20.38.00:363][156]LogModuleManager: Shutting down and abandoning module D3D11RHI (20)
[2017.12.11-20.38.00:363][156]LogModuleManager: Shutting down and abandoning module AnimGraphRuntime (18)
[2017.12.11-20.38.00:363][156]LogModuleManager: Shutting down and abandoning module Renderer (16)
[2017.12.11-20.38.00:363][156]LogModuleManager: Shutting down and abandoning module Engine (14)
[2017.12.11-20.38.00:363][156]LogModuleManager: Shutting down and abandoning module CoreUObject (12)
[2017.12.11-20.38.00:363][156]LogModuleManager: Shutting down and abandoning module NetworkFile (10)
[2017.12.11-20.38.00:363][156]LogModuleManager: Shutting down and abandoning module CookedIterativeFile (8)
[2017.12.11-20.38.00:363][156]LogModuleManager: Shutting down and abandoning module StreamingFile (6)
[2017.12.11-20.38.00:363][156]LogModuleManager: Shutting down and abandoning module SandboxFile (4)
[2017.12.11-20.38.00:363][156]LogModuleManager: Shutting down and abandoning module PakFile (2)
[2017.12.11-20.38.00:365][156]LogExit: Exiting.
[2017.12.11-20.38.00:381][156]Log file closed, 12/11/17 21:38:00
