Log file open, 12/05/17 14:04:50
LogWindows: Failed to load 'aqProf.dll' (GetLastError=126)
LogWindows: File 'aqProf.dll' does not exist
LogWindows: Failed to load 'VSPerf140.dll' (GetLastError=126)
LogWindows: File 'VSPerf140.dll' does not exist
LogWindows: Failed to load 'VtuneApi.dll' (GetLastError=126)
LogWindows: File 'VtuneApi.dll' does not exist
LogWindows: Failed to load 'VtuneApi32e.dll' (GetLastError=126)
LogWindows: File 'VtuneApi32e.dll' does not exist
LogInit: Display: Running engine for game: LeapMotionSandbox
LogPlatformFile: Not using cached read wrapper
LogInit: Display: RandInit(-1406787400) SRandInit(-1406787400).
LogInit: Read version file with build ID '3709383'
LogInit: Overriding engine version to CL 3754814, compatible CL 3709383
LogInit: Registered custom module enumerator with build ID '3709383'
LogTaskGraph: Started task graph with 5 named threads and 14 total threads with 3 sets of task threads.
LogStats: Stats thread started at 0.173685
LogD3D11RHI: Aftermath initialized
LogModuleManager: Display: Found up-to-date module file ../../../Engine/Plugins/Runtime/LeapMotion/Binaries/Win64/UE4Editor-LeapMotion.dll (API version 3709383).
LogModuleManager: Display: Found up-to-date module file ../../../Engine/Plugins/2D/Paper2D/Binaries/Win64/UE4Editor-Paper2D.dll (API version 3709383).
LogModuleManager: Display: Found up-to-date module file ../../../Engine/Plugins/2D/Paper2D/Binaries/Win64/UE4Editor-Paper2DEditor.dll (API version 3709383).
LogModuleManager: Display: Found up-to-date module file ../../../Engine/Plugins/2D/Paper2D/Binaries/Win64/UE4Editor-PaperSpriteSheetImporter.dll (API version 3709383).
LogModuleManager: Display: Found up-to-date module file ../../../Engine/Plugins/2D/Paper2D/Binaries/Win64/UE4Editor-PaperTiledImporter.dll (API version 3709383).
LogModuleManager: Display: Found up-to-date module file ../../../Engine/Plugins/2D/Paper2D/Binaries/Win64/UE4Editor-SmartSnapping.dll (API version 3709383).
LogModuleManager: Display: Found up-to-date module file ../../../Engine/Plugins/Blendables/LightPropagationVolume/Binaries/Win64/UE4Editor-LightPropagationVolumeRuntime.dll (API version 3709383).
LogModuleManager: Display: Found up-to-date module file ../../../Engine/Plugins/Blendables/LightPropagationVolume/Binaries/Win64/UE4Editor-LightPropagationVolumeEditor.dll (API version 3709383).
LogModuleManager: Display: Found up-to-date module file ../../../Engine/Plugins/Developer/GitSourceControl/Binaries/Win64/UE4Editor-GitSourceControl.dll (API version 3709383).
LogModuleManager: Display: Found up-to-date module file ../../../Engine/Plugins/Developer/PerforceSourceControl/Binaries/Win64/UE4Editor-PerforceSourceControl.dll (API version 3709383).
LogModuleManager: Display: Found up-to-date module file ../../../Engine/Plugins/Developer/SubversionSourceControl/Binaries/Win64/UE4Editor-SubversionSourceControl.dll (API version 3709383).
LogModuleManager: Display: Found up-to-date module file ../../../Engine/Plugins/Developer/UObjectPlugin/Binaries/Win64/UE4Editor-UObjectPlugin.dll (API version 3709383).
LogModuleManager: Display: Found up-to-date module file ../../../Engine/Plugins/Developer/VisualStudioCodeSourceCodeAccess/Binaries/Win64/UE4Editor-VisualStudioCodeSourceCodeAccess.dll (API version 3709383).
LogModuleManager: Display: Found up-to-date module file ../../../Engine/Plugins/Developer/VisualStudioSourceCodeAccess/Binaries/Win64/UE4Editor-VisualStudioSourceCodeAccess.dll (API version 3709383).
LogModuleManager: Display: Found up-to-date module file ../../../Engine/Plugins/Editor/AssetManagerEditor/Binaries/Win64/UE4Editor-AssetManagerEditor.dll (API version 3709383).
LogModuleManager: Display: Found up-to-date module file ../../../Engine/Plugins/Editor/AudioCapture/Binaries/Win64/UE4Editor-AudioCapture.dll (API version 3709383).
LogModuleManager: Display: Found up-to-date module file ../../../Engine/Plugins/Editor/FacialAnimation/Binaries/Win64/UE4Editor-FacialAnimation.dll (API version 3709383).
LogModuleManager: Display: Found up-to-date module file ../../../Engine/Plugins/Editor/FacialAnimation/Binaries/Win64/UE4Editor-FacialAnimationEditor.dll (API version 3709383).
LogModuleManager: Display: Found up-to-date module file ../../../Engine/Plugins/Editor/GameplayTagsEditor/Binaries/Win64/UE4Editor-GameplayTagsEditor.dll (API version 3709383).
LogModuleManager: Display: Found up-to-date module file ../../../Engine/Plugins/Editor/MobileLauncherProfileWizard/Binaries/Win64/UE4Editor-MobileLauncherProfileWizard.dll (API version 3709383).
LogModuleManager: Display: Found up-to-date module file ../../../Engine/Plugins/Editor/PluginBrowser/Binaries/Win64/UE4Editor-PluginBrowser.dll (API version 3709383).
LogModuleManager: Display: Found up-to-date module file ../../../Engine/Plugins/Editor/SpeedTreeImporter/Binaries/Win64/UE4Editor-SpeedTreeImporter.dll (API version 3709383).
LogModuleManager: Display: Found up-to-date module file ../../../Engine/Plugins/Experimental/AlembicImporter/Binaries/Win64/UE4Editor-AlembicImporter.dll (API version 3709383).
LogModuleManager: Display: Found up-to-date module file ../../../Engine/Plugins/Experimental/AlembicImporter/Binaries/Win64/UE4Editor-AlembicLibrary.dll (API version 3709383).
LogModuleManager: Display: Found up-to-date module file ../../../Engine/Plugins/Experimental/CharacterAI/Binaries/Win64/UE4Editor-CharacterAI.dll (API version 3709383).
LogModuleManager: Display: Found up-to-date module file ../../../Engine/Plugins/Experimental/HTML5Networking/Binaries/Win64/UE4Editor-HTML5Networking.dll (API version 3709383).
LogModuleManager: Display: Found up-to-date module file ../../../Engine/Plugins/Media/AndroidMedia/Binaries/Win64/UE4Editor-AndroidMediaEditor.dll (API version 3709383).
LogModuleManager: Display: Found up-to-date module file ../../../Engine/Plugins/Media/AndroidMedia/Binaries/Win64/UE4Editor-AndroidMediaFactory.dll (API version 3709383).
LogModuleManager: Display: Found up-to-date module file ../../../Engine/Plugins/Media/AvfMedia/Binaries/Win64/UE4Editor-AvfMediaEditor.dll (API version 3709383).
LogModuleManager: Display: Found up-to-date module file ../../../Engine/Plugins/Media/AvfMedia/Binaries/Win64/UE4Editor-AvfMediaFactory.dll (API version 3709383).
LogModuleManager: Display: Found up-to-date module file ../../../Engine/Plugins/Media/AvfMedia/Binaries/Win64/UE4Editor-AvfMediaFactory.dll (API version 3709383).
LogModuleManager: Display: Found up-to-date module file ../../../Engine/Plugins/Media/ImgMedia/Binaries/Win64/UE4Editor-ImgMedia.dll (API version 3709383).
LogModuleManager: Display: Found up-to-date module file ../../../Engine/Plugins/Media/ImgMedia/Binaries/Win64/UE4Editor-ImgMediaEditor.dll (API version 3709383).
LogModuleManager: Display: Found up-to-date module file ../../../Engine/Plugins/Media/ImgMedia/Binaries/Win64/UE4Editor-ImgMediaFactory.dll (API version 3709383).
LogModuleManager: Display: Found up-to-date module file ../../../Engine/Plugins/Media/ImgMedia/Binaries/Win64/UE4Editor-ImgMediaFactory.dll (API version 3709383).
LogModuleManager: Display: Found up-to-date module file ../../../Engine/Plugins/Media/ImgMedia/Binaries/Win64/UE4Editor-OpenExrWrapper.dll (API version 3709383).
LogModuleManager: Display: Found up-to-date module file ../../../Engine/Plugins/Media/MediaCompositing/Binaries/Win64/UE4Editor-MediaCompositing.dll (API version 3709383).
LogModuleManager: Display: Found up-to-date module file ../../../Engine/Plugins/Media/MediaCompositing/Binaries/Win64/UE4Editor-MediaCompositingEditor.dll (API version 3709383).
LogModuleManager: Display: Found up-to-date module file ../../../Engine/Plugins/Media/MediaPlayerEditor/Binaries/Win64/UE4Editor-MediaPlayerEditor.dll (API version 3709383).
LogModuleManager: Display: Found up-to-date module file ../../../Engine/Plugins/Media/WmfMedia/Binaries/Win64/UE4Editor-WmfMedia.dll (API version 3709383).
LogModuleManager: Display: Found up-to-date module file ../../../Engine/Plugins/Media/WmfMedia/Binaries/Win64/UE4Editor-WmfMediaEditor.dll (API version 3709383).
LogModuleManager: Display: Found up-to-date module file ../../../Engine/Plugins/Media/WmfMedia/Binaries/Win64/UE4Editor-WmfMediaFactory.dll (API version 3709383).
LogModuleManager: Display: Found up-to-date module file ../../../Engine/Plugins/Media/WmfMedia/Binaries/Win64/UE4Editor-WmfMediaFactory.dll (API version 3709383).
LogModuleManager: Display: Found up-to-date module file ../../../Engine/Plugins/Messaging/TcpMessaging/Binaries/Win64/UE4Editor-TcpMessaging.dll (API version 3709383).
LogModuleManager: Display: Found up-to-date module file ../../../Engine/Plugins/Messaging/UdpMessaging/Binaries/Win64/UE4Editor-UdpMessaging.dll (API version 3709383).
LogModuleManager: Display: Found up-to-date module file ../../../Engine/Plugins/MovieScene/ActorSequence/Binaries/Win64/UE4Editor-ActorSequence.dll (API version 3709383).
LogModuleManager: Display: Found up-to-date module file ../../../Engine/Plugins/MovieScene/LevelSequenceEditor/Binaries/Win64/UE4Editor-LevelSequenceEditor.dll (API version 3709383).
LogModuleManager: Display: Found up-to-date module file ../../../Engine/Plugins/MovieScene/MatineeToLevelSequence/Binaries/Win64/UE4Editor-MatineeToLevelSequence.dll (API version 3709383).
LogModuleManager: Display: Found up-to-date module file ../../../Engine/Plugins/Online/OnlineSubsystem/Binaries/Win64/UE4Editor-OnlineSubsystem.dll (API version 3709383).
LogModuleManager: Display: Found up-to-date module file ../../../Engine/Plugins/Runtime/AndroidPermission/Binaries/Win64/UE4Editor-AndroidPermission.dll (API version 3709383).
LogModuleManager: Display: Found up-to-date module file ../../../Engine/Plugins/Online/OnlineSubsystemNull/Binaries/Win64/UE4Editor-OnlineSubsystemNull.dll (API version 3709383).
LogModuleManager: Display: Found up-to-date module file ../../../Engine/Plugins/Online/OnlineSubsystemUtils/Binaries/Win64/UE4Editor-OnlineSubsystemUtils.dll (API version 3709383).
LogModuleManager: Display: Found up-to-date module file ../../../Engine/Plugins/Online/OnlineSubsystemUtils/Binaries/Win64/UE4Editor-OnlineBlueprintSupport.dll (API version 3709383).
LogModuleManager: Display: Found up-to-date module file ../../../Engine/Plugins/Runtime/AndroidDeviceProfileSelector/Binaries/Win64/UE4Editor-AndroidDeviceProfileSelector.dll (API version 3709383).
LogModuleManager: Display: Found up-to-date module file ../../../Engine/Plugins/Runtime/AppleARKit/Binaries/Win64/UE4Editor-AppleARKit.dll (API version 3709383).
LogModuleManager: Display: Found up-to-date module file ../../../Engine/Plugins/Runtime/ArchVisCharacter/Binaries/Win64/UE4Editor-ArchVisCharacter.dll (API version 3709383).
LogModuleManager: Display: Found up-to-date module file ../../../Engine/Plugins/Runtime/CableComponent/Binaries/Win64/UE4Editor-CableComponent.dll (API version 3709383).
LogModuleManager: Display: Found up-to-date module file ../../../Engine/Plugins/Runtime/CustomMeshComponent/Binaries/Win64/UE4Editor-CustomMeshComponent.dll (API version 3709383).
LogModuleManager: Display: Found up-to-date module file ../../../Engine/Plugins/Runtime/ExampleDeviceProfileSelector/Binaries/Win64/UE4Editor-ExampleDeviceProfileSelector.dll (API version 3709383).
LogModuleManager: Display: Found up-to-date module file ../../../Engine/Plugins/Runtime/ImmediatePhysics/Binaries/Win64/UE4Editor-ImmediatePhysics.dll (API version 3709383).
LogModuleManager: Display: Found up-to-date module file ../../../Engine/Plugins/Runtime/ImmediatePhysics/Binaries/Win64/UE4Editor-ImmediatePhysicsEditor.dll (API version 3709383).
LogModuleManager: Display: Found up-to-date module file ../../../Engine/Plugins/Runtime/LocationServicesBPLibrary/Binaries/Win64/UE4Editor-LocationServicesBPLibrary.dll (API version 3709383).
LogModuleManager: Display: Found up-to-date module file ../../../Engine/Plugins/Runtime/MobilePatchingUtils/Binaries/Win64/UE4Editor-MobilePatchingUtils.dll (API version 3709383).
LogModuleManager: Display: Found up-to-date module file ../../../Engine/Plugins/Runtime/Oculus/OculusVR/Binaries/Win64/UE4Editor-OculusHMD.dll (API version 3709383).
LogModuleManager: Display: Found up-to-date module file ../../../Engine/Plugins/Runtime/Oculus/OculusVR/Binaries/Win64/UE4Editor-OculusInput.dll (API version 3709383).
LogModuleManager: Display: Found up-to-date module file ../../../Engine/Plugins/Runtime/Oculus/OculusVR/Binaries/Win64/UE4Editor-OculusEditor.dll (API version 3709383).
LogModuleManager: Display: Found up-to-date module file ../../../Engine/Plugins/Runtime/PhysXVehicles/Binaries/Win64/UE4Editor-PhysXVehicles.dll (API version 3709383).
LogModuleManager: Display: Found up-to-date module file ../../../Engine/Plugins/Runtime/PhysXVehicles/Binaries/Win64/UE4Editor-PhysXVehiclesEditor.dll (API version 3709383).
LogModuleManager: Display: Found up-to-date module file ../../../Engine/Plugins/Runtime/ProceduralMeshComponent/Binaries/Win64/UE4Editor-ProceduralMeshComponent.dll (API version 3709383).
LogModuleManager: Display: Found up-to-date module file ../../../Engine/Plugins/Runtime/ProceduralMeshComponent/Binaries/Win64/UE4Editor-ProceduralMeshComponentEditor.dll (API version 3709383).
LogModuleManager: Display: Found up-to-date module file ../../../Engine/Plugins/Runtime/RuntimePhysXCooking/Binaries/Win64/UE4Editor-RuntimePhysXCooking.dll (API version 3709383).
LogModuleManager: Display: Found up-to-date module file ../../../Engine/Plugins/Runtime/Steam/SteamVR/Binaries/Win64/UE4Editor-SteamVR.dll (API version 3709383).
LogModuleManager: Display: Found up-to-date module file ../../../Engine/Plugins/Runtime/Steam/SteamVR/Binaries/Win64/UE4Editor-SteamVRController.dll (API version 3709383).
LogModuleManager: Display: Found up-to-date module file ../../../Engine/Plugins/Runtime/WindowsMoviePlayer/Binaries/Win64/UE4Editor-WindowsMoviePlayer.dll (API version 3709383).
LogPluginManager: Mounting plugin Paper2D
LogPluginManager: Mounting plugin LightPropagationVolume
LogPluginManager: Mounting plugin CodeLiteSourceCodeAccess
LogPluginManager: Mounting plugin GitSourceControl
LogPluginManager: Mounting plugin KDevelopSourceCodeAccess
LogPluginManager: Mounting plugin NullSourceCodeAccess
LogPluginManager: Mounting plugin PerforceSourceControl
LogPluginManager: Mounting plugin SubversionSourceControl
LogPluginManager: Mounting plugin UObjectPlugin
LogPluginManager: Mounting plugin VisualStudioCodeSourceCodeAccess
LogPluginManager: Mounting plugin VisualStudioSourceCodeAccess
LogPluginManager: Mounting plugin XCodeSourceCodeAccess
LogPluginManager: Mounting plugin AssetManagerEditor
LogPluginManager: Mounting plugin AudioCapture
LogPluginManager: Mounting plugin FacialAnimation
LogPluginManager: Mounting plugin GameplayTagsEditor
LogPluginManager: Mounting plugin MobileLauncherProfileWizard
LogPluginManager: Mounting plugin PluginBrowser
LogPluginManager: Mounting plugin SpeedTreeImporter
LogPluginManager: Mounting plugin AlembicImporter
LogPluginManager: Mounting plugin CharacterAI
LogPluginManager: Mounting plugin HTML5Networking
LogPluginManager: Mounting plugin AndroidMedia
LogPluginManager: Mounting plugin AvfMedia
LogPluginManager: Mounting plugin ImgMedia
LogPluginManager: Mounting plugin MediaCompositing
LogPluginManager: Mounting plugin MediaPlayerEditor
LogPluginManager: Mounting plugin WmfMedia
LogPluginManager: Mounting plugin TcpMessaging
LogPluginManager: Mounting plugin UdpMessaging
LogPluginManager: Mounting plugin ActorSequence
LogPluginManager: Mounting plugin LevelSequenceEditor
LogPluginManager: Mounting plugin MatineeToLevelSequence
LogPluginManager: Mounting plugin OnlineSubsystemGooglePlay
LogPluginManager: Mounting plugin OnlineSubsystemIOS
LogPluginManager: Mounting plugin OnlineSubsystem
LogPluginManager: Mounting plugin OnlineSubsystemNull
LogPluginManager: Mounting plugin OnlineSubsystemUtils
LogPluginManager: Mounting plugin AndroidDeviceProfileSelector
LogPluginManager: Mounting plugin AndroidMoviePlayer
LogPluginManager: Mounting plugin AndroidPermission
LogPluginManager: Mounting plugin AppleARKit
LogPluginManager: Mounting plugin AppleMoviePlayer
LogPluginManager: Mounting plugin ArchVisCharacter
LogPluginManager: Mounting plugin CableComponent
LogPluginManager: Mounting plugin CustomMeshComponent
LogPluginManager: Mounting plugin ExampleDeviceProfileSelector
LogPluginManager: Mounting plugin GoogleCloudMessaging
LogPluginManager: Mounting plugin ImmediatePhysics
LogPluginManager: Mounting plugin IOSDeviceProfileSelector
LogPluginManager: Mounting plugin LeapMotion
LogPluginManager: Mounting plugin LinuxDeviceProfileSelector
LogPluginManager: Mounting plugin LocationServicesBPLibrary
LogPluginManager: Mounting plugin MobilePatchingUtils
LogPluginManager: Mounting plugin OculusVR
LogPluginManager: Plugin shader directory ../../../Engine/Plugins/Runtime/Oculus/OculusVR/Shaders found
LogPluginManager: Mapping shader source directory ../../../Engine/Plugins/Runtime/Oculus/OculusVR/Shaders to virtual directory /Plugin/OculusVR
LogPluginManager: Mounting plugin PhysXVehicles
LogPluginManager: Mounting plugin ProceduralMeshComponent
LogPluginManager: Mounting plugin RuntimePhysXCooking
LogPluginManager: Mounting plugin SteamVR
LogPluginManager: Mounting plugin WindowsMoviePlayer
LogInit: Using libcurl 7.47.1
LogInit:  - built for x86_64-pc-win32
LogInit:  - supports SSL with OpenSSL/1.0.2g
LogInit:  - supports HTTP deflate (compression) using libz 1.2.8
LogInit:  - other features:
LogInit:      CURL_VERSION_SSL
LogInit:      CURL_VERSION_LIBZ
LogInit:      CURL_VERSION_IPV6
LogInit:      CURL_VERSION_ASYNCHDNS
LogInit:      CURL_VERSION_LARGEFILE
LogInit:      CURL_VERSION_IDN
LogInit:  CurlRequestOptions (configurable via config and command line):
LogInit:  - bVerifyPeer = false  - Libcurl will NOT verify peer certificate
LogInit:  - bUseHttpProxy = false  - Libcurl will NOT use HTTP proxy
LogInit:  - bDontReuseConnections = false  - Libcurl will reuse connections
LogInit:  - CertBundlePath = nullptr  - Libcurl will use whatever was configured at build time.
LeapPluginLog: Using LeapPlugin version 2.0.0
LogHMD: Failed initializing OVRPlugin 1.19.0
LogInit: Build: ++UE4+Release-4.18-CL-3754814
LogInit: Engine Version: 4.18.1-3754814+++UE4+Release-4.18
LogInit: Compatible Engine Version: 4.18.0-3709383+++UE4+Release-4.18
LogInit: Net CL: 3709383
LogDevObjectVersion: Number of dev versions registered: 16
LogDevObjectVersion:   Dev-Blueprints (B0D832E4-1F89-4F0D-ACCF-7EB736FD4AA2): 10
LogDevObjectVersion:   Dev-Build (E1C64328-A22C-4D53-A36C-8E866417BD8C): 0
LogDevObjectVersion:   Dev-Core (375EC13C-06E4-48FB-B500-84F0262A717E): 2
LogDevObjectVersion:   Dev-Editor (E4B068ED-F494-42E9-A231-DA0B2E46BB41): 20
LogDevObjectVersion:   Dev-Framework (CFFC743F-43B0-4480-9391-14DF171D2073): 30
LogDevObjectVersion:   Dev-Mobile (B02B49B5-BB20-44E9-A304-32B752E40360): 0
LogDevObjectVersion:   Dev-Networking (A4E4105C-59A1-49B5-A7C5-40C4547EDFEE): 0
LogDevObjectVersion:   Dev-Online (39C831C9-5AE6-47DC-9A44-9C173E1C8E7C): 0
LogDevObjectVersion:   Dev-Physics (78F01B33-EBEA-4F98-B9B4-84EACCB95AA2): 0
LogDevObjectVersion:   Dev-Platform (6631380F-2D4D-43E0-8009-CF276956A95A): 0
LogDevObjectVersion:   Dev-Rendering (12F88B9F-8875-4AFC-A67C-D90C383ABD29): 20
LogDevObjectVersion:   Dev-Sequencer (7B5AE74C-D270-4C10-A958-57980B212A5A): 4
LogDevObjectVersion:   Dev-VR (D7296918-1DD6-4BDD-9DE2-64A83CC13884): 0
LogDevObjectVersion:   Dev-LoadTimes (C2A15278-BFE7-4AFE-6C17-90FF531DF755): 1
LogDevObjectVersion:   Private-Geometry (6EACA3D4-40EC-4CC1-B786-8BED09428FC5): 1
LogDevObjectVersion:   Dev-AnimPhys (29E575DD-E0A3-4627-9D10-D276232CDCEA): 12
LogInit: Compiled (64-bit): Nov 14 2017 02:05:55
LogInit: Compiled with Visual C++: 19.00.24215.01
LogInit: Build Configuration: Development
LogInit: Branch Name: ++UE4+Release-4.18
LogInit: Command line: -EpicPortal 
LogInit: Base directory: C:/temp/UE_4.18/Engine/Binaries/Win64/
LogInit: Installed Engine Build: 1
LogInit: Presizing for max 8388607 objects, including 0 objects not considered by GC, pre-allocating 0 bytes for permanent pool.
LogInit: Object subsystem initialized
[2017.12.05-13.04.52:180][  0]LogInit: Selected Device Profile: [Windows]
[2017.12.05-13.04.52:180][  0]LogInit: Applying CVar settings loaded from the selected device profile: [Windows]
[2017.12.05-13.04.52:194][  0]LogInit: Computer: GIRARDEAU
[2017.12.05-13.04.52:194][  0]LogInit: User: jimgouraud
[2017.12.05-13.04.52:194][  0]LogInit: CPU Page size=4096, Cores=4
[2017.12.05-13.04.52:194][  0]LogInit: High frequency timer resolution =3.410068 MHz
[2017.12.05-13.04.52:194][  0]LogMemory: Memory total: Physical=15.9GB (16GB approx)
[2017.12.05-13.04.52:194][  0]LogMemory: Platform Memory Stats for Windows
[2017.12.05-13.04.52:194][  0]LogMemory: Process Physical Memory: 281.17 MB used, 281.17 MB peak
[2017.12.05-13.04.52:194][  0]LogMemory: Process Virtual Memory: 275.02 MB used, 275.02 MB peak
[2017.12.05-13.04.52:194][  0]LogMemory: Physical Memory: 4276.52 MB used,  12029.84 MB free, 16306.36 MB total
[2017.12.05-13.04.52:195][  0]LogMemory: Virtual Memory: 775.82 MB used,  12029.84 MB free, 134217728.00 MB total
[2017.12.05-13.04.52:325][  0]LogInit: Using OS detected language (fr-FR).
[2017.12.05-13.04.52:325][  0]LogInit: Using OS detected locale (fr-FR).
[2017.12.05-13.04.52:327][  0]LogTextLocalizationManager: No localization for 'fr-FR' exists, so 'en' will be used for the language.
[2017.12.05-13.04.52:327][  0]LogTextLocalizationManager: No localization for 'fr-FR' exists, so 'en' will be used for the locale.
[2017.12.05-13.04.52:711][  0]LogInit: Setting process to per monitor DPI aware
[2017.12.05-13.04.52:976][  0]LogD3D11RHI: D3D11 adapters:
[2017.12.05-13.04.53:010][  0]LogD3D11RHI:    0. 'NVIDIA GeForce GTX 1070' (Feature Level 11_0)
[2017.12.05-13.04.53:010][  0]LogD3D11RHI:       8096/0/8153 MB DedicatedVideo/DedicatedSystem/SharedSystem, Outputs:1, VendorId:0x10de
[2017.12.05-13.04.53:012][  0]LogD3D11RHI:    1. 'Microsoft Basic Render Driver' (Feature Level 11_0)
[2017.12.05-13.04.53:012][  0]LogD3D11RHI:       0/0/8153 MB DedicatedVideo/DedicatedSystem/SharedSystem, Outputs:0, VendorId:0x1414
[2017.12.05-13.04.53:012][  0]LogD3D11RHI: Chosen D3D11 Adapter: 0
[2017.12.05-13.04.53:017][  0]LogD3D11RHI: Creating new Direct3DDevice
[2017.12.05-13.04.53:017][  0]LogD3D11RHI:     GPU DeviceId: 0x1b81 (for the marketing name, search the web for "GPU Device Id")
[2017.12.05-13.04.53:017][  0]LogWindows: EnumDisplayDevices:
[2017.12.05-13.04.53:017][  0]LogWindows:    0. 'NVIDIA GeForce GTX 1070' (P:1 D:1)
[2017.12.05-13.04.53:017][  0]LogWindows:    1. 'NVIDIA GeForce GTX 1070' (P:0 D:0)
[2017.12.05-13.04.53:017][  0]LogWindows:    2. 'NVIDIA GeForce GTX 1070' (P:0 D:0)
[2017.12.05-13.04.53:017][  0]LogWindows:    3. 'NVIDIA GeForce GTX 1070' (P:0 D:0)
[2017.12.05-13.04.53:017][  0]LogWindows: DebugString: GetVideoDriverDetailsInvalid PrimaryIsNotTheChoosenAdapter GetVideoDriverDetailsInvalid PrimaryIsNotTheChoosenAdapter GetVideoDriverDetailsInvalid PrimaryIsNotTheChoosenAdapter GetVideoDriverDetailsInvalid PrimaryIsNotTheChoosenAdapter FoundDriverCount:0 
[2017.12.05-13.04.53:017][  0]LogD3D11RHI:     Adapter Name: NVIDIA GeForce GTX 1070
[2017.12.05-13.04.53:017][  0]LogD3D11RHI:   Driver Version: Unknown (internal:Unknown, unified:Unknown)
[2017.12.05-13.04.53:017][  0]LogD3D11RHI:      Driver Date: Unknown
[2017.12.05-13.04.53:017][  0]LogRHI: Texture pool is 5667 MB (70% of 8096 MB)
[2017.12.05-13.04.53:036][  0]LogD3D11RHI: Async texture creation enabled
[2017.12.05-13.04.53:048][  0]LogD3D11RHI: GPU Timing Frequency: 1000.000000 (Debug: 2 1)
[2017.12.05-13.04.53:090][  0]LogShaderCompilers: Guid format shader working directory is 13 characters bigger than the processId version (../../../../tmp_arvr/LeapMotionSandbox/Intermediate/Shaders/WorkingDirectory/4536/).
[2017.12.05-13.04.53:090][  0]LogShaderCompilers: Cleaned the shader compiler working directory 'C:/Users/jimgouraud/AppData/Local/Temp/UnrealShaderWorkingDir/89141E2B44CBA8A89197359C0A946641/'.
[2017.12.05-13.04.53:090][  0]LogShaderCompilers: Display: Using Local Shader Compiler.
[2017.12.05-13.04.54:024][  0]LogTemp: Display: Loaded TP AllDesktopTargetPlatform
[2017.12.05-13.04.54:071][  0]LogTemp: Display: Loaded TP MacClientTargetPlatform
[2017.12.05-13.04.54:119][  0]LogTemp: Display: Loaded TP MacNoEditorTargetPlatform
[2017.12.05-13.04.54:165][  0]LogTemp: Display: Loaded TP MacServerTargetPlatform
[2017.12.05-13.04.54:215][  0]LogTemp: Display: Loaded TP MacTargetPlatform
[2017.12.05-13.04.54:261][  0]LogTemp: Display: Loaded TP WindowsClientTargetPlatform
[2017.12.05-13.04.54:307][  0]LogTemp: Display: Loaded TP WindowsNoEditorTargetPlatform
[2017.12.05-13.04.54:353][  0]LogTemp: Display: Loaded TP WindowsServerTargetPlatform
[2017.12.05-13.04.54:392][  0]LogTemp: Display: Loaded TP WindowsTargetPlatform
[2017.12.05-13.04.54:439][  0]LogTemp: Display: Loaded TP Android_ASTCTargetPlatform
[2017.12.05-13.04.54:483][  0]LogTemp: Display: Loaded TP Android_ATCTargetPlatform
[2017.12.05-13.04.54:525][  0]LogTemp: Display: Loaded TP Android_DXTTargetPlatform
[2017.12.05-13.04.54:570][  0]LogTemp: Display: Loaded TP Android_ETC1TargetPlatform
[2017.12.05-13.04.54:611][  0]LogTemp: Display: Loaded TP Android_ETC2TargetPlatform
[2017.12.05-13.04.54:699][  0]LogTemp: Display: Loaded TP Android_MultiTargetPlatform
[2017.12.05-13.04.54:699][  0]LogTemp: Display: Loaded TP Android_PVRTCTargetPlatform
[2017.12.05-13.04.54:744][  0]LogTemp: Display: Loaded TP AndroidTargetPlatform
[2017.12.05-13.04.54:780][  0]LogTemp: Display: Loaded TP HTML5TargetPlatform
[2017.12.05-13.04.54:860][  0]LogTemp: Display: Loaded TP IOSTargetPlatform
[2017.12.05-13.04.54:890][  0]LogTemp: Display: Loaded TP TVOSTargetPlatform
[2017.12.05-13.04.54:940][  0]LogTemp: Display: Loaded TP LinuxClientTargetPlatform
[2017.12.05-13.04.54:986][  0]LogTemp: Display: Loaded TP LinuxNoEditorTargetPlatform
[2017.12.05-13.04.55:036][  0]LogTemp: Display: Loaded TP LinuxServerTargetPlatform
[2017.12.05-13.04.55:087][  0]LogTemp: Display: Loaded TP LinuxTargetPlatform
[2017.12.05-13.04.55:087][  0]LogTargetPlatformManager: Display: Building Assets For Windows
[2017.12.05-13.04.55:509][  0]LogDerivedDataCache: Display: Max Cache Size: 512 MB
[2017.12.05-13.04.55:586][  0]LogDerivedDataCache: Loaded boot cache 0.08s 78MB C:/Users/jimgouraud/AppData/Local/UnrealEngine/4.18/DerivedDataCache/Boot.ddc.
[2017.12.05-13.04.55:586][  0]LogDerivedDataCache: Display: Loaded Boot cache: C:/Users/jimgouraud/AppData/Local/UnrealEngine/4.18/DerivedDataCache/Boot.ddc
[2017.12.05-13.04.55:586][  0]LogDerivedDataCache: FDerivedDataBackendGraph:  Pak pak cache file ../../../../tmp_arvr/LeapMotionSandbox/DerivedDataCache/DDC.ddp not found, will not use a pak cache.
[2017.12.05-13.04.55:586][  0]LogDerivedDataCache: Unable to find inner node Pak for hierarchical cache Hierarchy.
[2017.12.05-13.04.55:586][  0]LogDerivedDataCache: FDerivedDataBackendGraph:  CompressedPak pak cache file ../../../../tmp_arvr/LeapMotionSandbox/DerivedDataCache/Compressed.ddp not found, will not use a pak cache.
[2017.12.05-13.04.55:586][  0]LogDerivedDataCache: Unable to find inner node CompressedPak for hierarchical cache Hierarchy.
[2017.12.05-13.04.55:606][  0]LogDerivedDataCache: Display: Pak cache opened for reading ../../../Engine/DerivedDataCache/Compressed.ddp.
[2017.12.05-13.04.55:619][  0]LogDerivedDataCache: Using Local data cache path C:/Users/jimgouraud/AppData/Local/UnrealEngine/Common/DerivedDataCache: Writable
[2017.12.05-13.04.55:631][  0]LogMaterial: Verifying Global Shaders for PCD3D_SM5
[2017.12.05-13.04.55:632][  0]LogSlate: Using Freetype 2.6.0
[2017.12.05-13.04.55:632][  0]LogSlate: SlateFontCache - WITH_FREETYPE: 1, WITH_HARFBUZZ: 1
[2017.12.05-13.04.55:632][  0]LogSlate: SlateFontCache - WITH_FREETYPE: 1, WITH_HARFBUZZ: 1
[2017.12.05-13.04.56:013][  0]LogInit: Selected Device Profile: [Windows]
[2017.12.05-13.04.56:345][  0]LogSimplygon: Simplygon DLL not present - disabling.
[2017.12.05-13.04.56:381][  0]LogMeshReduction: Using SimplygonSwarm for distributed automatic mesh merging
[2017.12.05-13.04.56:381][  0]LogMeshReduction: Using QuadricMeshReduction for automatic static mesh reduction
[2017.12.05-13.04.56:381][  0]LogMeshReduction: No automatic skeletal mesh reduction module available
[2017.12.05-13.04.56:381][  0]LogMeshReduction: No automatic mesh merging module available
[2017.12.05-13.04.56:381][  0]LogMeshMerging: No automatic mesh merging module available
[2017.12.05-13.04.56:409][  0]LogNetVersion: LeapMotionSandbox , NetCL: 3709383, EngineNetVer: 2, GameNetVer: 0 (Checksum: 3849250588)
[2017.12.05-13.04.56:555][  0]LogAssetRegistry: FAssetRegistry took 0.0259 seconds to start up
[2017.12.05-13.04.57:015][  0]LogPackageLocalizationCache: Processed 8 localized package path(s) for 1 prioritized culture(s) in 0.059979 seconds
[2017.12.05-13.04.57:021][  0]LogUObjectArray: 36585 objects as part of root set at end of initial load.
[2017.12.05-13.04.57:021][  0]LogUObjectAllocator: 7488872 out of 0 bytes used by permanent object pool.
[2017.12.05-13.04.57:021][  0]LogUObjectArray: CloseDisregardForGC: 0/0 objects in disregard for GC pool
[2017.12.05-13.04.57:068][  0]LogInit: WinSock: version 1.1 (2.2), MaxSocks=32767, MaxUdp=65467
[2017.12.05-13.04.59:484][  0]LogTcpMessaging: Initializing TcpMessaging bridge
[2017.12.05-13.04.59:521][  0]LogUdpMessaging: Initializing bridge on interface 0.0.0.0:0 to multicast group 230.0.0.1:6666.
[2017.12.05-13.05.00:121][  0]LogMaterial: Uniform references updated for custom material expression Custom.
[2017.12.05-13.05.00:496][  0]SourceControl: Source control is disabled
[2017.12.05-13.05.00:496][  0]SourceControl: Source control is disabled
[2017.12.05-13.05.00:546][  0]SourceControl: Source control is disabled
[2017.12.05-13.05.00:592][  0]SourceControl: Source control is disabled
[2017.12.05-13.05.01:330][  0]LogAndroidPermission: UAndroidPermissionCallbackProxy::GetInstance
[2017.12.05-13.05.01:572][  0]LogOcInput: OculusInput pre-init called
[2017.12.05-13.05.01:829][  0]LogEngine: Initializing Engine...
[2017.12.05-13.05.01:831][  0]LogHMD: Failed to initialize OpenVR with code 110
[2017.12.05-13.05.02:035][  0]LogStats: UGameplayTagsManager::ConstructGameplayTagTree: Construct from data asset -  0.000 s
[2017.12.05-13.05.02:035][  0]LogStats: UGameplayTagsManager::ConstructGameplayTagTree: GameplayTagTreeChangedEvent.Broadcast -  0.000 s
[2017.12.05-13.05.02:166][  0]LogAIModule: Creating AISystem for world Untitled
[2017.12.05-13.05.02:172][  0]LogInit: XAudio2 using 'DELL P2715Q-8 (NVIDIA High Definition Audio)' : 2 channels at 48 kHz using 16 bits per sample (channel mask 0x3)
[2017.12.05-13.05.02:189][  0]LogInit: FAudioDevice initialized.
[2017.12.05-13.05.02:707][  0]LogDerivedDataCache: Saved boot cache 0.52s 78MB C:/Users/jimgouraud/AppData/Local/UnrealEngine/4.18/DerivedDataCache/Boot.ddc.
[2017.12.05-13.05.02:722][  0]LogInit: Texture streaming: Enabled
[2017.12.05-13.05.02:814][  0]LogEngineSessionManager: EngineSessionManager initialized
[2017.12.05-13.05.02:926][  0]LogInit: Transaction tracking system initialized
[2017.12.05-13.05.03:198][  0]BlueprintLog: New page: Editor Load
[2017.12.05-13.05.03:969][  0]LocalizationService: Localization service is disabled
[2017.12.05-13.05.04:614][  0]LogConsoleResponse: Display: 
[2017.12.05-13.05.04:777][  0]LogCook: Display: Max memory allowance for cook 16384mb min free memory 0mb
[2017.12.05-13.05.04:777][  0]LogCook: Display: Mobile HDR setting 1
[2017.12.05-13.05.04:777][  0]LogGameplayTags: Display: UGameplayTagsManager::DoneAddingNativeTags. DelegateIsBound: 0
[2017.12.05-13.05.05:140][  0]LogFileCache: Scanning file cache for directory 'C:/temp/tmp_arvr/LeapMotionSandbox/Content/' took 0.01s
[2017.12.05-13.05.05:816][  0]SourceControl: Source control is disabled
[2017.12.05-13.05.05:816][  0]Cmd: MAP LOAD FILE="../../../../tmp_arvr/LeapMotionSandbox/Content/StarterContent/Maps/Minimal_Default.umap" TEMPLATE=0 SHOWPROGRESS=1 FEATURELEVEL=3
[2017.12.05-13.05.05:817][  0]LightingResults: New page: Lighting Build
[2017.12.05-13.05.05:852][  0]MapCheck: New page: Map Check
[2017.12.05-13.05.05:852][  0]LightingResults: New page: Lighting Build
[2017.12.05-13.05.06:154][  0]LogTexture: Display: Building textures: LQ_Lightmap_1_2 (DXT1, 64X64)
[2017.12.05-13.05.06:154][  0]LogTexture: Display: Building textures: HQ_Lightmap1_2 (AutoDXT, 64X64)
[2017.12.05-13.05.06:154][  0]LogTexture: Display: Building textures: SkyOcclusion1_1 (AutoDXT, 512X256)
[2017.12.05-13.05.06:154][  0]LogTexture: Display: Building textures: LQ_Lightmap_1_1 (DXT1, 512X512)
[2017.12.05-13.05.06:154][  0]LogTexture: Display: Building textures: SkyOcclusion1_2 (AutoDXT, 64X32)
[2017.12.05-13.05.06:154][  0]LogTexture: Display: Building textures: ShadowMapTexture2D_3 (G8, 32X32)
[2017.12.05-13.05.06:154][  0]LogTexture: Display: Building textures: ShadowMapTexture2D_2 (G8, 1024X128)
[2017.12.05-13.05.06:154][  0]LogTexture: Display: Building textures: HQ_Lightmap1_1 (AutoDXT, 512X512)
[2017.12.05-13.05.06:660][  0]LogAIModule: Creating AISystem for world Minimal_Default
[2017.12.05-13.05.06:672][  0]LogEditorServer: Finished looking for orphan Actors (0.000 secs)
[2017.12.05-13.05.06:683][  0]Cmd: MAP CHECKDEP NOCLEARLOG
[2017.12.05-13.05.06:732][  0]MapCheck: Map check complete: 0 Error(s), 0 Warning(s), took 49.242ms to complete.
[2017.12.05-13.05.06:732][  0]LogFileHelpers: Loading map 'Minimal_Default' took 0.916
[2017.12.05-13.05.06:791][  0]LogWindowsTextInputMethodSystem: Display: IME system now deactivated.
[2017.12.05-13.05.06:951][  0]LogCollectionManager: Loaded 0 collections in 0.001636 seconds
[2017.12.05-13.05.07:051][  0]LogFileCache: Scanning file cache for directory 'C:/temp/tmp_arvr/LeapMotionSandbox/Saved/Collections/' took 0.01s
[2017.12.05-13.05.07:051][  0]LogFileCache: Scanning file cache for directory 'C:/temp/tmp_arvr/LeapMotionSandbox/Content/Developers/jimgouraud/Collections/' took 0.01s
[2017.12.05-13.05.07:051][  0]LogFileCache: Scanning file cache for directory 'C:/temp/tmp_arvr/LeapMotionSandbox/Content/Collections/' took 0.01s
[2017.12.05-13.05.07:051][  0]LogCollectionManager: Rebuilt the GUID cache for 0 collections in 0.000000 seconds
[2017.12.05-13.05.07:059][  0]LogContentBrowser: Native class hierarchy populated in 0.0082 seconds. Added 2390 classes and 523 folders.
[2017.12.05-13.05.07:122][  0]LogContentBrowser: Native class hierarchy updated for 'WidgetCarousel' in 0.0002 seconds. Added 0 classes and 0 folders.
[2017.12.05-13.05.07:989][  0]LogContentBrowser: Native class hierarchy updated for 'AddContentDialog' in 0.0003 seconds. Added 0 classes and 0 folders.
[2017.12.05-13.05.08:040][  0]LogContentBrowser: Native class hierarchy updated for 'SceneOutliner' in 0.0003 seconds. Added 1 classes and 2 folders.
[2017.12.05-13.05.08:059][  0]LogSlate: Took 0.000265 seconds to synchronously load lazily loaded font '../../../Engine/Content/Slate/Fonts/Roboto-Regular.ttf' (155K)
[2017.12.05-13.05.08:062][  0]LogSlate: Took 0.000249 seconds to synchronously load lazily loaded font '../../../Engine/Content/Slate/Fonts/Roboto-Bold.ttf' (160K)
[2017.12.05-13.05.08:081][  0]LogSlate: Took 0.013904 seconds to synchronously load lazily loaded font '../../../Engine/Content/Editor/Slate/Fonts/FontAwesome.ttf' (139K)
[2017.12.05-13.05.08:266][  0]LogRenderer: Reallocating scene render targets to support 1616x812 Format 10 NumSamples 1 (Frame:1).
[2017.12.05-13.05.08:475][  0]LogContentBrowser: Native class hierarchy updated for 'HierarchicalLODOutliner' in 0.0003 seconds. Added 1 classes and 2 folders.
[2017.12.05-13.05.08:475][  0]LogLoad: (Engine Initialization) Total time: 19.38 seconds
[2017.12.05-13.05.08:475][  0]LogLoad: (Engine Initialization) Total Blueprint compile time: 0.00 seconds
[2017.12.05-13.05.08:475][  0]LogExternalProfiler: No external profilers were discovered.  External profiling features will not be available.
[2017.12.05-13.05.08:505][  0]LogContentStreaming: Texture pool size now 1000 MB
[2017.12.05-13.05.08:576][  1]LogAssetRegistry: Asset discovery search completed in 12.0431 seconds
[2017.12.05-13.05.08:578][  1]LogCollectionManager: Rebuilt the object cache for 0 collections in 0.000001 seconds (found 0 objects)
[2017.12.05-13.05.08:578][  1]LogCollectionManager: Fixed up redirectors for 0 collections in 0.000059 seconds (updated 0 objects)
[2017.12.05-13.06.55:422][697]LogBlueprint: Warning: [Compiler BP_LeapCharacter] InputAction Event references unknown Action 'ComfortTurnRight' for  InputAction ComfortTurnRight
[2017.12.05-13.06.55:422][697]LogBlueprint: Warning: [Compiler BP_LeapCharacter] InputAction Event references unknown Action 'ComfortTurnLeft' for  InputAction ComfortTurnLeft
[2017.12.05-13.06.55:422][697]LogBlueprint: Warning: [Compiler BP_LeapCharacter] InputAction Event references unknown Action 'Jump' for  InputAction Jump
[2017.12.05-13.06.55:422][697]LogBlueprint: Warning: [Compiler BP_LeapCharacter] Input Axis Event references unknown Axis 'LookUpRate' for  InputAxis LookUpRate
[2017.12.05-13.06.55:422][697]LogBlueprint: Warning: [Compiler BP_LeapCharacter] Input Axis Event references unknown Axis 'TurnRate' for  InputAxis TurnRate
[2017.12.05-13.06.55:422][697]LogBlueprint: Warning: [Compiler BP_LeapCharacter] Input Axis Event references unknown Axis 'Turn' for  InputAxis Turn
[2017.12.05-13.06.55:422][697]LogBlueprint: Warning: [Compiler BP_LeapCharacter] Input Axis Event references unknown Axis 'LookUp' for  InputAxis LookUp
[2017.12.05-13.06.55:423][697]LogBlueprint: Warning: [Compiler BP_LeapCharacter] Input Axis Event references unknown Axis 'MoveRight' for  InputAxis MoveRight
[2017.12.05-13.06.55:423][697]LogBlueprint: Warning: [Compiler BP_LeapCharacter] Input Axis Event references unknown Axis 'MoveForward' for  InputAxis MoveForward
[2017.12.05-13.06.55:447][697]LogBlueprint: Warning: [Compiler BP_LeapCharacter] [0126.35] Compile of BP_LeapCharacter successful, but with 9 Warning(s) [in 50 ms] (/Game/LeapSandBox/BP_LeapCharacter.BP_LeapCharacter)
[2017.12.05-13.06.55:686][697]LogMaterial: Missing cached shader map for material GradientMap_Multi_Example, compiling. 
[2017.12.05-13.06.55:727][697]LogMaterial: Missing cached shader map for material M_radial_ramp, compiling. 
[2017.12.05-13.06.55:765][697]LogMaterial: Missing cached shader map for material m_flare_01, compiling. 
[2017.12.05-13.06.55:793][697]LogMaterial: Missing cached shader map for material M_explosion_subUV, compiling. 
[2017.12.05-13.06.55:815][697]LogMaterial: Missing cached shader map for material M_Burst, compiling. 
[2017.12.05-13.06.55:845][697]LogMaterial: Missing cached shader map for material M_smoke_subUV, compiling. 
[2017.12.05-13.06.55:936][697]LogMaterial: Missing cached shader map for material M_Fire_SubUV, compiling. 
[2017.12.05-13.06.55:970][697]LogMaterial: Missing cached shader map for material M_Radial_Gradient, compiling. 
[2017.12.05-13.06.56:000][697]LogMaterial: Missing cached shader map for material M_Heat_Distortion, compiling. 
[2017.12.05-13.06.56:325][697]LogMaterial: Missing cached shader map for material M_Wood_Oak, compiling. 
[2017.12.05-13.06.56:359][697]LogMaterial: Missing cached shader map for material M_LightStage_Skybox_Master, compiling. 
[2017.12.05-13.06.56:365][697]LogMaterial: Missing cached shader map for material M_LightStage_Skybox_Master, compiling. 
[2017.12.05-13.06.56:394][697]LogSlate: Took 0.015811 seconds to synchronously load lazily loaded font '../../../Engine/Content/Slate/Fonts/Roboto-Light.ttf' (159K)
[2017.12.05-13.06.56:826][697]LogContentBrowser: Native class hierarchy updated for 'BlueprintGraph' in 0.0009 seconds. Added 116 classes and 0 folders.
[2017.12.05-13.06.57:822][697]LogSlate: Took 0.000232 seconds to synchronously load lazily loaded font '../../../Engine/Content/Slate/Fonts/Roboto-Regular.ttf' (155K)
[2017.12.05-13.06.58:032][697]LeapPluginLog: InterfaceObject: LeapAnimBodyConnector_C_0
[2017.12.05-13.06.58:034][697]LogMaterial: Warning: Material /Engine/Functions/Engine_MaterialFunctions02/ExampleContent/GradientMap_Multi_Example.GradientMap_Multi_Example needed to have new flag set bUsedWithSkeletalMesh !
[2017.12.05-13.06.58:048][697]LogMaterial: Missing cached shader map for material GradientMap_Multi_Example, compiling. 
[2017.12.05-13.06.58:123][697]LeapPluginLog: InterfaceObject: LeapAnimBodyConnector_C_1
[2017.12.05-13.06.58:168][697]LogSlate: Took 0.028357 seconds to synchronously load lazily loaded font '../../../Engine/Content/Editor/Slate/Fonts/Roboto-BoldCondensed.ttf' (158K)
[2017.12.05-13.06.59:036][698]LogSlate: Took 0.025711 seconds to synchronously load lazily loaded font '../../../Engine/Content/Editor/Slate/Fonts/Roboto-Italic.ttf' (157K)
[2017.12.05-13.15.00:146][289]LogSlate: Took 0.000236 seconds to synchronously load lazily loaded font '../../../Engine/Content/Slate/Fonts/Roboto-Light.ttf' (159K)
[2017.12.05-13.15.09:229][316]LogFileHelpers: Editor autosave (incl. sublevels) for '/Game/StarterContent/Maps/Minimal_Default' took 0.070
[2017.12.05-13.15.09:230][316]OBJ SavePackage: Generating thumbnails for [1] asset(s) in package [/Engine/Functions/Engine_MaterialFunctions02/ExampleContent/GradientMap_Multi_Example] ([1] browsable assets)...
[2017.12.05-13.15.09:253][316]OBJ SavePackage:     Rendered thumbnail for [Material /Engine/Functions/Engine_MaterialFunctions02/ExampleContent/GradientMap_Multi_Example.GradientMap_Multi_Example]
[2017.12.05-13.15.09:253][316]OBJ SavePackage: Finished generating thumbnails for package [/Engine/Functions/Engine_MaterialFunctions02/ExampleContent/GradientMap_Multi_Example]
[2017.12.05-13.15.09:286][316]LogSavePackage: Save=17.03ms
[2017.12.05-13.15.09:286][316]LogSavePackage: Moving '../../../../tmp_arvr/LeapMotionSandbox/Saved/GradientMap_Multi_Example_Auto143E719C641DCFCFCC347E4AAB5D081F2.tmp' to '../../../../tmp_arvr/LeapMotionSandbox/Saved/Autosaves/Engine/Functions/Engine_MaterialFunctions02/ExampleContent/GradientMap_Multi_Example_Auto1.uasset'
[2017.12.05-13.15.09:291][316]LogSavePackage: Display: Finished SavePackage ../../../../tmp_arvr/LeapMotionSandbox/Saved/Autosaves/Engine/Functions/Engine_MaterialFunctions02/ExampleContent/GradientMap_Multi_Example_Auto1.uasset
[2017.12.05-13.15.09:291][316]LogFileHelpers: Auto-saving content packages took 0.061
[2017.12.05-13.17.22:612][717]LogAudio: Warning: Current Audio Device with ID {0.0.0.00000000}.{8d70b3b7-cb6f-416d-8510-cbac56e43c60} was removed. Shutting down audio device.
[2017.12.05-13.17.22:804][717]LogInit: XAudio2 using 'Haut-parleurs / écouteurs (Realtek Audio)' : 2 channels at 48 kHz using 32 bits per sample (channel mask 0x3)
[2017.12.05-13.17.23:575][719]LogInit: XAudio2 using 'DELL P2715Q-8 (NVIDIA High Definition Audio)' : 2 channels at 48 kHz using 16 bits per sample (channel mask 0x3)
[2017.12.05-13.17.23:992][720]LogRenderer: Reallocating scene render targets to support 1616x836 Format 10 NumSamples 1 (Frame:20607).
